#
# There is insufficient memory for the Java Runtime Environment to continue.
# Native memory allocation (malloc) failed to allocate 1026896 bytes for Chunk::new
# Possible reasons:
#   The system is out of physical RAM or swap space
#   The process is running with CompressedOops enabled, and the Java Heap may be blocking the growth of the native heap
# Possible solutions:
#   Reduce memory load on the system
#   Increase physical memory or swap space
#   Check if swap backing store is full
#   Decrease Java heap size (-Xmx/-Xms)
#   Decrease number of Java threads
#   Decrease Java thread stack sizes (-Xss)
#   Set larger code cache with -XX:ReservedCodeCacheSize=
#   JVM is running with Unscaled Compressed Oops mode in which the Java heap is
#     placed in the first 4GB address space. The Java Heap base address is the
#     maximum limit for the native heap growth. Please use -XX:HeapBaseMinAddress
#     to set the Java Heap base and to place the Java Heap above 4GB virtual address.
# This output file may be truncated or incomplete.
#
#  Out of Memory Error (arena.cpp:168), pid=21744, tid=21452
#
# JRE version: OpenJDK Runtime Environment (21.0.2+13) (build 21.0.2+13-58)
# Java VM: OpenJDK 64-Bit Server VM (21.0.2+13-58, mixed mode, sharing, tiered, compressed oops, compressed class ptrs, g1 gc, windows-amd64)
# No core dump will be written. Minidumps are not enabled by default on client versions of Windows
#

---------------  S U M M A R Y ------------

Command Line: --add-exports=jdk.compiler/com.sun.tools.javac.util=ALL-UNNAMED --add-opens=java.base/java.util.concurrent.atomic=ALL-UNNAMED -XX:MaxMetaspaceSize=384m -XX:+HeapDumpOnOutOfMemoryError --add-opens=java.base/java.util=ALL-UNNAMED --add-opens=java.base/java.lang=ALL-UNNAMED --add-opens=java.base/java.lang.invoke=ALL-UNNAMED --add-opens=java.prefs/java.util.prefs=ALL-UNNAMED --add-exports=jdk.compiler/com.sun.tools.javac.api=ALL-UNNAMED --add-exports=jdk.compiler/com.sun.tools.javac.util=ALL-UNNAMED --add-opens=java.base/java.nio.charset=ALL-UNNAMED --add-opens=java.base/java.net=ALL-UNNAMED --add-opens=java.base/java.util.concurrent.atomic=ALL-UNNAMED -Xms256m -Xmx512m -Dfile.encoding=windows-1252 -Duser.country=IN -Duser.language=en -Duser.variant -javaagent:C:\Users\kirte\.gradle\wrapper\dists\gradle-8.10.1-bin\e90i968nv55tch01zkse4avv3\gradle-8.10.1\lib\agents\gradle-instrumentation-agent-8.10.1.jar org.gradle.launcher.daemon.bootstrap.GradleDaemon 8.10.1

Host: AMD Ryzen 5 4600H with Radeon Graphics         , 12 cores, 7G,  Windows 11 , 64 bit Build 22621 (10.0.22621.5124)
Time: Tue Apr  8 22:37:50 2025 India Standard Time elapsed time: 15.437041 seconds (0d 0h 0m 15s)

---------------  T H R E A D  ---------------

Current thread (0x0000027f63935eb0):  JavaThread "C2 CompilerThread0" daemon [_thread_in_native, id=21452, stack(0x000000d900700000,0x000000d900800000) (1024K)]


Current CompileTask:
C2:  15437 2737   !   4       java.lang.ClassLoader::loadClass (121 bytes)

Stack: [0x000000d900700000,0x000000d900800000]
Native frames: (J=compiled Java code, j=interpreted, Vv=VM code, C=native code)
V  [jvm.dll+0x6cade9]
V  [jvm.dll+0x8569c1]
V  [jvm.dll+0x858d2e]
V  [jvm.dll+0x859413]
V  [jvm.dll+0x280e56]
V  [jvm.dll+0xc3f3d]
V  [jvm.dll+0xc4473]
V  [jvm.dll+0x2f437f]
V  [jvm.dll+0x5f5056]
V  [jvm.dll+0x252d7f]
V  [jvm.dll+0x25315f]
V  [jvm.dll+0x24b8e0]
V  [jvm.dll+0x2490a3]
V  [jvm.dll+0x1c9634]
V  [jvm.dll+0x258859]
V  [jvm.dll+0x256e3a]
V  [jvm.dll+0x3ef6c6]
V  [jvm.dll+0x7ff568]
V  [jvm.dll+0x6c953d]
C  [ucrtbase.dll+0x29333]
C  [KERNEL32.DLL+0x1259d]
C  [ntdll.dll+0x5af38]


---------------  P R O C E S S  ---------------

Threads class SMR info:
_java_thread_list=0x0000027f7e6960c0, length=25, elements={
0x0000027f466b5560, 0x0000027f63928350, 0x0000027f63928c20, 0x0000027f6392c090,
0x0000027f6392e810, 0x0000027f63934ea0, 0x0000027f63935510, 0x0000027f63935eb0,
0x0000027f63939cc0, 0x0000027f63b568a0, 0x0000027f63d40960, 0x0000027f63c652c0,
0x0000027f7e493080, 0x0000027f63cadcc0, 0x0000027f7e623af0, 0x0000027f7e4669c0,
0x0000027f7e041b80, 0x0000027f7e040140, 0x0000027f7e03ed90, 0x0000027f7e040e60,
0x0000027f7e03f420, 0x0000027f7e03e700, 0x0000027f7e03fab0, 0x0000027f7e0407d0,
0x0000027f7e0414f0
}

Java Threads: ( => current thread )
  0x0000027f466b5560 JavaThread "main"                              [_thread_blocked, id=28464, stack(0x000000d97f900000,0x000000d97fa00000) (1024K)]
  0x0000027f63928350 JavaThread "Reference Handler"          daemon [_thread_blocked, id=25844, stack(0x000000d900100000,0x000000d900200000) (1024K)]
  0x0000027f63928c20 JavaThread "Finalizer"                  daemon [_thread_blocked, id=29176, stack(0x000000d900200000,0x000000d900300000) (1024K)]
  0x0000027f6392c090 JavaThread "Signal Dispatcher"          daemon [_thread_blocked, id=30364, stack(0x000000d900300000,0x000000d900400000) (1024K)]
  0x0000027f6392e810 JavaThread "Attach Listener"            daemon [_thread_blocked, id=27796, stack(0x000000d900400000,0x000000d900500000) (1024K)]
  0x0000027f63934ea0 JavaThread "Service Thread"             daemon [_thread_blocked, id=5628, stack(0x000000d900500000,0x000000d900600000) (1024K)]
  0x0000027f63935510 JavaThread "Monitor Deflation Thread"   daemon [_thread_blocked, id=27368, stack(0x000000d900600000,0x000000d900700000) (1024K)]
=>0x0000027f63935eb0 JavaThread "C2 CompilerThread0"         daemon [_thread_in_native, id=21452, stack(0x000000d900700000,0x000000d900800000) (1024K)]
  0x0000027f63939cc0 JavaThread "C1 CompilerThread0"         daemon [_thread_blocked, id=7652, stack(0x000000d900800000,0x000000d900900000) (1024K)]
  0x0000027f63b568a0 JavaThread "Common-Cleaner"             daemon [_thread_blocked, id=21984, stack(0x000000d900900000,0x000000d900a00000) (1024K)]
  0x0000027f63d40960 JavaThread "Notification Thread"        daemon [_thread_blocked, id=26532, stack(0x000000d900a00000,0x000000d900b00000) (1024K)]
  0x0000027f63c652c0 JavaThread "Daemon health stats"               [_thread_blocked, id=23068, stack(0x000000d901100000,0x000000d901200000) (1024K)]
  0x0000027f7e493080 JavaThread "Incoming local TCP Connector on port 50309"        [_thread_in_native, id=10176, stack(0x000000d901200000,0x000000d901300000) (1024K)]
  0x0000027f63cadcc0 JavaThread "Daemon periodic checks"            [_thread_blocked, id=24904, stack(0x000000d901300000,0x000000d901400000) (1024K)]
  0x0000027f7e623af0 JavaThread "Daemon"                            [_thread_blocked, id=15768, stack(0x000000d901400000,0x000000d901500000) (1024K)]
  0x0000027f7e4669c0 JavaThread "Handler for socket connection from /127.0.0.1:50309 to /127.0.0.1:50320"        [_thread_in_native, id=30004, stack(0x000000d901500000,0x000000d901600000) (1024K)]
  0x0000027f7e041b80 JavaThread "Cancel handler"                    [_thread_blocked, id=11904, stack(0x000000d901600000,0x000000d901700000) (1024K)]
  0x0000027f7e040140 JavaThread "Daemon worker"                     [_thread_blocked, id=25848, stack(0x000000d901700000,0x000000d901800000) (1024K)]
  0x0000027f7e03ed90 JavaThread "Asynchronous log dispatcher for DefaultDaemonConnection: socket connection from /127.0.0.1:50309 to /127.0.0.1:50320"        [_thread_blocked, id=25412, stack(0x000000d901800000,0x000000d901900000) (1024K)]
  0x0000027f7e040e60 JavaThread "Stdin handler"                     [_thread_blocked, id=9288, stack(0x000000d901900000,0x000000d901a00000) (1024K)]
  0x0000027f7e03f420 JavaThread "Daemon client event forwarder"        [_thread_blocked, id=29588, stack(0x000000d901a00000,0x000000d901b00000) (1024K)]
  0x0000027f7e03e700 JavaThread "Cache worker for journal cache (C:\Users\kirte\.gradle\caches\journal-1)"        [_thread_blocked, id=24484, stack(0x000000d901b00000,0x000000d901c00000) (1024K)]
  0x0000027f7e03fab0 JavaThread "File lock request listener"        [_thread_in_native, id=24528, stack(0x000000d901c00000,0x000000d901d00000) (1024K)]
  0x0000027f7e0407d0 JavaThread "File lock release action executor"        [_thread_blocked, id=18116, stack(0x000000d901d00000,0x000000d901e00000) (1024K)]
  0x0000027f7e0414f0 JavaThread "Cache worker for file hash cache (C:\Users\kirte\.gradle\caches\8.10.1\fileHashes)"        [_thread_blocked, id=26596, stack(0x000000d901e00000,0x000000d901f00000) (1024K)]
Total: 25

Other Threads:
  0x0000027f6390b2a0 VMThread "VM Thread"                           [id=25184, stack(0x000000d900000000,0x000000d900100000) (1024K)]
  0x0000027f638f3e80 WatcherThread "VM Periodic Task Thread"        [id=5424, stack(0x000000d97ff00000,0x000000d980000000) (1024K)]
  0x0000027f48904260 WorkerThread "GC Thread#0"                     [id=1700, stack(0x000000d97fa00000,0x000000d97fb00000) (1024K)]
  0x0000027f6390af00 WorkerThread "GC Thread#1"                     [id=16224, stack(0x000000d900b00000,0x000000d900c00000) (1024K)]
  0x0000027f6390c120 WorkerThread "GC Thread#2"                     [id=15752, stack(0x000000d900c00000,0x000000d900d00000) (1024K)]
  0x0000027f6390b640 WorkerThread "GC Thread#3"                     [id=756, stack(0x000000d900d00000,0x000000d900e00000) (1024K)]
  0x0000027f6390b9e0 WorkerThread "GC Thread#4"                     [id=22320, stack(0x000000d900e00000,0x000000d900f00000) (1024K)]
  0x0000027f6390bd80 WorkerThread "GC Thread#5"                     [id=22628, stack(0x000000d900f00000,0x000000d901000000) (1024K)]
  0x0000027f7e18ef80 WorkerThread "GC Thread#6"                     [id=26732, stack(0x000000d901000000,0x000000d901100000) (1024K)]
  0x0000027f48909240 ConcurrentGCThread "G1 Main Marker"            [id=25404, stack(0x000000d97fb00000,0x000000d97fc00000) (1024K)]
  0x0000027f4890a690 WorkerThread "G1 Conc#0"                       [id=3732, stack(0x000000d97fc00000,0x000000d97fd00000) (1024K)]
  0x0000027f4899e550 ConcurrentGCThread "G1 Refine#0"               [id=13252, stack(0x000000d97fd00000,0x000000d97fe00000) (1024K)]
  0x0000027f637c5190 ConcurrentGCThread "G1 Service"                [id=15524, stack(0x000000d97fe00000,0x000000d97ff00000) (1024K)]
Total: 13

Threads with active compile tasks:
C2 CompilerThread0    15481 2737   !   4       java.lang.ClassLoader::loadClass (121 bytes)
Total: 1

VM state: not at safepoint (normal execution)

VM Mutex/Monitor currently owned by a thread: None

Heap address: 0x00000000e0000000, size: 512 MB, Compressed Oops mode: 32-bit

CDS archive(s) mapped at: [0x0000027f64000000-0x0000027f64c90000-0x0000027f64c90000), size 13172736, SharedBaseAddress: 0x0000027f64000000, ArchiveRelocationMode: 1.
Compressed class space mapped at: 0x0000027f65000000-0x0000027f79000000, reserved size: 335544320
Narrow klass base: 0x0000027f64000000, Narrow klass shift: 0, Narrow klass range: 0x100000000

GC Precious Log:
 CardTable entry size: 512
 Card Set container configuration: InlinePtr #cards 5 size 8 Array Of Cards #cards 12 size 40 Howl #buckets 4 coarsen threshold 1843 Howl Bitmap #cards 512 size 80 coarsen threshold 460 Card regions per heap region 1 cards per card region 2048
 CPUs: 12 total, 12 available
 Memory: 7549M
 Large Page Support: Disabled
 NUMA Support: Disabled
 Compressed Oops: Enabled (32-bit)
 Heap Region Size: 1M
 Heap Min Capacity: 256M
 Heap Initial Capacity: 256M
 Heap Max Capacity: 512M
 Pre-touch: Disabled
 Parallel Workers: 10
 Concurrent Workers: 3
 Concurrent Refinement Workers: 10
 Periodic GC: Disabled

Heap:
 garbage-first heap   total 262144K, used 63838K [0x00000000e0000000, 0x0000000100000000)
  region size 1024K, 52 young (53248K), 6 survivors (6144K)
 Metaspace       used 15658K, committed 16064K, reserved 393216K
  class space    used 2099K, committed 2304K, reserved 327680K

Heap Regions: E=young(eden), S=young(survivor), O=old, HS=humongous(starts), HC=humongous(continues), CS=collection set, F=free, TAMS=top-at-mark-start, PB=parsable bottom
|   0|0x00000000e0000000, 0x00000000e0100000, 0x00000000e0100000|100%| O|  |TAMS 0x00000000e0000000| PB 0x00000000e0000000| Untracked 
|   1|0x00000000e0100000, 0x00000000e0200000, 0x00000000e0200000|100%| O|  |TAMS 0x00000000e0100000| PB 0x00000000e0100000| Untracked 
|   2|0x00000000e0200000, 0x00000000e0300000, 0x00000000e0300000|100%|HS|  |TAMS 0x00000000e0200000| PB 0x00000000e0200000| Complete 
|   3|0x00000000e0300000, 0x00000000e0400000, 0x00000000e0400000|100%|HC|  |TAMS 0x00000000e0300000| PB 0x00000000e0300000| Complete 
|   4|0x00000000e0400000, 0x00000000e0500000, 0x00000000e0500000|100%|HC|  |TAMS 0x00000000e0400000| PB 0x00000000e0400000| Complete 
|   5|0x00000000e0500000, 0x00000000e0600000, 0x00000000e0600000|100%|HC|  |TAMS 0x00000000e0500000| PB 0x00000000e0500000| Complete 
|   6|0x00000000e0600000, 0x00000000e0700000, 0x00000000e0700000|100%| O|  |TAMS 0x00000000e0600000| PB 0x00000000e0600000| Untracked 
|   7|0x00000000e0700000, 0x00000000e0800000, 0x00000000e0800000|100%| O|  |TAMS 0x00000000e0700000| PB 0x00000000e0700000| Untracked 
|   8|0x00000000e0800000, 0x00000000e0900000, 0x00000000e0900000|100%| O|  |TAMS 0x00000000e0800000| PB 0x00000000e0800000| Untracked 
|   9|0x00000000e0900000, 0x00000000e0a00000, 0x00000000e0a00000|100%|HS|  |TAMS 0x00000000e0900000| PB 0x00000000e0900000| Complete 
|  10|0x00000000e0a00000, 0x00000000e0a00000, 0x00000000e0b00000|  0%| F|  |TAMS 0x00000000e0a00000| PB 0x00000000e0a00000| Untracked 
|  11|0x00000000e0b00000, 0x00000000e0c00000, 0x00000000e0c00000|100%| O|  |TAMS 0x00000000e0b00000| PB 0x00000000e0b00000| Untracked 
|  12|0x00000000e0c00000, 0x00000000e0c57be0, 0x00000000e0d00000| 34%| O|  |TAMS 0x00000000e0c00000| PB 0x00000000e0c00000| Untracked 
|  13|0x00000000e0d00000, 0x00000000e0d00000, 0x00000000e0e00000|  0%| F|  |TAMS 0x00000000e0d00000| PB 0x00000000e0d00000| Untracked 
|  14|0x00000000e0e00000, 0x00000000e0e00000, 0x00000000e0f00000|  0%| F|  |TAMS 0x00000000e0e00000| PB 0x00000000e0e00000| Untracked 
|  15|0x00000000e0f00000, 0x00000000e0f00000, 0x00000000e1000000|  0%| F|  |TAMS 0x00000000e0f00000| PB 0x00000000e0f00000| Untracked 
|  16|0x00000000e1000000, 0x00000000e1000000, 0x00000000e1100000|  0%| F|  |TAMS 0x00000000e1000000| PB 0x00000000e1000000| Untracked 
|  17|0x00000000e1100000, 0x00000000e1100000, 0x00000000e1200000|  0%| F|  |TAMS 0x00000000e1100000| PB 0x00000000e1100000| Untracked 
|  18|0x00000000e1200000, 0x00000000e1200000, 0x00000000e1300000|  0%| F|  |TAMS 0x00000000e1200000| PB 0x00000000e1200000| Untracked 
|  19|0x00000000e1300000, 0x00000000e1300000, 0x00000000e1400000|  0%| F|  |TAMS 0x00000000e1300000| PB 0x00000000e1300000| Untracked 
|  20|0x00000000e1400000, 0x00000000e1400000, 0x00000000e1500000|  0%| F|  |TAMS 0x00000000e1400000| PB 0x00000000e1400000| Untracked 
|  21|0x00000000e1500000, 0x00000000e1500000, 0x00000000e1600000|  0%| F|  |TAMS 0x00000000e1500000| PB 0x00000000e1500000| Untracked 
|  22|0x00000000e1600000, 0x00000000e1600000, 0x00000000e1700000|  0%| F|  |TAMS 0x00000000e1600000| PB 0x00000000e1600000| Untracked 
|  23|0x00000000e1700000, 0x00000000e1700000, 0x00000000e1800000|  0%| F|  |TAMS 0x00000000e1700000| PB 0x00000000e1700000| Untracked 
|  24|0x00000000e1800000, 0x00000000e1800000, 0x00000000e1900000|  0%| F|  |TAMS 0x00000000e1800000| PB 0x00000000e1800000| Untracked 
|  25|0x00000000e1900000, 0x00000000e1900000, 0x00000000e1a00000|  0%| F|  |TAMS 0x00000000e1900000| PB 0x00000000e1900000| Untracked 
|  26|0x00000000e1a00000, 0x00000000e1a00000, 0x00000000e1b00000|  0%| F|  |TAMS 0x00000000e1a00000| PB 0x00000000e1a00000| Untracked 
|  27|0x00000000e1b00000, 0x00000000e1b00000, 0x00000000e1c00000|  0%| F|  |TAMS 0x00000000e1b00000| PB 0x00000000e1b00000| Untracked 
|  28|0x00000000e1c00000, 0x00000000e1c00000, 0x00000000e1d00000|  0%| F|  |TAMS 0x00000000e1c00000| PB 0x00000000e1c00000| Untracked 
|  29|0x00000000e1d00000, 0x00000000e1d00000, 0x00000000e1e00000|  0%| F|  |TAMS 0x00000000e1d00000| PB 0x00000000e1d00000| Untracked 
|  30|0x00000000e1e00000, 0x00000000e1e00000, 0x00000000e1f00000|  0%| F|  |TAMS 0x00000000e1e00000| PB 0x00000000e1e00000| Untracked 
|  31|0x00000000e1f00000, 0x00000000e1f00000, 0x00000000e2000000|  0%| F|  |TAMS 0x00000000e1f00000| PB 0x00000000e1f00000| Untracked 
|  32|0x00000000e2000000, 0x00000000e2000000, 0x00000000e2100000|  0%| F|  |TAMS 0x00000000e2000000| PB 0x00000000e2000000| Untracked 
|  33|0x00000000e2100000, 0x00000000e2100000, 0x00000000e2200000|  0%| F|  |TAMS 0x00000000e2100000| PB 0x00000000e2100000| Untracked 
|  34|0x00000000e2200000, 0x00000000e2200000, 0x00000000e2300000|  0%| F|  |TAMS 0x00000000e2200000| PB 0x00000000e2200000| Untracked 
|  35|0x00000000e2300000, 0x00000000e2300000, 0x00000000e2400000|  0%| F|  |TAMS 0x00000000e2300000| PB 0x00000000e2300000| Untracked 
|  36|0x00000000e2400000, 0x00000000e2400000, 0x00000000e2500000|  0%| F|  |TAMS 0x00000000e2400000| PB 0x00000000e2400000| Untracked 
|  37|0x00000000e2500000, 0x00000000e2500000, 0x00000000e2600000|  0%| F|  |TAMS 0x00000000e2500000| PB 0x00000000e2500000| Untracked 
|  38|0x00000000e2600000, 0x00000000e2600000, 0x00000000e2700000|  0%| F|  |TAMS 0x00000000e2600000| PB 0x00000000e2600000| Untracked 
|  39|0x00000000e2700000, 0x00000000e2700000, 0x00000000e2800000|  0%| F|  |TAMS 0x00000000e2700000| PB 0x00000000e2700000| Untracked 
|  40|0x00000000e2800000, 0x00000000e2800000, 0x00000000e2900000|  0%| F|  |TAMS 0x00000000e2800000| PB 0x00000000e2800000| Untracked 
|  41|0x00000000e2900000, 0x00000000e2900000, 0x00000000e2a00000|  0%| F|  |TAMS 0x00000000e2900000| PB 0x00000000e2900000| Untracked 
|  42|0x00000000e2a00000, 0x00000000e2a00000, 0x00000000e2b00000|  0%| F|  |TAMS 0x00000000e2a00000| PB 0x00000000e2a00000| Untracked 
|  43|0x00000000e2b00000, 0x00000000e2b00000, 0x00000000e2c00000|  0%| F|  |TAMS 0x00000000e2b00000| PB 0x00000000e2b00000| Untracked 
|  44|0x00000000e2c00000, 0x00000000e2c00000, 0x00000000e2d00000|  0%| F|  |TAMS 0x00000000e2c00000| PB 0x00000000e2c00000| Untracked 
|  45|0x00000000e2d00000, 0x00000000e2d00000, 0x00000000e2e00000|  0%| F|  |TAMS 0x00000000e2d00000| PB 0x00000000e2d00000| Untracked 
|  46|0x00000000e2e00000, 0x00000000e2e00000, 0x00000000e2f00000|  0%| F|  |TAMS 0x00000000e2e00000| PB 0x00000000e2e00000| Untracked 
|  47|0x00000000e2f00000, 0x00000000e2f00000, 0x00000000e3000000|  0%| F|  |TAMS 0x00000000e2f00000| PB 0x00000000e2f00000| Untracked 
|  48|0x00000000e3000000, 0x00000000e3000000, 0x00000000e3100000|  0%| F|  |TAMS 0x00000000e3000000| PB 0x00000000e3000000| Untracked 
|  49|0x00000000e3100000, 0x00000000e3100000, 0x00000000e3200000|  0%| F|  |TAMS 0x00000000e3100000| PB 0x00000000e3100000| Untracked 
|  50|0x00000000e3200000, 0x00000000e3200000, 0x00000000e3300000|  0%| F|  |TAMS 0x00000000e3200000| PB 0x00000000e3200000| Untracked 
|  51|0x00000000e3300000, 0x00000000e3300000, 0x00000000e3400000|  0%| F|  |TAMS 0x00000000e3300000| PB 0x00000000e3300000| Untracked 
|  52|0x00000000e3400000, 0x00000000e3400000, 0x00000000e3500000|  0%| F|  |TAMS 0x00000000e3400000| PB 0x00000000e3400000| Untracked 
|  53|0x00000000e3500000, 0x00000000e3500000, 0x00000000e3600000|  0%| F|  |TAMS 0x00000000e3500000| PB 0x00000000e3500000| Untracked 
|  54|0x00000000e3600000, 0x00000000e3600000, 0x00000000e3700000|  0%| F|  |TAMS 0x00000000e3600000| PB 0x00000000e3600000| Untracked 
|  55|0x00000000e3700000, 0x00000000e3700000, 0x00000000e3800000|  0%| F|  |TAMS 0x00000000e3700000| PB 0x00000000e3700000| Untracked 
|  56|0x00000000e3800000, 0x00000000e3800000, 0x00000000e3900000|  0%| F|  |TAMS 0x00000000e3800000| PB 0x00000000e3800000| Untracked 
|  57|0x00000000e3900000, 0x00000000e3900000, 0x00000000e3a00000|  0%| F|  |TAMS 0x00000000e3900000| PB 0x00000000e3900000| Untracked 
|  58|0x00000000e3a00000, 0x00000000e3a00000, 0x00000000e3b00000|  0%| F|  |TAMS 0x00000000e3a00000| PB 0x00000000e3a00000| Untracked 
|  59|0x00000000e3b00000, 0x00000000e3b00000, 0x00000000e3c00000|  0%| F|  |TAMS 0x00000000e3b00000| PB 0x00000000e3b00000| Untracked 
|  60|0x00000000e3c00000, 0x00000000e3c00000, 0x00000000e3d00000|  0%| F|  |TAMS 0x00000000e3c00000| PB 0x00000000e3c00000| Untracked 
|  61|0x00000000e3d00000, 0x00000000e3d00000, 0x00000000e3e00000|  0%| F|  |TAMS 0x00000000e3d00000| PB 0x00000000e3d00000| Untracked 
|  62|0x00000000e3e00000, 0x00000000e3e00000, 0x00000000e3f00000|  0%| F|  |TAMS 0x00000000e3e00000| PB 0x00000000e3e00000| Untracked 
|  63|0x00000000e3f00000, 0x00000000e3f00000, 0x00000000e4000000|  0%| F|  |TAMS 0x00000000e3f00000| PB 0x00000000e3f00000| Untracked 
|  64|0x00000000e4000000, 0x00000000e4000000, 0x00000000e4100000|  0%| F|  |TAMS 0x00000000e4000000| PB 0x00000000e4000000| Untracked 
|  65|0x00000000e4100000, 0x00000000e4100000, 0x00000000e4200000|  0%| F|  |TAMS 0x00000000e4100000| PB 0x00000000e4100000| Untracked 
|  66|0x00000000e4200000, 0x00000000e4200000, 0x00000000e4300000|  0%| F|  |TAMS 0x00000000e4200000| PB 0x00000000e4200000| Untracked 
|  67|0x00000000e4300000, 0x00000000e4300000, 0x00000000e4400000|  0%| F|  |TAMS 0x00000000e4300000| PB 0x00000000e4300000| Untracked 
|  68|0x00000000e4400000, 0x00000000e4400000, 0x00000000e4500000|  0%| F|  |TAMS 0x00000000e4400000| PB 0x00000000e4400000| Untracked 
|  69|0x00000000e4500000, 0x00000000e4500000, 0x00000000e4600000|  0%| F|  |TAMS 0x00000000e4500000| PB 0x00000000e4500000| Untracked 
|  70|0x00000000e4600000, 0x00000000e4600000, 0x00000000e4700000|  0%| F|  |TAMS 0x00000000e4600000| PB 0x00000000e4600000| Untracked 
|  71|0x00000000e4700000, 0x00000000e4700000, 0x00000000e4800000|  0%| F|  |TAMS 0x00000000e4700000| PB 0x00000000e4700000| Untracked 
|  72|0x00000000e4800000, 0x00000000e4800000, 0x00000000e4900000|  0%| F|  |TAMS 0x00000000e4800000| PB 0x00000000e4800000| Untracked 
|  73|0x00000000e4900000, 0x00000000e4900000, 0x00000000e4a00000|  0%| F|  |TAMS 0x00000000e4900000| PB 0x00000000e4900000| Untracked 
|  74|0x00000000e4a00000, 0x00000000e4a00000, 0x00000000e4b00000|  0%| F|  |TAMS 0x00000000e4a00000| PB 0x00000000e4a00000| Untracked 
|  75|0x00000000e4b00000, 0x00000000e4b00000, 0x00000000e4c00000|  0%| F|  |TAMS 0x00000000e4b00000| PB 0x00000000e4b00000| Untracked 
|  76|0x00000000e4c00000, 0x00000000e4c00000, 0x00000000e4d00000|  0%| F|  |TAMS 0x00000000e4c00000| PB 0x00000000e4c00000| Untracked 
|  77|0x00000000e4d00000, 0x00000000e4d00000, 0x00000000e4e00000|  0%| F|  |TAMS 0x00000000e4d00000| PB 0x00000000e4d00000| Untracked 
|  78|0x00000000e4e00000, 0x00000000e4e00000, 0x00000000e4f00000|  0%| F|  |TAMS 0x00000000e4e00000| PB 0x00000000e4e00000| Untracked 
|  79|0x00000000e4f00000, 0x00000000e4f00000, 0x00000000e5000000|  0%| F|  |TAMS 0x00000000e4f00000| PB 0x00000000e4f00000| Untracked 
|  80|0x00000000e5000000, 0x00000000e5000000, 0x00000000e5100000|  0%| F|  |TAMS 0x00000000e5000000| PB 0x00000000e5000000| Untracked 
|  81|0x00000000e5100000, 0x00000000e5100000, 0x00000000e5200000|  0%| F|  |TAMS 0x00000000e5100000| PB 0x00000000e5100000| Untracked 
|  82|0x00000000e5200000, 0x00000000e5200000, 0x00000000e5300000|  0%| F|  |TAMS 0x00000000e5200000| PB 0x00000000e5200000| Untracked 
|  83|0x00000000e5300000, 0x00000000e5300000, 0x00000000e5400000|  0%| F|  |TAMS 0x00000000e5300000| PB 0x00000000e5300000| Untracked 
|  84|0x00000000e5400000, 0x00000000e5400000, 0x00000000e5500000|  0%| F|  |TAMS 0x00000000e5400000| PB 0x00000000e5400000| Untracked 
|  85|0x00000000e5500000, 0x00000000e5500000, 0x00000000e5600000|  0%| F|  |TAMS 0x00000000e5500000| PB 0x00000000e5500000| Untracked 
|  86|0x00000000e5600000, 0x00000000e5600000, 0x00000000e5700000|  0%| F|  |TAMS 0x00000000e5600000| PB 0x00000000e5600000| Untracked 
|  87|0x00000000e5700000, 0x00000000e5700000, 0x00000000e5800000|  0%| F|  |TAMS 0x00000000e5700000| PB 0x00000000e5700000| Untracked 
|  88|0x00000000e5800000, 0x00000000e5800000, 0x00000000e5900000|  0%| F|  |TAMS 0x00000000e5800000| PB 0x00000000e5800000| Untracked 
|  89|0x00000000e5900000, 0x00000000e5900000, 0x00000000e5a00000|  0%| F|  |TAMS 0x00000000e5900000| PB 0x00000000e5900000| Untracked 
|  90|0x00000000e5a00000, 0x00000000e5a00000, 0x00000000e5b00000|  0%| F|  |TAMS 0x00000000e5a00000| PB 0x00000000e5a00000| Untracked 
|  91|0x00000000e5b00000, 0x00000000e5b00000, 0x00000000e5c00000|  0%| F|  |TAMS 0x00000000e5b00000| PB 0x00000000e5b00000| Untracked 
|  92|0x00000000e5c00000, 0x00000000e5c00000, 0x00000000e5d00000|  0%| F|  |TAMS 0x00000000e5c00000| PB 0x00000000e5c00000| Untracked 
|  93|0x00000000e5d00000, 0x00000000e5d00000, 0x00000000e5e00000|  0%| F|  |TAMS 0x00000000e5d00000| PB 0x00000000e5d00000| Untracked 
|  94|0x00000000e5e00000, 0x00000000e5e00000, 0x00000000e5f00000|  0%| F|  |TAMS 0x00000000e5e00000| PB 0x00000000e5e00000| Untracked 
|  95|0x00000000e5f00000, 0x00000000e5f00000, 0x00000000e6000000|  0%| F|  |TAMS 0x00000000e5f00000| PB 0x00000000e5f00000| Untracked 
|  96|0x00000000e6000000, 0x00000000e6000000, 0x00000000e6100000|  0%| F|  |TAMS 0x00000000e6000000| PB 0x00000000e6000000| Untracked 
|  97|0x00000000e6100000, 0x00000000e6100000, 0x00000000e6200000|  0%| F|  |TAMS 0x00000000e6100000| PB 0x00000000e6100000| Untracked 
|  98|0x00000000e6200000, 0x00000000e6200000, 0x00000000e6300000|  0%| F|  |TAMS 0x00000000e6200000| PB 0x00000000e6200000| Untracked 
|  99|0x00000000e6300000, 0x00000000e6300000, 0x00000000e6400000|  0%| F|  |TAMS 0x00000000e6300000| PB 0x00000000e6300000| Untracked 
| 100|0x00000000e6400000, 0x00000000e6400000, 0x00000000e6500000|  0%| F|  |TAMS 0x00000000e6400000| PB 0x00000000e6400000| Untracked 
| 101|0x00000000e6500000, 0x00000000e6500000, 0x00000000e6600000|  0%| F|  |TAMS 0x00000000e6500000| PB 0x00000000e6500000| Untracked 
| 102|0x00000000e6600000, 0x00000000e6600000, 0x00000000e6700000|  0%| F|  |TAMS 0x00000000e6600000| PB 0x00000000e6600000| Untracked 
| 103|0x00000000e6700000, 0x00000000e6700000, 0x00000000e6800000|  0%| F|  |TAMS 0x00000000e6700000| PB 0x00000000e6700000| Untracked 
| 104|0x00000000e6800000, 0x00000000e6800000, 0x00000000e6900000|  0%| F|  |TAMS 0x00000000e6800000| PB 0x00000000e6800000| Untracked 
| 105|0x00000000e6900000, 0x00000000e6900000, 0x00000000e6a00000|  0%| F|  |TAMS 0x00000000e6900000| PB 0x00000000e6900000| Untracked 
| 106|0x00000000e6a00000, 0x00000000e6a00000, 0x00000000e6b00000|  0%| F|  |TAMS 0x00000000e6a00000| PB 0x00000000e6a00000| Untracked 
| 107|0x00000000e6b00000, 0x00000000e6b00000, 0x00000000e6c00000|  0%| F|  |TAMS 0x00000000e6b00000| PB 0x00000000e6b00000| Untracked 
| 108|0x00000000e6c00000, 0x00000000e6c00000, 0x00000000e6d00000|  0%| F|  |TAMS 0x00000000e6c00000| PB 0x00000000e6c00000| Untracked 
| 109|0x00000000e6d00000, 0x00000000e6d00000, 0x00000000e6e00000|  0%| F|  |TAMS 0x00000000e6d00000| PB 0x00000000e6d00000| Untracked 
| 110|0x00000000e6e00000, 0x00000000e6e00000, 0x00000000e6f00000|  0%| F|  |TAMS 0x00000000e6e00000| PB 0x00000000e6e00000| Untracked 
| 111|0x00000000e6f00000, 0x00000000e6f00000, 0x00000000e7000000|  0%| F|  |TAMS 0x00000000e6f00000| PB 0x00000000e6f00000| Untracked 
| 112|0x00000000e7000000, 0x00000000e7000000, 0x00000000e7100000|  0%| F|  |TAMS 0x00000000e7000000| PB 0x00000000e7000000| Untracked 
| 113|0x00000000e7100000, 0x00000000e7100000, 0x00000000e7200000|  0%| F|  |TAMS 0x00000000e7100000| PB 0x00000000e7100000| Untracked 
| 114|0x00000000e7200000, 0x00000000e7200000, 0x00000000e7300000|  0%| F|  |TAMS 0x00000000e7200000| PB 0x00000000e7200000| Untracked 
| 115|0x00000000e7300000, 0x00000000e7300000, 0x00000000e7400000|  0%| F|  |TAMS 0x00000000e7300000| PB 0x00000000e7300000| Untracked 
| 116|0x00000000e7400000, 0x00000000e7400000, 0x00000000e7500000|  0%| F|  |TAMS 0x00000000e7400000| PB 0x00000000e7400000| Untracked 
| 117|0x00000000e7500000, 0x00000000e7500000, 0x00000000e7600000|  0%| F|  |TAMS 0x00000000e7500000| PB 0x00000000e7500000| Untracked 
| 118|0x00000000e7600000, 0x00000000e7600000, 0x00000000e7700000|  0%| F|  |TAMS 0x00000000e7600000| PB 0x00000000e7600000| Untracked 
| 119|0x00000000e7700000, 0x00000000e7700000, 0x00000000e7800000|  0%| F|  |TAMS 0x00000000e7700000| PB 0x00000000e7700000| Untracked 
| 120|0x00000000e7800000, 0x00000000e7800000, 0x00000000e7900000|  0%| F|  |TAMS 0x00000000e7800000| PB 0x00000000e7800000| Untracked 
| 121|0x00000000e7900000, 0x00000000e7900000, 0x00000000e7a00000|  0%| F|  |TAMS 0x00000000e7900000| PB 0x00000000e7900000| Untracked 
| 122|0x00000000e7a00000, 0x00000000e7a00000, 0x00000000e7b00000|  0%| F|  |TAMS 0x00000000e7a00000| PB 0x00000000e7a00000| Untracked 
| 123|0x00000000e7b00000, 0x00000000e7b00000, 0x00000000e7c00000|  0%| F|  |TAMS 0x00000000e7b00000| PB 0x00000000e7b00000| Untracked 
| 124|0x00000000e7c00000, 0x00000000e7c00000, 0x00000000e7d00000|  0%| F|  |TAMS 0x00000000e7c00000| PB 0x00000000e7c00000| Untracked 
| 125|0x00000000e7d00000, 0x00000000e7d00000, 0x00000000e7e00000|  0%| F|  |TAMS 0x00000000e7d00000| PB 0x00000000e7d00000| Untracked 
| 126|0x00000000e7e00000, 0x00000000e7e00000, 0x00000000e7f00000|  0%| F|  |TAMS 0x00000000e7e00000| PB 0x00000000e7e00000| Untracked 
| 127|0x00000000e7f00000, 0x00000000e7f00000, 0x00000000e8000000|  0%| F|  |TAMS 0x00000000e7f00000| PB 0x00000000e7f00000| Untracked 
| 128|0x00000000e8000000, 0x00000000e8000000, 0x00000000e8100000|  0%| F|  |TAMS 0x00000000e8000000| PB 0x00000000e8000000| Untracked 
| 129|0x00000000e8100000, 0x00000000e8100000, 0x00000000e8200000|  0%| F|  |TAMS 0x00000000e8100000| PB 0x00000000e8100000| Untracked 
| 130|0x00000000e8200000, 0x00000000e8200000, 0x00000000e8300000|  0%| F|  |TAMS 0x00000000e8200000| PB 0x00000000e8200000| Untracked 
| 131|0x00000000e8300000, 0x00000000e8300000, 0x00000000e8400000|  0%| F|  |TAMS 0x00000000e8300000| PB 0x00000000e8300000| Untracked 
| 132|0x00000000e8400000, 0x00000000e8400000, 0x00000000e8500000|  0%| F|  |TAMS 0x00000000e8400000| PB 0x00000000e8400000| Untracked 
| 133|0x00000000e8500000, 0x00000000e8500000, 0x00000000e8600000|  0%| F|  |TAMS 0x00000000e8500000| PB 0x00000000e8500000| Untracked 
| 134|0x00000000e8600000, 0x00000000e8600000, 0x00000000e8700000|  0%| F|  |TAMS 0x00000000e8600000| PB 0x00000000e8600000| Untracked 
| 135|0x00000000e8700000, 0x00000000e8700000, 0x00000000e8800000|  0%| F|  |TAMS 0x00000000e8700000| PB 0x00000000e8700000| Untracked 
| 136|0x00000000e8800000, 0x00000000e8800000, 0x00000000e8900000|  0%| F|  |TAMS 0x00000000e8800000| PB 0x00000000e8800000| Untracked 
| 137|0x00000000e8900000, 0x00000000e8900000, 0x00000000e8a00000|  0%| F|  |TAMS 0x00000000e8900000| PB 0x00000000e8900000| Untracked 
| 138|0x00000000e8a00000, 0x00000000e8a00000, 0x00000000e8b00000|  0%| F|  |TAMS 0x00000000e8a00000| PB 0x00000000e8a00000| Untracked 
| 139|0x00000000e8b00000, 0x00000000e8b00000, 0x00000000e8c00000|  0%| F|  |TAMS 0x00000000e8b00000| PB 0x00000000e8b00000| Untracked 
| 140|0x00000000e8c00000, 0x00000000e8c00000, 0x00000000e8d00000|  0%| F|  |TAMS 0x00000000e8c00000| PB 0x00000000e8c00000| Untracked 
| 141|0x00000000e8d00000, 0x00000000e8d00000, 0x00000000e8e00000|  0%| F|  |TAMS 0x00000000e8d00000| PB 0x00000000e8d00000| Untracked 
| 142|0x00000000e8e00000, 0x00000000e8e00000, 0x00000000e8f00000|  0%| F|  |TAMS 0x00000000e8e00000| PB 0x00000000e8e00000| Untracked 
| 143|0x00000000e8f00000, 0x00000000e8f00000, 0x00000000e9000000|  0%| F|  |TAMS 0x00000000e8f00000| PB 0x00000000e8f00000| Untracked 
| 144|0x00000000e9000000, 0x00000000e9000000, 0x00000000e9100000|  0%| F|  |TAMS 0x00000000e9000000| PB 0x00000000e9000000| Untracked 
| 145|0x00000000e9100000, 0x00000000e9100000, 0x00000000e9200000|  0%| F|  |TAMS 0x00000000e9100000| PB 0x00000000e9100000| Untracked 
| 146|0x00000000e9200000, 0x00000000e9200000, 0x00000000e9300000|  0%| F|  |TAMS 0x00000000e9200000| PB 0x00000000e9200000| Untracked 
| 147|0x00000000e9300000, 0x00000000e9300000, 0x00000000e9400000|  0%| F|  |TAMS 0x00000000e9300000| PB 0x00000000e9300000| Untracked 
| 148|0x00000000e9400000, 0x00000000e9400000, 0x00000000e9500000|  0%| F|  |TAMS 0x00000000e9400000| PB 0x00000000e9400000| Untracked 
| 149|0x00000000e9500000, 0x00000000e9500000, 0x00000000e9600000|  0%| F|  |TAMS 0x00000000e9500000| PB 0x00000000e9500000| Untracked 
| 150|0x00000000e9600000, 0x00000000e9600000, 0x00000000e9700000|  0%| F|  |TAMS 0x00000000e9600000| PB 0x00000000e9600000| Untracked 
| 151|0x00000000e9700000, 0x00000000e9700000, 0x00000000e9800000|  0%| F|  |TAMS 0x00000000e9700000| PB 0x00000000e9700000| Untracked 
| 152|0x00000000e9800000, 0x00000000e9800000, 0x00000000e9900000|  0%| F|  |TAMS 0x00000000e9800000| PB 0x00000000e9800000| Untracked 
| 153|0x00000000e9900000, 0x00000000e9900000, 0x00000000e9a00000|  0%| F|  |TAMS 0x00000000e9900000| PB 0x00000000e9900000| Untracked 
| 154|0x00000000e9a00000, 0x00000000e9a00000, 0x00000000e9b00000|  0%| F|  |TAMS 0x00000000e9a00000| PB 0x00000000e9a00000| Untracked 
| 155|0x00000000e9b00000, 0x00000000e9b00000, 0x00000000e9c00000|  0%| F|  |TAMS 0x00000000e9b00000| PB 0x00000000e9b00000| Untracked 
| 156|0x00000000e9c00000, 0x00000000e9c00000, 0x00000000e9d00000|  0%| F|  |TAMS 0x00000000e9c00000| PB 0x00000000e9c00000| Untracked 
| 157|0x00000000e9d00000, 0x00000000e9d00000, 0x00000000e9e00000|  0%| F|  |TAMS 0x00000000e9d00000| PB 0x00000000e9d00000| Untracked 
| 158|0x00000000e9e00000, 0x00000000e9e00000, 0x00000000e9f00000|  0%| F|  |TAMS 0x00000000e9e00000| PB 0x00000000e9e00000| Untracked 
| 159|0x00000000e9f00000, 0x00000000e9f00000, 0x00000000ea000000|  0%| F|  |TAMS 0x00000000e9f00000| PB 0x00000000e9f00000| Untracked 
| 160|0x00000000ea000000, 0x00000000ea000000, 0x00000000ea100000|  0%| F|  |TAMS 0x00000000ea000000| PB 0x00000000ea000000| Untracked 
| 161|0x00000000ea100000, 0x00000000ea100000, 0x00000000ea200000|  0%| F|  |TAMS 0x00000000ea100000| PB 0x00000000ea100000| Untracked 
| 162|0x00000000ea200000, 0x00000000ea200000, 0x00000000ea300000|  0%| F|  |TAMS 0x00000000ea200000| PB 0x00000000ea200000| Untracked 
| 163|0x00000000ea300000, 0x00000000ea300000, 0x00000000ea400000|  0%| F|  |TAMS 0x00000000ea300000| PB 0x00000000ea300000| Untracked 
| 164|0x00000000ea400000, 0x00000000ea400000, 0x00000000ea500000|  0%| F|  |TAMS 0x00000000ea400000| PB 0x00000000ea400000| Untracked 
| 165|0x00000000ea500000, 0x00000000ea500000, 0x00000000ea600000|  0%| F|  |TAMS 0x00000000ea500000| PB 0x00000000ea500000| Untracked 
| 166|0x00000000ea600000, 0x00000000ea600000, 0x00000000ea700000|  0%| F|  |TAMS 0x00000000ea600000| PB 0x00000000ea600000| Untracked 
| 167|0x00000000ea700000, 0x00000000ea700000, 0x00000000ea800000|  0%| F|  |TAMS 0x00000000ea700000| PB 0x00000000ea700000| Untracked 
| 168|0x00000000ea800000, 0x00000000ea800000, 0x00000000ea900000|  0%| F|  |TAMS 0x00000000ea800000| PB 0x00000000ea800000| Untracked 
| 169|0x00000000ea900000, 0x00000000ea900000, 0x00000000eaa00000|  0%| F|  |TAMS 0x00000000ea900000| PB 0x00000000ea900000| Untracked 
| 170|0x00000000eaa00000, 0x00000000eaa00000, 0x00000000eab00000|  0%| F|  |TAMS 0x00000000eaa00000| PB 0x00000000eaa00000| Untracked 
| 171|0x00000000eab00000, 0x00000000eab00000, 0x00000000eac00000|  0%| F|  |TAMS 0x00000000eab00000| PB 0x00000000eab00000| Untracked 
| 172|0x00000000eac00000, 0x00000000eac00000, 0x00000000ead00000|  0%| F|  |TAMS 0x00000000eac00000| PB 0x00000000eac00000| Untracked 
| 173|0x00000000ead00000, 0x00000000ead00000, 0x00000000eae00000|  0%| F|  |TAMS 0x00000000ead00000| PB 0x00000000ead00000| Untracked 
| 174|0x00000000eae00000, 0x00000000eae00000, 0x00000000eaf00000|  0%| F|  |TAMS 0x00000000eae00000| PB 0x00000000eae00000| Untracked 
| 175|0x00000000eaf00000, 0x00000000eaf00000, 0x00000000eb000000|  0%| F|  |TAMS 0x00000000eaf00000| PB 0x00000000eaf00000| Untracked 
| 176|0x00000000eb000000, 0x00000000eb000000, 0x00000000eb100000|  0%| F|  |TAMS 0x00000000eb000000| PB 0x00000000eb000000| Untracked 
| 177|0x00000000eb100000, 0x00000000eb100000, 0x00000000eb200000|  0%| F|  |TAMS 0x00000000eb100000| PB 0x00000000eb100000| Untracked 
| 178|0x00000000eb200000, 0x00000000eb200000, 0x00000000eb300000|  0%| F|  |TAMS 0x00000000eb200000| PB 0x00000000eb200000| Untracked 
| 179|0x00000000eb300000, 0x00000000eb300000, 0x00000000eb400000|  0%| F|  |TAMS 0x00000000eb300000| PB 0x00000000eb300000| Untracked 
| 180|0x00000000eb400000, 0x00000000eb400000, 0x00000000eb500000|  0%| F|  |TAMS 0x00000000eb400000| PB 0x00000000eb400000| Untracked 
| 181|0x00000000eb500000, 0x00000000eb500000, 0x00000000eb600000|  0%| F|  |TAMS 0x00000000eb500000| PB 0x00000000eb500000| Untracked 
| 182|0x00000000eb600000, 0x00000000eb600000, 0x00000000eb700000|  0%| F|  |TAMS 0x00000000eb600000| PB 0x00000000eb600000| Untracked 
| 183|0x00000000eb700000, 0x00000000eb700000, 0x00000000eb800000|  0%| F|  |TAMS 0x00000000eb700000| PB 0x00000000eb700000| Untracked 
| 184|0x00000000eb800000, 0x00000000eb800000, 0x00000000eb900000|  0%| F|  |TAMS 0x00000000eb800000| PB 0x00000000eb800000| Untracked 
| 185|0x00000000eb900000, 0x00000000eb900000, 0x00000000eba00000|  0%| F|  |TAMS 0x00000000eb900000| PB 0x00000000eb900000| Untracked 
| 186|0x00000000eba00000, 0x00000000eba00000, 0x00000000ebb00000|  0%| F|  |TAMS 0x00000000eba00000| PB 0x00000000eba00000| Untracked 
| 187|0x00000000ebb00000, 0x00000000ebb00000, 0x00000000ebc00000|  0%| F|  |TAMS 0x00000000ebb00000| PB 0x00000000ebb00000| Untracked 
| 188|0x00000000ebc00000, 0x00000000ebc00000, 0x00000000ebd00000|  0%| F|  |TAMS 0x00000000ebc00000| PB 0x00000000ebc00000| Untracked 
| 189|0x00000000ebd00000, 0x00000000ebd00000, 0x00000000ebe00000|  0%| F|  |TAMS 0x00000000ebd00000| PB 0x00000000ebd00000| Untracked 
| 190|0x00000000ebe00000, 0x00000000ebe00000, 0x00000000ebf00000|  0%| F|  |TAMS 0x00000000ebe00000| PB 0x00000000ebe00000| Untracked 
| 191|0x00000000ebf00000, 0x00000000ebf00000, 0x00000000ec000000|  0%| F|  |TAMS 0x00000000ebf00000| PB 0x00000000ebf00000| Untracked 
| 192|0x00000000ec000000, 0x00000000ec000000, 0x00000000ec100000|  0%| F|  |TAMS 0x00000000ec000000| PB 0x00000000ec000000| Untracked 
| 193|0x00000000ec100000, 0x00000000ec100000, 0x00000000ec200000|  0%| F|  |TAMS 0x00000000ec100000| PB 0x00000000ec100000| Untracked 
| 194|0x00000000ec200000, 0x00000000ec200000, 0x00000000ec300000|  0%| F|  |TAMS 0x00000000ec200000| PB 0x00000000ec200000| Untracked 
| 195|0x00000000ec300000, 0x00000000ec300000, 0x00000000ec400000|  0%| F|  |TAMS 0x00000000ec300000| PB 0x00000000ec300000| Untracked 
| 196|0x00000000ec400000, 0x00000000ec400000, 0x00000000ec500000|  0%| F|  |TAMS 0x00000000ec400000| PB 0x00000000ec400000| Untracked 
| 197|0x00000000ec500000, 0x00000000ec500000, 0x00000000ec600000|  0%| F|  |TAMS 0x00000000ec500000| PB 0x00000000ec500000| Untracked 
| 198|0x00000000ec600000, 0x00000000ec600000, 0x00000000ec700000|  0%| F|  |TAMS 0x00000000ec600000| PB 0x00000000ec600000| Untracked 
| 199|0x00000000ec700000, 0x00000000ec700000, 0x00000000ec800000|  0%| F|  |TAMS 0x00000000ec700000| PB 0x00000000ec700000| Untracked 
| 200|0x00000000ec800000, 0x00000000ec800000, 0x00000000ec900000|  0%| F|  |TAMS 0x00000000ec800000| PB 0x00000000ec800000| Untracked 
| 201|0x00000000ec900000, 0x00000000ec900000, 0x00000000eca00000|  0%| F|  |TAMS 0x00000000ec900000| PB 0x00000000ec900000| Untracked 
| 202|0x00000000eca00000, 0x00000000eca00000, 0x00000000ecb00000|  0%| F|  |TAMS 0x00000000eca00000| PB 0x00000000eca00000| Untracked 
| 203|0x00000000ecb00000, 0x00000000ecc00000, 0x00000000ecc00000|100%| S|CS|TAMS 0x00000000ecb00000| PB 0x00000000ecb00000| Complete 
| 204|0x00000000ecc00000, 0x00000000ecd00000, 0x00000000ecd00000|100%| S|CS|TAMS 0x00000000ecc00000| PB 0x00000000ecc00000| Complete 
| 205|0x00000000ecd00000, 0x00000000ece00000, 0x00000000ece00000|100%| S|CS|TAMS 0x00000000ecd00000| PB 0x00000000ecd00000| Complete 
| 206|0x00000000ece00000, 0x00000000ecf00000, 0x00000000ecf00000|100%| S|CS|TAMS 0x00000000ece00000| PB 0x00000000ece00000| Complete 
| 207|0x00000000ecf00000, 0x00000000ed000000, 0x00000000ed000000|100%| S|CS|TAMS 0x00000000ecf00000| PB 0x00000000ecf00000| Complete 
| 208|0x00000000ed000000, 0x00000000ed100000, 0x00000000ed100000|100%| S|CS|TAMS 0x00000000ed000000| PB 0x00000000ed000000| Complete 
| 209|0x00000000ed100000, 0x00000000ed100000, 0x00000000ed200000|  0%| F|  |TAMS 0x00000000ed100000| PB 0x00000000ed100000| Untracked 
| 210|0x00000000ed200000, 0x00000000ed200800, 0x00000000ed300000|  0%| E|  |TAMS 0x00000000ed200000| PB 0x00000000ed200000| Complete 
| 211|0x00000000ed300000, 0x00000000ed400000, 0x00000000ed400000|100%| E|CS|TAMS 0x00000000ed300000| PB 0x00000000ed300000| Complete 
| 212|0x00000000ed400000, 0x00000000ed500000, 0x00000000ed500000|100%| E|CS|TAMS 0x00000000ed400000| PB 0x00000000ed400000| Complete 
| 213|0x00000000ed500000, 0x00000000ed600000, 0x00000000ed600000|100%| E|CS|TAMS 0x00000000ed500000| PB 0x00000000ed500000| Complete 
| 214|0x00000000ed600000, 0x00000000ed700000, 0x00000000ed700000|100%| E|CS|TAMS 0x00000000ed600000| PB 0x00000000ed600000| Complete 
| 215|0x00000000ed700000, 0x00000000ed800000, 0x00000000ed800000|100%| E|CS|TAMS 0x00000000ed700000| PB 0x00000000ed700000| Complete 
| 216|0x00000000ed800000, 0x00000000ed900000, 0x00000000ed900000|100%| E|CS|TAMS 0x00000000ed800000| PB 0x00000000ed800000| Complete 
| 217|0x00000000ed900000, 0x00000000eda00000, 0x00000000eda00000|100%| E|CS|TAMS 0x00000000ed900000| PB 0x00000000ed900000| Complete 
| 218|0x00000000eda00000, 0x00000000edb00000, 0x00000000edb00000|100%| E|CS|TAMS 0x00000000eda00000| PB 0x00000000eda00000| Complete 
| 219|0x00000000edb00000, 0x00000000edc00000, 0x00000000edc00000|100%| E|CS|TAMS 0x00000000edb00000| PB 0x00000000edb00000| Complete 
| 220|0x00000000edc00000, 0x00000000edd00000, 0x00000000edd00000|100%| E|CS|TAMS 0x00000000edc00000| PB 0x00000000edc00000| Complete 
| 221|0x00000000edd00000, 0x00000000ede00000, 0x00000000ede00000|100%| E|CS|TAMS 0x00000000edd00000| PB 0x00000000edd00000| Complete 
| 222|0x00000000ede00000, 0x00000000edf00000, 0x00000000edf00000|100%| E|CS|TAMS 0x00000000ede00000| PB 0x00000000ede00000| Complete 
| 223|0x00000000edf00000, 0x00000000ee000000, 0x00000000ee000000|100%| E|CS|TAMS 0x00000000edf00000| PB 0x00000000edf00000| Complete 
| 224|0x00000000ee000000, 0x00000000ee100000, 0x00000000ee100000|100%| E|CS|TAMS 0x00000000ee000000| PB 0x00000000ee000000| Complete 
| 225|0x00000000ee100000, 0x00000000ee200000, 0x00000000ee200000|100%| E|CS|TAMS 0x00000000ee100000| PB 0x00000000ee100000| Complete 
| 226|0x00000000ee200000, 0x00000000ee300000, 0x00000000ee300000|100%| E|CS|TAMS 0x00000000ee200000| PB 0x00000000ee200000| Complete 
| 227|0x00000000ee300000, 0x00000000ee400000, 0x00000000ee400000|100%| E|CS|TAMS 0x00000000ee300000| PB 0x00000000ee300000| Complete 
| 228|0x00000000ee400000, 0x00000000ee500000, 0x00000000ee500000|100%| E|CS|TAMS 0x00000000ee400000| PB 0x00000000ee400000| Complete 
| 229|0x00000000ee500000, 0x00000000ee600000, 0x00000000ee600000|100%| E|CS|TAMS 0x00000000ee500000| PB 0x00000000ee500000| Complete 
| 230|0x00000000ee600000, 0x00000000ee700000, 0x00000000ee700000|100%| E|CS|TAMS 0x00000000ee600000| PB 0x00000000ee600000| Complete 
| 231|0x00000000ee700000, 0x00000000ee800000, 0x00000000ee800000|100%| E|CS|TAMS 0x00000000ee700000| PB 0x00000000ee700000| Complete 
| 232|0x00000000ee800000, 0x00000000ee900000, 0x00000000ee900000|100%| E|CS|TAMS 0x00000000ee800000| PB 0x00000000ee800000| Complete 
| 233|0x00000000ee900000, 0x00000000eea00000, 0x00000000eea00000|100%| E|CS|TAMS 0x00000000ee900000| PB 0x00000000ee900000| Complete 
| 234|0x00000000eea00000, 0x00000000eeb00000, 0x00000000eeb00000|100%| E|CS|TAMS 0x00000000eea00000| PB 0x00000000eea00000| Complete 
| 235|0x00000000eeb00000, 0x00000000eec00000, 0x00000000eec00000|100%| E|CS|TAMS 0x00000000eeb00000| PB 0x00000000eeb00000| Complete 
| 236|0x00000000eec00000, 0x00000000eed00000, 0x00000000eed00000|100%| E|CS|TAMS 0x00000000eec00000| PB 0x00000000eec00000| Complete 
| 237|0x00000000eed00000, 0x00000000eee00000, 0x00000000eee00000|100%| E|CS|TAMS 0x00000000eed00000| PB 0x00000000eed00000| Complete 
| 238|0x00000000eee00000, 0x00000000eef00000, 0x00000000eef00000|100%| E|CS|TAMS 0x00000000eee00000| PB 0x00000000eee00000| Complete 
| 239|0x00000000eef00000, 0x00000000ef000000, 0x00000000ef000000|100%| E|CS|TAMS 0x00000000eef00000| PB 0x00000000eef00000| Complete 
| 240|0x00000000ef000000, 0x00000000ef100000, 0x00000000ef100000|100%| E|CS|TAMS 0x00000000ef000000| PB 0x00000000ef000000| Complete 
| 241|0x00000000ef100000, 0x00000000ef200000, 0x00000000ef200000|100%| E|CS|TAMS 0x00000000ef100000| PB 0x00000000ef100000| Complete 
| 242|0x00000000ef200000, 0x00000000ef300000, 0x00000000ef300000|100%| E|CS|TAMS 0x00000000ef200000| PB 0x00000000ef200000| Complete 
| 243|0x00000000ef300000, 0x00000000ef400000, 0x00000000ef400000|100%| E|CS|TAMS 0x00000000ef300000| PB 0x00000000ef300000| Complete 
| 244|0x00000000ef400000, 0x00000000ef500000, 0x00000000ef500000|100%| E|CS|TAMS 0x00000000ef400000| PB 0x00000000ef400000| Complete 
| 245|0x00000000ef500000, 0x00000000ef600000, 0x00000000ef600000|100%| E|CS|TAMS 0x00000000ef500000| PB 0x00000000ef500000| Complete 
| 246|0x00000000ef600000, 0x00000000ef700000, 0x00000000ef700000|100%| E|CS|TAMS 0x00000000ef600000| PB 0x00000000ef600000| Complete 
| 247|0x00000000ef700000, 0x00000000ef800000, 0x00000000ef800000|100%| E|CS|TAMS 0x00000000ef700000| PB 0x00000000ef700000| Complete 
| 248|0x00000000ef800000, 0x00000000ef900000, 0x00000000ef900000|100%| E|CS|TAMS 0x00000000ef800000| PB 0x00000000ef800000| Complete 
| 249|0x00000000ef900000, 0x00000000efa00000, 0x00000000efa00000|100%| E|CS|TAMS 0x00000000ef900000| PB 0x00000000ef900000| Complete 
| 250|0x00000000efa00000, 0x00000000efb00000, 0x00000000efb00000|100%| E|CS|TAMS 0x00000000efa00000| PB 0x00000000efa00000| Complete 
| 251|0x00000000efb00000, 0x00000000efc00000, 0x00000000efc00000|100%| E|CS|TAMS 0x00000000efb00000| PB 0x00000000efb00000| Complete 
| 252|0x00000000efc00000, 0x00000000efd00000, 0x00000000efd00000|100%| E|CS|TAMS 0x00000000efc00000| PB 0x00000000efc00000| Complete 
| 253|0x00000000efd00000, 0x00000000efe00000, 0x00000000efe00000|100%| E|CS|TAMS 0x00000000efd00000| PB 0x00000000efd00000| Complete 
| 254|0x00000000efe00000, 0x00000000eff00000, 0x00000000eff00000|100%| E|CS|TAMS 0x00000000efe00000| PB 0x00000000efe00000| Complete 
| 255|0x00000000eff00000, 0x00000000f0000000, 0x00000000f0000000|100%| E|CS|TAMS 0x00000000eff00000| PB 0x00000000eff00000| Complete 

Card table byte_map: [0x0000027f60380000,0x0000027f60480000] _byte_map_base: 0x0000027f5fc80000

Marking Bits: (CMBitMap*) 0x0000027f48904960
 Bits: [0x0000027f60480000, 0x0000027f60c80000)

Polling page: 0x0000027f46800000

Metaspace:

Usage:
  Non-class:     13.24 MB used.
      Class:      2.05 MB used.
       Both:     15.29 MB used.

Virtual space:
  Non-class space:       64.00 MB reserved,      13.44 MB ( 21%) committed,  1 nodes.
      Class space:      320.00 MB reserved,       2.25 MB ( <1%) committed,  1 nodes.
             Both:      384.00 MB reserved,      15.69 MB (  4%) committed. 

Chunk freelists:
   Non-Class:  1.95 MB
       Class:  13.56 MB
        Both:  15.52 MB

MaxMetaspaceSize: 384.00 MB
CompressedClassSpaceSize: 320.00 MB
Initial GC threshold: 21.00 MB
Current GC threshold: 21.00 MB
CDS: on
 - commit_granule_bytes: 65536.
 - commit_granule_words: 8192.
 - virtual_space_node_default_size: 8388608.
 - enlarge_chunks_in_place: 1.
 - use_allocation_guard: 0.


Internal statistics:

num_allocs_failed_limit: 0.
num_arena_births: 520.
num_arena_deaths: 0.
num_vsnodes_births: 2.
num_vsnodes_deaths: 0.
num_space_committed: 251.
num_space_uncommitted: 0.
num_chunks_returned_to_freelist: 0.
num_chunks_taken_from_freelist: 1012.
num_chunk_merges: 0.
num_chunk_splits: 661.
num_chunks_enlarged: 470.
num_inconsistent_stats: 0.

CodeHeap 'non-profiled nmethods': size=120000Kb used=1243Kb max_used=1243Kb free=118756Kb
 bounds [0x0000027f58800000, 0x0000027f58a70000, 0x0000027f5fd30000]
CodeHeap 'profiled nmethods': size=120000Kb used=5551Kb max_used=5551Kb free=114448Kb
 bounds [0x0000027f50d30000, 0x0000027f512a0000, 0x0000027f58260000]
CodeHeap 'non-nmethods': size=5760Kb used=1471Kb max_used=1489Kb free=4288Kb
 bounds [0x0000027f58260000, 0x0000027f584d0000, 0x0000027f58800000]
 total_blobs=3296 nmethods=2743 adapters=457
 compilation: enabled
              stopped_count=0, restarted_count=0
 full_count=0

Compilation events (20 events):
Event: 15.151 Thread 0x0000027f63939cc0 nmethod 2734 0x0000027f51295e90 code [0x0000027f51296040, 0x0000027f512961b0]
Event: 15.152 Thread 0x0000027f63939cc0 2735   !   3       java.util.regex.Pattern::matcher (44 bytes)
Event: 15.153 Thread 0x0000027f63939cc0 nmethod 2735 0x0000027f51296290 code [0x0000027f51296460, 0x0000027f512967e0]
Event: 15.154 Thread 0x0000027f63939cc0 2736       3       java.util.regex.Matcher::matches (10 bytes)
Event: 15.155 Thread 0x0000027f63939cc0 nmethod 2736 0x0000027f51296910 code [0x0000027f51296ac0, 0x0000027f51296c08]
Event: 15.166 Thread 0x0000027f63935eb0 2737   !   4       java.lang.ClassLoader::loadClass (121 bytes)
Event: 15.217 Thread 0x0000027f63939cc0 2739       3       org.gradle.internal.service.DefaultServiceRegistry::assertValidServiceType (51 bytes)
Event: 15.218 Thread 0x0000027f63939cc0 nmethod 2739 0x0000027f51296c90 code [0x0000027f51296ea0, 0x0000027f51297410]
Event: 15.218 Thread 0x0000027f63939cc0 2740       3       org.gradle.internal.service.DefaultServiceRegistry::find (151 bytes)
Event: 15.220 Thread 0x0000027f63939cc0 nmethod 2740 0x0000027f51297610 code [0x0000027f51297a00, 0x0000027f512996a0]
Event: 15.220 Thread 0x0000027f63939cc0 2741       3       java.lang.invoke.VarHandleReferences$FieldInstanceReadWrite::compareAndSet (48 bytes)
Event: 15.221 Thread 0x0000027f63939cc0 nmethod 2741 0x0000027f51299e90 code [0x0000027f5129a100, 0x0000027f5129ab08]
Event: 15.221 Thread 0x0000027f63939cc0 2742       3       java.lang.invoke.MethodType::genericMethodType (6 bytes)
Event: 15.221 Thread 0x0000027f63939cc0 nmethod 2742 0x0000027f5129ae90 code [0x0000027f5129b040, 0x0000027f5129b160]
Event: 15.231 Thread 0x0000027f63939cc0 2743       3       java.lang.Thread::isVirtual (5 bytes)
Event: 15.231 Thread 0x0000027f63939cc0 nmethod 2743 0x0000027f5129b210 code [0x0000027f5129b3c0, 0x0000027f5129b5c8]
Event: 15.395 Thread 0x0000027f63939cc0 2744       3       java.nio.channels.spi.AbstractInterruptibleChannel::isOpen (13 bytes)
Event: 15.395 Thread 0x0000027f63939cc0 nmethod 2744 0x0000027f5129b690 code [0x0000027f5129b820, 0x0000027f5129b988]
Event: 15.422 Thread 0x0000027f63939cc0 2745       3       java.util.concurrent.TimeUnit::toNanos (45 bytes)
Event: 15.423 Thread 0x0000027f63939cc0 nmethod 2745 0x0000027f5129ba10 code [0x0000027f5129bbc0, 0x0000027f5129be28]

GC Heap History (6 events):
Event: 1.564 GC heap before
{Heap before GC invocations=0 (full 0):
 garbage-first heap   total 262144K, used 22528K [0x00000000e0000000, 0x0000000100000000)
  region size 1024K, 23 young (23552K), 0 survivors (0K)
 Metaspace       used 1104K, committed 1216K, reserved 393216K
  class space    used 77K, committed 128K, reserved 327680K
}
Event: 1.598 GC heap after
{Heap after GC invocations=1 (full 0):
 garbage-first heap   total 262144K, used 4679K [0x00000000e0000000, 0x0000000100000000)
  region size 1024K, 3 young (3072K), 3 survivors (3072K)
 Metaspace       used 1104K, committed 1216K, reserved 393216K
  class space    used 77K, committed 128K, reserved 327680K
}
Event: 3.840 GC heap before
{Heap before GC invocations=1 (full 0):
 garbage-first heap   total 262144K, used 40519K [0x00000000e0000000, 0x0000000100000000)
  region size 1024K, 35 young (35840K), 3 survivors (3072K)
 Metaspace       used 4360K, committed 4544K, reserved 393216K
  class space    used 539K, committed 640K, reserved 327680K
}
Event: 3.846 GC heap after
{Heap after GC invocations=2 (full 0):
 garbage-first heap   total 262144K, used 11879K [0x00000000e0000000, 0x0000000100000000)
  region size 1024K, 3 young (3072K), 3 survivors (3072K)
 Metaspace       used 4360K, committed 4544K, reserved 393216K
  class space    used 539K, committed 640K, reserved 327680K
}
Event: 7.469 GC heap before
{Heap before GC invocations=2 (full 0):
 garbage-first heap   total 262144K, used 58983K [0x00000000e0000000, 0x0000000100000000)
  region size 1024K, 47 young (48128K), 3 survivors (3072K)
 Metaspace       used 5785K, committed 6080K, reserved 393216K
  class space    used 757K, committed 896K, reserved 327680K
}
Event: 7.477 GC heap after
{Heap after GC invocations=3 (full 0):
 garbage-first heap   total 262144K, used 17758K [0x00000000e0000000, 0x0000000100000000)
  region size 1024K, 6 young (6144K), 6 survivors (6144K)
 Metaspace       used 5785K, committed 6080K, reserved 393216K
  class space    used 757K, committed 896K, reserved 327680K
}

Dll operation events (15 events):
Event: 0.020 Loaded shared library C:\Users\kirte\.jdks\openjdk-21.0.2\bin\java.dll
Event: 0.147 Loaded shared library C:\Users\kirte\.jdks\openjdk-21.0.2\bin\jsvml.dll
Event: 0.284 Loaded shared library C:\Users\kirte\.jdks\openjdk-21.0.2\bin\zip.dll
Event: 0.290 Loaded shared library C:\Users\kirte\.jdks\openjdk-21.0.2\bin\instrument.dll
Event: 0.304 Loaded shared library C:\Users\kirte\.jdks\openjdk-21.0.2\bin\net.dll
Event: 0.307 Loaded shared library C:\Users\kirte\.jdks\openjdk-21.0.2\bin\nio.dll
Event: 0.316 Loaded shared library C:\Users\kirte\.jdks\openjdk-21.0.2\bin\zip.dll
Event: 1.189 Loaded shared library C:\Users\kirte\.jdks\openjdk-21.0.2\bin\jimage.dll
Event: 1.730 Loaded shared library C:\Users\kirte\.jdks\openjdk-21.0.2\bin\verify.dll
Event: 2.258 Loaded shared library C:\Users\kirte\.gradle\native\c067742578af261105cb4f569cf0c3c89f3d7b1fecec35dd04571415982c5e48\windows-amd64\native-platform.dll
Event: 2.293 Loaded shared library C:\Users\kirte\.gradle\native\100fb08df4bc3b14c8652ba06237920a3bd2aa13389f12d3474272988ae205f9\windows-amd64\native-platform-file-events.dll
Event: 7.895 Loaded shared library C:\Users\kirte\.jdks\openjdk-21.0.2\bin\management.dll
Event: 7.905 Loaded shared library C:\Users\kirte\.jdks\openjdk-21.0.2\bin\management_ext.dll
Event: 9.686 Loaded shared library C:\Users\kirte\.jdks\openjdk-21.0.2\bin\extnet.dll
Event: 11.667 Loaded shared library C:\Users\kirte\.jdks\openjdk-21.0.2\bin\sunmscapi.dll

Deoptimization events (20 events):
Event: 13.612 Thread 0x0000027f7e040140 DEOPT PACKING pc=0x0000027f5887efa0 sp=0x000000d9017fc500
Event: 13.612 Thread 0x0000027f7e040140 DEOPT UNPACKING pc=0x0000027f582b46a2 sp=0x000000d9017fc480 mode 2
Event: 13.635 Thread 0x0000027f7e040140 Uncommon trap: trap_request=0xffffff45 fr.pc=0x0000027f588b7c44 relative=0x0000000000000284
Event: 13.635 Thread 0x0000027f7e040140 Uncommon trap: reason=unstable_if action=reinterpret pc=0x0000027f588b7c44 method=java.util.concurrent.ConcurrentHashMap.get(Ljava/lang/Object;)Ljava/lang/Object; @ 76 c2
Event: 13.635 Thread 0x0000027f7e040140 DEOPT PACKING pc=0x0000027f588b7c44 sp=0x000000d9017fba40
Event: 13.635 Thread 0x0000027f7e040140 DEOPT UNPACKING pc=0x0000027f582b46a2 sp=0x000000d9017fb9a8 mode 2
Event: 14.138 Thread 0x0000027f7e040140 Uncommon trap: trap_request=0xffffff45 fr.pc=0x0000027f589156e0 relative=0x0000000000000e20
Event: 14.138 Thread 0x0000027f7e040140 Uncommon trap: reason=unstable_if action=reinterpret pc=0x0000027f589156e0 method=java.lang.invoke.LambdaForm$Name.replaceNames([Ljava/lang/invoke/LambdaForm$Name;[Ljava/lang/invoke/LambdaForm$Name;II)Ljava/lang/invoke/LambdaForm$Name; @ 3 c2
Event: 14.138 Thread 0x0000027f7e040140 DEOPT PACKING pc=0x0000027f589156e0 sp=0x000000d9017fd0a0
Event: 14.138 Thread 0x0000027f7e040140 DEOPT UNPACKING pc=0x0000027f582b46a2 sp=0x000000d9017fd068 mode 2
Event: 14.632 Thread 0x0000027f7e040140 Uncommon trap: trap_request=0xffffffde fr.pc=0x0000027f588c4964 relative=0x0000000000000304
Event: 14.632 Thread 0x0000027f7e040140 Uncommon trap: reason=class_check action=maybe_recompile pc=0x0000027f588c4964 method=java.util.regex.Pattern$BmpCharPropertyGreedy.match(Ljava/util/regex/Matcher;ILjava/lang/CharSequence;)Z @ 26 c2
Event: 14.632 Thread 0x0000027f7e040140 DEOPT PACKING pc=0x0000027f588c4964 sp=0x000000d9017fbf20
Event: 14.632 Thread 0x0000027f7e040140 DEOPT UNPACKING pc=0x0000027f582b46a2 sp=0x000000d9017fbed8 mode 2
Event: 14.632 Thread 0x0000027f7e040140 Uncommon trap: trap_request=0xffffffde fr.pc=0x0000027f588c4964 relative=0x0000000000000304
Event: 14.632 Thread 0x0000027f7e040140 Uncommon trap: reason=class_check action=maybe_recompile pc=0x0000027f588c4964 method=java.util.regex.Pattern$BmpCharPropertyGreedy.match(Ljava/util/regex/Matcher;ILjava/lang/CharSequence;)Z @ 26 c2
Event: 14.632 Thread 0x0000027f7e040140 DEOPT PACKING pc=0x0000027f588c4964 sp=0x000000d9017fbe90
Event: 14.632 Thread 0x0000027f7e040140 DEOPT UNPACKING pc=0x0000027f582b46a2 sp=0x000000d9017fbe48 mode 2
Event: 15.124 Thread 0x0000027f7e040140 DEOPT PACKING pc=0x0000027f50e1ccdf sp=0x000000d9017fa4d0
Event: 15.124 Thread 0x0000027f7e040140 DEOPT UNPACKING pc=0x0000027f582b4e42 sp=0x000000d9017f9968 mode 0

Classes loaded (20 events):
Event: 13.998 Loading class sun/reflect/generics/scope/ConstructorScope
Event: 13.998 Loading class sun/reflect/generics/scope/ConstructorScope done
Event: 14.603 Loading class java/nio/file/attribute/PosixFilePermission
Event: 14.603 Loading class java/nio/file/attribute/PosixFilePermission done
Event: 14.604 Loading class java/nio/file/NoSuchFileException
Event: 14.604 Loading class java/nio/file/FileSystemException
Event: 14.604 Loading class java/nio/file/FileSystemException done
Event: 14.604 Loading class java/nio/file/NoSuchFileException done
Event: 14.607 Loading class java/nio/file/attribute/PosixFilePermissions
Event: 14.607 Loading class java/nio/file/attribute/PosixFilePermissions done
Event: 14.607 Loading class java/nio/file/attribute/PosixFilePermissions$1
Event: 14.607 Loading class java/nio/file/attribute/PosixFilePermissions$1 done
Event: 14.699 Loading class java/util/concurrent/ArrayBlockingQueue
Event: 14.700 Loading class java/util/concurrent/ArrayBlockingQueue done
Event: 14.701 Loading class java/util/concurrent/locks/ReentrantLock$FairSync
Event: 14.705 Loading class java/util/concurrent/locks/ReentrantLock$FairSync done
Event: 14.719 Loading class sun/misc/Unsafe
Event: 14.719 Loading class sun/misc/Unsafe done
Event: 14.750 Loading class sun/nio/ch/DatagramChannelImpl$DatagramPackets
Event: 14.750 Loading class sun/nio/ch/DatagramChannelImpl$DatagramPackets done

Classes unloaded (0 events):
No events

Classes redefined (0 events):
No events

Internal exceptions (20 events):
Event: 12.753 Thread 0x0000027f7e4669c0 Exception <a 'java/lang/NoSuchMethodError'{0x00000000eedf0188}: 'long java.lang.invoke.Invokers$Holder.invokeExact_MT(java.lang.Object, java.lang.Object)'> (0x00000000eedf0188) 
thrown [s\open\src\hotspot\share\interpreter\linkResolver.cpp, line 773]
Event: 12.760 Thread 0x0000027f7e4669c0 Exception <a 'java/lang/NoSuchMethodError'{0x00000000eec16c48}: 'void java.lang.invoke.DirectMethodHandle$Holder.invokeSpecial(java.lang.Object, java.lang.Object, java.lang.Object)'> (0x00000000eec16c48) 
thrown [s\open\src\hotspot\share\interpreter\linkResolver.cpp, line 773]
Event: 12.815 Thread 0x0000027f7e4669c0 Exception <a 'java/lang/NoSuchMethodError'{0x00000000eec42648}: static Lorg/gradle/tooling/internal/provider/serialization/ClassLoaderDetails;.<clinit>()V> (0x00000000eec42648) 
thrown [s\open\src\hotspot\share\prims\jni.cpp, line 1106]
Event: 12.873 Thread 0x0000027f7e4669c0 Exception <a 'java/lang/NoSuchMethodError'{0x00000000eec5c7b8}: static Lorg/gradle/internal/classloader/ClassLoaderSpec;.<clinit>()V> (0x00000000eec5c7b8) 
thrown [s\open\src\hotspot\share\prims\jni.cpp, line 1106]
Event: 12.874 Thread 0x0000027f7e4669c0 Exception <a 'java/lang/NoSuchMethodError'{0x00000000eec66240}: static Lorg/gradle/tooling/internal/provider/serialization/WellKnownClassLoaderRegistry$KnownClassLoaderSpec;.<clinit>()V> (0x00000000eec66240) 
thrown [s\open\src\hotspot\share\prims\jni.cpp, line 1106]
Event: 12.878 Thread 0x0000027f7e4669c0 Exception <a 'java/lang/NoSuchMethodError'{0x00000000eec7c8f0}: static Lorg/gradle/tooling/internal/provider/serialization/ClientOwnedClassLoaderSpec;.<clinit>()V> (0x00000000eec7c8f0) 
thrown [s\open\src\hotspot\share\prims\jni.cpp, line 1106]
Event: 13.223 Thread 0x0000027f7e040140 Exception <a 'java/lang/NoSuchMethodError'{0x00000000ee848e88}: 'long java.lang.invoke.DirectMethodHandle$Holder.invokeInterface(java.lang.Object, java.lang.Object)'> (0x00000000ee848e88) 
thrown [s\open\src\hotspot\share\interpreter\linkResolver.cpp, line 773]
Event: 13.463 Thread 0x0000027f7e040140 Exception <a 'java/lang/NoSuchMethodError'{0x00000000ee499060}: 'void java.lang.invoke.DirectMethodHandle$Holder.invokeStatic(java.lang.Object, java.lang.Object)'> (0x00000000ee499060) 
thrown [s\open\src\hotspot\share\interpreter\linkResolver.cpp, line 773]
Event: 13.510 Thread 0x0000027f7e040140 Exception <a 'java/lang/NoSuchMethodError'{0x00000000ee4ddf00}: 'java.lang.Object java.lang.invoke.DirectMethodHandle$Holder.invokeVirtual(java.lang.Object, java.lang.Object, java.lang.Object, java.lang.Object, java.lang.Object, java.lang.Object, java.lang.Object, java.lang.Object, java.lang.Object, java.lang.Object, java.lang.Object, java.lang.Object)'> (0x00000000ee4ddf00) 
thrown [s\open\src\hotspot\share\interpreter\linkResolver.cpp, line 773]
Event: 13.513 Thread 0x0000027f7e040140 Exception <a 'java/lang/NoSuchMethodError'{0x00000000ee4e2e78}: 'java.lang.Object java.lang.invoke.DirectMethodHandle$Holder.invokeSpecial(java.lang.Object, java.lang.Object, java.lang.Object, java.lang.Object, java.lang.Object, java.lang.Object, java.lang.Object, java.lang.Object, java.lang.Object, java.lang.Object, java.lang.Object, java.lang.Object, java.lang.Object)'> (0x00000000ee4e2e78) 
thrown [s\open\src\hotspot\share\interpreter\linkResolver.cpp, line 773]
Event: 13.658 Thread 0x0000027f7e040140 Exception <a 'java/lang/NoSuchMethodError'{0x00000000ee2cc618}: 'int java.lang.invoke.DirectMethodHandle$Holder.invokeVirtual(java.lang.Object, java.lang.Object, java.lang.Object)'> (0x00000000ee2cc618) 
thrown [s\open\src\hotspot\share\interpreter\linkResolver.cpp, line 773]
Event: 13.814 Thread 0x0000027f7e040140 Exception <a 'java/lang/NoSuchMethodError'{0x00000000edf236a0}: 'java.lang.Object java.lang.invoke.DirectMethodHandle$Holder.newInvokeSpecial(java.lang.Object, java.lang.Object, java.lang.Object, java.lang.Object, java.lang.Object, java.lang.Object)'> (0x00000000edf236a0) 
thrown [s\open\src\hotspot\share\interpreter\linkResolver.cpp, line 773]
Event: 13.834 Thread 0x0000027f7e040140 Exception <a 'java/lang/NoSuchMethodError'{0x00000000edf44d48}: 'void java.lang.invoke.DirectMethodHandle$Holder.invokeStaticInit(java.lang.Object, java.lang.Object)'> (0x00000000edf44d48) 
thrown [s\open\src\hotspot\share\interpreter\linkResolver.cpp, line 773]
Event: 14.112 Thread 0x0000027f7e040140 Exception <a 'java/lang/NoSuchMethodError'{0x00000000eddd56b0}: 'void java.lang.invoke.DelegatingMethodHandle$Holder.reinvoke_L(java.lang.Object, java.lang.Object, java.lang.Object, java.lang.Object, java.lang.Object, java.lang.Object, java.lang.Object, java.lang.Object, java.lang.Object, java.lang.Object)'> (0x00000000eddd56b0) 
thrown [s\open\src\hotspot\share\interpreter\linkResolver.cpp, line 773]
Event: 14.116 Thread 0x0000027f7e040140 Exception <a 'java/lang/NoSuchMethodError'{0x00000000edddd0b0}: 'java.lang.Object java.lang.invoke.Invokers$Holder.invoker(java.lang.Object, java.lang.Object, java.lang.Object, java.lang.Object, java.lang.Object, java.lang.Object, java.lang.Object, java.lang.Object, java.lang.Object, java.lang.Object)'> (0x00000000edddd0b0) 
thrown [s\open\src\hotspot\share\interpreter\linkResolver.cpp, line 773]
Event: 14.471 Thread 0x0000027f7e040140 Exception <a 'java/lang/NoSuchMethodError'{0x00000000ed9a1408}: 'void java.lang.invoke.DirectMethodHandle$Holder.invokeVirtual(java.lang.Object, java.lang.Object, java.lang.Object, java.lang.Object, java.lang.Object)'> (0x00000000ed9a1408) 
thrown [s\open\src\hotspot\share\interpreter\linkResolver.cpp, line 773]
Event: 14.618 Thread 0x0000027f7e040140 Exception <a 'java/lang/NoSuchMethodError'{0x00000000ed7451e0}: 'void java.lang.invoke.DirectMethodHandle$Holder.invokeInterface(java.lang.Object, java.lang.Object)'> (0x00000000ed7451e0) 
thrown [s\open\src\hotspot\share\interpreter\linkResolver.cpp, line 773]
Event: 14.620 Thread 0x0000027f7e040140 Exception <a 'java/lang/IncompatibleClassChangeError'{0x00000000ed748740}: Found class java.lang.Object, but interface was expected> (0x00000000ed748740) 
thrown [s\open\src\hotspot\share\interpreter\linkResolver.cpp, line 840]
Event: 14.710 Thread 0x0000027f7e040140 Exception <a 'java/lang/NoSuchMethodError'{0x00000000ed66a118}: 'java.lang.Object java.lang.invoke.DirectMethodHandle$Holder.newInvokeSpecial(java.lang.Object, java.lang.Object, int)'> (0x00000000ed66a118) 
thrown [s\open\src\hotspot\share\interpreter\linkResolver.cpp, line 773]
Event: 15.092 Thread 0x0000027f7e040140 Exception <a 'java/lang/NoSuchMethodError'{0x00000000ed577910}: 'java.lang.Object java.lang.invoke.DirectMethodHandle$Holder.invokeVirtual(java.lang.Object, java.lang.Object, java.lang.Object, java.lang.Object, java.lang.Object, java.lang.Object, java.lang.Object, java.lang.Object)'> (0x00000000ed577910) 
thrown [s\open\src\hotspot\share\interpreter\linkResolver.cpp, line 773]

ZGC Phase Switch (0 events):
No events

VM Operations (20 events):
Event: 8.936 Executing VM operation: HandshakeAllThreads (Deoptimize)
Event: 8.936 Executing VM operation: HandshakeAllThreads (Deoptimize) done
Event: 9.115 Executing VM operation: HandshakeAllThreads (Deoptimize)
Event: 9.115 Executing VM operation: HandshakeAllThreads (Deoptimize) done
Event: 10.101 Executing VM operation: HandshakeAllThreads (Deoptimize)
Event: 10.102 Executing VM operation: HandshakeAllThreads (Deoptimize) done
Event: 10.102 Executing VM operation: Cleanup
Event: 10.102 Executing VM operation: Cleanup done
Event: 11.106 Executing VM operation: Cleanup
Event: 11.106 Executing VM operation: Cleanup done
Event: 11.675 Executing VM operation: HandshakeAllThreads (Deoptimize)
Event: 11.675 Executing VM operation: HandshakeAllThreads (Deoptimize) done
Event: 12.686 Executing VM operation: Cleanup
Event: 12.688 Executing VM operation: Cleanup done
Event: 13.696 Executing VM operation: Cleanup
Event: 13.696 Executing VM operation: Cleanup done
Event: 14.706 Executing VM operation: HandshakeAllThreads (Deoptimize)
Event: 14.706 Executing VM operation: HandshakeAllThreads (Deoptimize) done
Event: 14.706 Executing VM operation: Cleanup
Event: 14.706 Executing VM operation: Cleanup done

Events (20 events):
Event: 0.216 Thread 0x0000027f63b568a0 Thread added: 0x0000027f63b568a0
Event: 0.351 Thread 0x0000027f63d40960 Thread added: 0x0000027f63d40960
Event: 1.192 Thread 0x0000027f63dfc470 Thread added: 0x0000027f63dfc470
Event: 1.507 Thread 0x0000027f63dfc470 Thread exited: 0x0000027f63dfc470
Event: 1.812 Thread 0x0000027f63d3fd60 Thread added: 0x0000027f63d3fd60
Event: 2.114 Thread 0x0000027f63d3fd60 Thread exited: 0x0000027f63d3fd60
Event: 8.004 Thread 0x0000027f63c652c0 Thread added: 0x0000027f63c652c0
Event: 9.795 Thread 0x0000027f7e493080 Thread added: 0x0000027f7e493080
Event: 10.986 Thread 0x0000027f63cadcc0 Thread added: 0x0000027f63cadcc0
Event: 11.904 Thread 0x0000027f7e623af0 Thread added: 0x0000027f7e623af0
Event: 11.912 Thread 0x0000027f7e4669c0 Thread added: 0x0000027f7e4669c0
Event: 12.916 Thread 0x0000027f7e041b80 Thread added: 0x0000027f7e041b80
Event: 12.985 Thread 0x0000027f7e040140 Thread added: 0x0000027f7e040140
Event: 13.016 Thread 0x0000027f7e03ed90 Thread added: 0x0000027f7e03ed90
Event: 13.022 Thread 0x0000027f7e040e60 Thread added: 0x0000027f7e040e60
Event: 13.026 Thread 0x0000027f7e03f420 Thread added: 0x0000027f7e03f420
Event: 14.707 Thread 0x0000027f7e03e700 Thread added: 0x0000027f7e03e700
Event: 14.745 Thread 0x0000027f7e03fab0 Thread added: 0x0000027f7e03fab0
Event: 15.207 Thread 0x0000027f7e0407d0 Thread added: 0x0000027f7e0407d0
Event: 15.225 Thread 0x0000027f7e0414f0 Thread added: 0x0000027f7e0414f0


Dynamic libraries:
0x00007ff74c260000 - 0x00007ff74c26e000 	C:\Users\kirte\.jdks\openjdk-21.0.2\bin\java.exe
0x00007ffcdcb50000 - 0x00007ffcdcd67000 	C:\Windows\SYSTEM32\ntdll.dll
0x00007ffcdb2a0000 - 0x00007ffcdb364000 	C:\Windows\System32\KERNEL32.DLL
0x00007ffcda040000 - 0x00007ffcda413000 	C:\Windows\System32\KERNELBASE.dll
0x00007ffcda500000 - 0x00007ffcda611000 	C:\Windows\System32\ucrtbase.dll
0x00007ffccee50000 - 0x00007ffccee68000 	C:\Users\kirte\.jdks\openjdk-21.0.2\bin\jli.dll
0x00007ffcc5590000 - 0x00007ffcc55ab000 	C:\Users\kirte\.jdks\openjdk-21.0.2\bin\VCRUNTIME140.dll
0x00007ffcdbe40000 - 0x00007ffcdbff1000 	C:\Windows\System32\USER32.dll
0x00007ffcda450000 - 0x00007ffcda476000 	C:\Windows\System32\win32u.dll
0x00007ffcdad40000 - 0x00007ffcdad69000 	C:\Windows\System32\GDI32.dll
0x00007ffcc9950000 - 0x00007ffcc9be8000 	C:\Windows\WinSxS\amd64_microsoft.windows.common-controls_6595b64144ccf1df_6.0.22621.5124_none_270e8f4f7386d69d\COMCTL32.dll
0x00007ffcda6e0000 - 0x00007ffcda7fb000 	C:\Windows\System32\gdi32full.dll
0x00007ffcdad70000 - 0x00007ffcdae17000 	C:\Windows\System32\msvcrt.dll
0x00007ffcd9fa0000 - 0x00007ffcda03a000 	C:\Windows\System32\msvcp_win.dll
0x00007ffcdc960000 - 0x00007ffcdc991000 	C:\Windows\System32\IMM32.DLL
0x00007ffcd5e90000 - 0x00007ffcd5e9c000 	C:\Users\kirte\.jdks\openjdk-21.0.2\bin\vcruntime140_1.dll
0x00007ffc87600000 - 0x00007ffc8768e000 	C:\Users\kirte\.jdks\openjdk-21.0.2\bin\msvcp140.dll
0x00007ffc65970000 - 0x00007ffc66687000 	C:\Users\kirte\.jdks\openjdk-21.0.2\bin\server\jvm.dll
0x00007ffcdca50000 - 0x00007ffcdcb01000 	C:\Windows\System32\ADVAPI32.dll
0x00007ffcdc000000 - 0x00007ffcdc0a8000 	C:\Windows\System32\sechost.dll
0x00007ffcda420000 - 0x00007ffcda448000 	C:\Windows\System32\bcrypt.dll
0x00007ffcdc1e0000 - 0x00007ffcdc2f4000 	C:\Windows\System32\RPCRT4.dll
0x00007ffcdc850000 - 0x00007ffcdc8c1000 	C:\Windows\System32\WS2_32.dll
0x00007ffcd8ac0000 - 0x00007ffcd8b0d000 	C:\Windows\SYSTEM32\POWRPROF.dll
0x00007ffcd4880000 - 0x00007ffcd48b4000 	C:\Windows\SYSTEM32\WINMM.dll
0x00007ffcd1de0000 - 0x00007ffcd1dea000 	C:\Windows\SYSTEM32\VERSION.dll
0x00007ffcd8aa0000 - 0x00007ffcd8ab3000 	C:\Windows\SYSTEM32\UMPDC.dll
0x00007ffcd8d50000 - 0x00007ffcd8d68000 	C:\Windows\SYSTEM32\kernel.appcore.dll
0x00007ffcd5810000 - 0x00007ffcd581a000 	C:\Users\kirte\.jdks\openjdk-21.0.2\bin\jimage.dll
0x00007ffcc3910000 - 0x00007ffcc3b42000 	C:\Windows\SYSTEM32\DBGHELP.DLL
0x00007ffcda830000 - 0x00007ffcdabc2000 	C:\Windows\System32\combase.dll
0x00007ffcdc300000 - 0x00007ffcdc3d7000 	C:\Windows\System32\OLEAUT32.dll
0x00007ffcc27d0000 - 0x00007ffcc2802000 	C:\Windows\SYSTEM32\dbgcore.DLL
0x00007ffcda480000 - 0x00007ffcda4fb000 	C:\Windows\System32\bcryptPrimitives.dll
0x00007ffcd3590000 - 0x00007ffcd359f000 	C:\Users\kirte\.jdks\openjdk-21.0.2\bin\instrument.dll
0x00007ffcc5570000 - 0x00007ffcc558f000 	C:\Users\kirte\.jdks\openjdk-21.0.2\bin\java.dll
0x00007ffcdb490000 - 0x00007ffcdbd26000 	C:\Windows\System32\SHELL32.dll
0x00007ffcd9c70000 - 0x00007ffcd9daf000 	C:\Windows\System32\wintypes.dll
0x00007ffcd7b60000 - 0x00007ffcd847a000 	C:\Windows\SYSTEM32\windows.storage.dll
0x00007ffcdbd30000 - 0x00007ffcdbe3a000 	C:\Windows\System32\SHCORE.dll
0x00007ffcdc0b0000 - 0x00007ffcdc113000 	C:\Windows\System32\shlwapi.dll
0x00007ffcd9ba0000 - 0x00007ffcd9bcb000 	C:\Windows\SYSTEM32\profapi.dll
0x00007ffc867c0000 - 0x00007ffc86897000 	C:\Users\kirte\.jdks\openjdk-21.0.2\bin\jsvml.dll
0x00007ffcb49a0000 - 0x00007ffcb49b8000 	C:\Users\kirte\.jdks\openjdk-21.0.2\bin\zip.dll
0x00007ffcd3460000 - 0x00007ffcd3470000 	C:\Users\kirte\.jdks\openjdk-21.0.2\bin\net.dll
0x00007ffcd4700000 - 0x00007ffcd482c000 	C:\Windows\SYSTEM32\WINHTTP.dll
0x00007ffcd91d0000 - 0x00007ffcd923a000 	C:\Windows\system32\mswsock.dll
0x00007ffcb37a0000 - 0x00007ffcb37b6000 	C:\Users\kirte\.jdks\openjdk-21.0.2\bin\nio.dll
0x00007ffccd4b0000 - 0x00007ffccd4c0000 	C:\Users\kirte\.jdks\openjdk-21.0.2\bin\verify.dll
0x00007ffcc9180000 - 0x00007ffcc91a7000 	C:\Users\kirte\.gradle\native\c067742578af261105cb4f569cf0c3c89f3d7b1fecec35dd04571415982c5e48\windows-amd64\native-platform.dll
0x00007ffc7c0c0000 - 0x00007ffc7c204000 	C:\Users\kirte\.gradle\native\100fb08df4bc3b14c8652ba06237920a3bd2aa13389f12d3474272988ae205f9\windows-amd64\native-platform-file-events.dll
0x00007ffccd420000 - 0x00007ffccd42a000 	C:\Users\kirte\.jdks\openjdk-21.0.2\bin\management.dll
0x00007ffcc92e0000 - 0x00007ffcc92eb000 	C:\Users\kirte\.jdks\openjdk-21.0.2\bin\management_ext.dll
0x00007ffcdabd0000 - 0x00007ffcdabd8000 	C:\Windows\System32\PSAPI.DLL
0x00007ffcd9470000 - 0x00007ffcd948b000 	C:\Windows\SYSTEM32\CRYPTSP.dll
0x00007ffcd8cb0000 - 0x00007ffcd8ce7000 	C:\Windows\system32\rsaenh.dll
0x00007ffcd92e0000 - 0x00007ffcd9308000 	C:\Windows\SYSTEM32\USERENV.dll
0x00007ffcd9460000 - 0x00007ffcd946c000 	C:\Windows\SYSTEM32\CRYPTBASE.dll
0x00007ffcd8750000 - 0x00007ffcd877d000 	C:\Windows\SYSTEM32\IPHLPAPI.DLL
0x00007ffcdc120000 - 0x00007ffcdc129000 	C:\Windows\System32\NSI.dll
0x00007ffcc85d0000 - 0x00007ffcc85d9000 	C:\Users\kirte\.jdks\openjdk-21.0.2\bin\extnet.dll
0x00007ffcc5560000 - 0x00007ffcc556e000 	C:\Users\kirte\.jdks\openjdk-21.0.2\bin\sunmscapi.dll
0x00007ffcd9db0000 - 0x00007ffcd9f16000 	C:\Windows\System32\CRYPT32.dll
0x00007ffcd9620000 - 0x00007ffcd964d000 	C:\Windows\SYSTEM32\ncrypt.dll
0x00007ffcd95e0000 - 0x00007ffcd9617000 	C:\Windows\SYSTEM32\NTASN1.dll
0x00007ffcb1f90000 - 0x00007ffcb1f98000 	C:\Windows\system32\wshunix.dll

dbghelp: loaded successfully - version: 4.0.5 - missing functions: none
symbol engine: initialized successfully - sym options: 0x614 - pdb path: .;C:\Users\kirte\.jdks\openjdk-21.0.2\bin;C:\Windows\SYSTEM32;C:\Windows\WinSxS\amd64_microsoft.windows.common-controls_6595b64144ccf1df_6.0.22621.5124_none_270e8f4f7386d69d;C:\Users\kirte\.jdks\openjdk-21.0.2\bin\server;C:\Users\kirte\.gradle\native\c067742578af261105cb4f569cf0c3c89f3d7b1fecec35dd04571415982c5e48\windows-amd64;C:\Users\kirte\.gradle\native\100fb08df4bc3b14c8652ba06237920a3bd2aa13389f12d3474272988ae205f9\windows-amd64

VM Arguments:
jvm_args: --add-exports=jdk.compiler/com.sun.tools.javac.util=ALL-UNNAMED --add-opens=java.base/java.util.concurrent.atomic=ALL-UNNAMED -XX:MaxMetaspaceSize=384m -XX:+HeapDumpOnOutOfMemoryError --add-opens=java.base/java.util=ALL-UNNAMED --add-opens=java.base/java.lang=ALL-UNNAMED --add-opens=java.base/java.lang.invoke=ALL-UNNAMED --add-opens=java.prefs/java.util.prefs=ALL-UNNAMED --add-exports=jdk.compiler/com.sun.tools.javac.api=ALL-UNNAMED --add-exports=jdk.compiler/com.sun.tools.javac.util=ALL-UNNAMED --add-opens=java.base/java.nio.charset=ALL-UNNAMED --add-opens=java.base/java.net=ALL-UNNAMED --add-opens=java.base/java.util.concurrent.atomic=ALL-UNNAMED -Xms256m -Xmx512m -Dfile.encoding=windows-1252 -Duser.country=IN -Duser.language=en -Duser.variant -javaagent:C:\Users\kirte\.gradle\wrapper\dists\gradle-8.10.1-bin\e90i968nv55tch01zkse4avv3\gradle-8.10.1\lib\agents\gradle-instrumentation-agent-8.10.1.jar 
java_command: org.gradle.launcher.daemon.bootstrap.GradleDaemon 8.10.1
java_class_path (initial): C:\Users\kirte\.gradle\wrapper\dists\gradle-8.10.1-bin\e90i968nv55tch01zkse4avv3\gradle-8.10.1\lib\gradle-daemon-main-8.10.1.jar
Launcher Type: SUN_STANDARD

[Global flags]
     intx CICompilerCount                          = 4                                         {product} {ergonomic}
   size_t CompressedClassSpaceSize                 = 335544320                                 {product} {ergonomic}
     uint ConcGCThreads                            = 3                                         {product} {ergonomic}
     uint G1ConcRefinementThreads                  = 10                                        {product} {ergonomic}
   size_t G1HeapRegionSize                         = 1048576                                   {product} {ergonomic}
    uintx GCDrainStackTargetSize                   = 64                                        {product} {ergonomic}
     bool HeapDumpOnOutOfMemoryError               = true                                   {manageable} {command line}
   size_t InitialHeapSize                          = 268435456                                 {product} {command line}
   size_t MarkStackSize                            = 4194304                                   {product} {ergonomic}
   size_t MaxHeapSize                              = 536870912                                 {product} {command line}
   size_t MaxMetaspaceSize                         = 402653184                                 {product} {command line}
   size_t MaxNewSize                               = 321912832                                 {product} {ergonomic}
   size_t MinHeapDeltaBytes                        = 1048576                                   {product} {ergonomic}
   size_t MinHeapSize                              = 268435456                                 {product} {command line}
    uintx NonNMethodCodeHeapSize                   = 5839372                                {pd product} {ergonomic}
    uintx NonProfiledCodeHeapSize                  = 122909434                              {pd product} {ergonomic}
    uintx ProfiledCodeHeapSize                     = 122909434                              {pd product} {ergonomic}
    uintx ReservedCodeCacheSize                    = 251658240                              {pd product} {ergonomic}
     bool SegmentedCodeCache                       = true                                      {product} {ergonomic}
   size_t SoftMaxHeapSize                          = 536870912                              {manageable} {ergonomic}
     bool UseCompressedOops                        = true                           {product lp64_product} {ergonomic}
     bool UseG1GC                                  = true                                      {product} {ergonomic}
     bool UseLargePagesIndividualAllocation        = false                                  {pd product} {ergonomic}

Logging:
Log output configuration:
 #0: stdout all=warning uptime,level,tags foldmultilines=false
 #1: stderr all=off uptime,level,tags foldmultilines=false

Environment Variables:
PATH=c:\Users\kirte\AppData\Local\Programs\cursor\resources\app\bin;C:\Windows\system32;C:\Windows;C:\Windows\System32\Wbem;C:\Windows\System32\WindowsPowerShell\v1.0\;C:\Windows\System32\OpenSSH\;C:\Program Files\nodejs\;C:\Program Files\Git\cmd;C:\Program Files\Docker\Docker\resources\bin;C:\Users\kirte\AppData\Local\Programs\Python\Launcher\;C:\Users\kirte\AppData\Local\Microsoft\WindowsApps;C:\Users\kirte\AppData\Local\JetBrains\Toolbox\scripts;C:\Users\kirte\AppData\Roaming\npm;C:\Program Files\JetBrains\IntelliJ IDEA 2023.3.4\bin;C:\Users\kirte\.jdks\openjdk-21.0.2\bin;;C:\Users\kirte\AppData\Local\Google\Cloud SDK\google-cloud-sdk\bin;C:\Users\kirte\.jdks\openjdk-21.0.2\bin;C:\Users\kirte\.jdks\openjdk-22\bin;;C:\Users\kirte\AppData\Local\Programs\oh-my-posh\bin;c:\Users\kirte\AppData\Local\Programs\cursor\resources\app\bin;C:\Users\kirte\AppData\Local\Programs\Python\Launcher\;C:\Users\kirte\AppData\Local\Microsoft\WindowsApps;C:\Users\kirte\AppData\Local\JetBrains\Toolbox\scripts;C:\Users\kirte\AppData\Roaming\npm;C:\Program Files\JetBrains\IntelliJ IDEA 2023.3.4\bin;C:\Users\kirte\.jdks\openjdk-21.0.2\bin;;C:\Users\kirte\AppData\Local\Google\Cloud SDK\google-cloud-sdk\bin;C:\Users\kirte\.jdks\openjdk-21.0.2\bin;C:\Users\kirte\.jdks\openjdk-22\bin;;C:\Users\kirte\AppData\Local\Programs\oh-my-posh\bin
USERNAME=kirte
OS=Windows_NT
PROCESSOR_IDENTIFIER=AMD64 Family 23 Model 96 Stepping 1, AuthenticAMD
TMP=C:\Users\kirte\AppData\Local\Temp
TEMP=C:\Users\kirte\AppData\Local\Temp




Periodic native trim disabled

---------------  S Y S T E M  ---------------

OS:
 Windows 11 , 64 bit Build 22621 (10.0.22621.5124)
OS uptime: 4 days 23:01 hours
Hyper-V role detected

CPU: total 12 (initial active 12) (12 cores per cpu, 2 threads per core) family 23 model 96 stepping 1 microcode 0x0, cx8, cmov, fxsr, ht, mmx, 3dnowpref, sse, sse2, sse3, ssse3, sse4a, sse4.1, sse4.2, popcnt, lzcnt, tsc, tscinvbit, avx, avx2, aes, clmul, bmi1, bmi2, adx, sha, fma, vzeroupper, clflush, clflushopt, hv, rdtscp, rdpid, f16c
Processor Information for all 12 processors :
  Max Mhz: 3000, Current Mhz: 3000, Mhz Limit: 3000

Memory: 4k page, system-wide physical 7549M (57M free)
TotalPageFile size 31101M (AvailPageFile size 13M)
current process WorkingSet (physical memory assigned to process): 140M, peak: 149M
current process commit charge ("private bytes"): 401M, peak: 401M

vm_info: OpenJDK 64-Bit Server VM (21.0.2+13-58) for windows-amd64 JRE (21.0.2+13-58), built on 2024-01-05T18:32:24Z by "mach5one" with MS VC++ 17.1 (VS2022)

END.
