#
# There is insufficient memory for the Java Runtime Environment to continue.
# Native memory allocation (malloc) failed to allocate 1907696 bytes for Chunk::new
# Possible reasons:
#   The system is out of physical RAM or swap space
#   The process is running with CompressedOops enabled, and the Java Heap may be blocking the growth of the native heap
# Possible solutions:
#   Reduce memory load on the system
#   Increase physical memory or swap space
#   Check if swap backing store is full
#   Decrease Java heap size (-Xmx/-Xms)
#   Decrease number of Java threads
#   Decrease Java thread stack sizes (-Xss)
#   Set larger code cache with -XX:ReservedCodeCacheSize=
#   JVM is running with Unscaled Compressed Oops mode in which the Java heap is
#     placed in the first 4GB address space. The Java Heap base address is the
#     maximum limit for the native heap growth. Please use -XX:HeapBaseMinAddress
#     to set the Java Heap base and to place the Java Heap above 4GB virtual address.
# This output file may be truncated or incomplete.
#
#  Out of Memory Error (arena.cpp:168), pid=10892, tid=16924
#
# JRE version: OpenJDK Runtime Environment (21.0.2+13) (build 21.0.2+13-58)
# Java VM: OpenJDK 64-Bit Server VM (21.0.2+13-58, mixed mode, sharing, tiered, compressed oops, compressed class ptrs, g1 gc, windows-amd64)
# No core dump will be written. Minidumps are not enabled by default on client versions of Windows
#

---------------  S U M M A R Y ------------

Command Line: --add-exports=jdk.compiler/com.sun.tools.javac.util=ALL-UNNAMED --add-opens=java.base/java.util.concurrent.atomic=ALL-UNNAMED -XX:MaxMetaspaceSize=384m -XX:+HeapDumpOnOutOfMemoryError --add-opens=java.base/java.util=ALL-UNNAMED --add-opens=java.base/java.lang=ALL-UNNAMED --add-opens=java.base/java.lang.invoke=ALL-UNNAMED --add-opens=java.prefs/java.util.prefs=ALL-UNNAMED --add-exports=jdk.compiler/com.sun.tools.javac.api=ALL-UNNAMED --add-exports=jdk.compiler/com.sun.tools.javac.util=ALL-UNNAMED --add-opens=java.base/java.nio.charset=ALL-UNNAMED --add-opens=java.base/java.net=ALL-UNNAMED --add-opens=java.base/java.util.concurrent.atomic=ALL-UNNAMED -Xms256m -Xmx512m -Dfile.encoding=windows-1252 -Duser.country=IN -Duser.language=en -Duser.variant -javaagent:C:\Users\kirte\.gradle\wrapper\dists\gradle-8.10.1-bin\e90i968nv55tch01zkse4avv3\gradle-8.10.1\lib\agents\gradle-instrumentation-agent-8.10.1.jar org.gradle.launcher.daemon.bootstrap.GradleDaemon 8.10.1

Host: AMD Ryzen 5 4600H with Radeon Graphics         , 12 cores, 7G,  Windows 11 , 64 bit Build 22621 (10.0.22621.5124)
Time: Tue Apr  8 22:37:50 2025 India Standard Time elapsed time: 15.499567 seconds (0d 0h 0m 15s)

---------------  T H R E A D  ---------------

Current thread (0x0000021afb8aa2c0):  JavaThread "C2 CompilerThread0" daemon [_thread_in_native, id=16924, stack(0x000000377e500000,0x000000377e600000) (1024K)]


Current CompileTask:
C2:  15499 2756   !   4       java.lang.ClassLoader::loadClass (121 bytes)

Stack: [0x000000377e500000,0x000000377e600000]
Native frames: (J=compiled Java code, j=interpreted, Vv=VM code, C=native code)
V  [jvm.dll+0x6cade9]
V  [jvm.dll+0x8569c1]
V  [jvm.dll+0x858d2e]
V  [jvm.dll+0x859413]
V  [jvm.dll+0x280e56]
V  [jvm.dll+0xc3f3d]
V  [jvm.dll+0xc4473]
V  [jvm.dll+0x3b5bf2]
V  [jvm.dll+0x382855]
V  [jvm.dll+0x381cca]
V  [jvm.dll+0x249bd0]
V  [jvm.dll+0x2491b1]
V  [jvm.dll+0x1c9634]
V  [jvm.dll+0x258859]
V  [jvm.dll+0x256e3a]
V  [jvm.dll+0x3ef6c6]
V  [jvm.dll+0x7ff568]
V  [jvm.dll+0x6c953d]
C  [ucrtbase.dll+0x29333]
C  [KERNEL32.DLL+0x1259d]
C  [ntdll.dll+0x5af38]


---------------  P R O C E S S  ---------------

Threads class SMR info:
_java_thread_list=0x0000021ab2993f40, length=25, elements={
0x0000021af7bf9c70, 0x0000021afb898690, 0x0000021afb899350, 0x0000021afb89cfb0,
0x0000021afb89fb20, 0x0000021afb8a0990, 0x0000021afb8a9400, 0x0000021afb8aa2c0,
0x0000021afb8acea0, 0x0000021a975bacb0, 0x0000021a975bb340, 0x0000021a975ba620,
0x0000021a975bdaa0, 0x0000021a975bb9d0, 0x0000021a975bcd80, 0x0000021a975bd410,
0x0000021ab1e80a60, 0x0000021ab1e7fd40, 0x0000021ab1e83850, 0x0000021ab1e7f6b0,
0x0000021ab1e831c0, 0x0000021ab1e803d0, 0x0000021ab1e7f020, 0x0000021ab1e824a0,
0x0000021ab1e7e990
}

Java Threads: ( => current thread )
  0x0000021af7bf9c70 JavaThread "main"                              [_thread_blocked, id=22248, stack(0x000000377d700000,0x000000377d800000) (1024K)]
  0x0000021afb898690 JavaThread "Reference Handler"          daemon [_thread_blocked, id=21280, stack(0x000000377df00000,0x000000377e000000) (1024K)]
  0x0000021afb899350 JavaThread "Finalizer"                  daemon [_thread_blocked, id=28712, stack(0x000000377e000000,0x000000377e100000) (1024K)]
  0x0000021afb89cfb0 JavaThread "Signal Dispatcher"          daemon [_thread_blocked, id=17676, stack(0x000000377e100000,0x000000377e200000) (1024K)]
  0x0000021afb89fb20 JavaThread "Attach Listener"            daemon [_thread_blocked, id=2584, stack(0x000000377e200000,0x000000377e300000) (1024K)]
  0x0000021afb8a0990 JavaThread "Service Thread"             daemon [_thread_blocked, id=18924, stack(0x000000377e300000,0x000000377e400000) (1024K)]
  0x0000021afb8a9400 JavaThread "Monitor Deflation Thread"   daemon [_thread_blocked, id=20836, stack(0x000000377e400000,0x000000377e500000) (1024K)]
=>0x0000021afb8aa2c0 JavaThread "C2 CompilerThread0"         daemon [_thread_in_native, id=16924, stack(0x000000377e500000,0x000000377e600000) (1024K)]
  0x0000021afb8acea0 JavaThread "C1 CompilerThread0"         daemon [_thread_blocked, id=28736, stack(0x000000377e600000,0x000000377e700000) (1024K)]
  0x0000021a975bacb0 JavaThread "Common-Cleaner"             daemon [_thread_blocked, id=26564, stack(0x000000377e700000,0x000000377e800000) (1024K)]
  0x0000021a975bb340 JavaThread "Notification Thread"        daemon [_thread_blocked, id=3768, stack(0x000000377e800000,0x000000377e900000) (1024K)]
  0x0000021a975ba620 JavaThread "Daemon health stats"               [_thread_blocked, id=9748, stack(0x000000377f000000,0x000000377f100000) (1024K)]
  0x0000021a975bdaa0 JavaThread "Incoming local TCP Connector on port 50315"        [_thread_in_native, id=29732, stack(0x000000377f100000,0x000000377f200000) (1024K)]
  0x0000021a975bb9d0 JavaThread "Daemon periodic checks"            [_thread_blocked, id=8396, stack(0x000000377f200000,0x000000377f300000) (1024K)]
  0x0000021a975bcd80 JavaThread "Daemon"                            [_thread_blocked, id=5600, stack(0x000000377f300000,0x000000377f400000) (1024K)]
  0x0000021a975bd410 JavaThread "Handler for socket connection from /127.0.0.1:50315 to /127.0.0.1:50323"        [_thread_in_native, id=27768, stack(0x000000377f400000,0x000000377f500000) (1024K)]
  0x0000021ab1e80a60 JavaThread "Cancel handler"                    [_thread_blocked, id=1596, stack(0x000000377f500000,0x000000377f600000) (1024K)]
  0x0000021ab1e7fd40 JavaThread "Daemon worker"                     [_thread_blocked, id=27800, stack(0x000000377f600000,0x000000377f700000) (1024K)]
  0x0000021ab1e83850 JavaThread "Asynchronous log dispatcher for DefaultDaemonConnection: socket connection from /127.0.0.1:50315 to /127.0.0.1:50323"        [_thread_blocked, id=25020, stack(0x000000377f700000,0x000000377f800000) (1024K)]
  0x0000021ab1e7f6b0 JavaThread "Stdin handler"                     [_thread_blocked, id=7932, stack(0x000000377f800000,0x000000377f900000) (1024K)]
  0x0000021ab1e831c0 JavaThread "Daemon client event forwarder"        [_thread_blocked, id=3404, stack(0x000000377f900000,0x000000377fa00000) (1024K)]
  0x0000021ab1e803d0 JavaThread "Cache worker for journal cache (C:\Users\kirte\.gradle\caches\journal-1)"        [_thread_blocked, id=24572, stack(0x000000377fa00000,0x000000377fb00000) (1024K)]
  0x0000021ab1e7f020 JavaThread "File lock request listener"        [_thread_in_native, id=23740, stack(0x000000377fb00000,0x000000377fc00000) (1024K)]
  0x0000021ab1e824a0 JavaThread "File lock release action executor"        [_thread_blocked, id=29324, stack(0x000000377fc00000,0x000000377fd00000) (1024K)]
  0x0000021ab1e7e990 JavaThread "Cache worker for file hash cache (C:\Users\kirte\.gradle\caches\8.10.1\fileHashes)"        [_thread_blocked, id=9016, stack(0x000000377fd00000,0x000000377fe00000) (1024K)]
Total: 25

Other Threads:
  0x0000021afb87bdd0 VMThread "VM Thread"                           [id=8868, stack(0x000000377de00000,0x000000377df00000) (1024K)]
  0x0000021afb8634d0 WatcherThread "VM Periodic Task Thread"        [id=13768, stack(0x000000377dd00000,0x000000377de00000) (1024K)]
  0x0000021af7c249a0 WorkerThread "GC Thread#0"                     [id=5892, stack(0x000000377d800000,0x000000377d900000) (1024K)]
  0x0000021ab13346c0 WorkerThread "GC Thread#1"                     [id=25904, stack(0x000000377e900000,0x000000377ea00000) (1024K)]
  0x0000021ab1056d10 WorkerThread "GC Thread#2"                     [id=10904, stack(0x000000377ea00000,0x000000377eb00000) (1024K)]
  0x0000021a97843570 WorkerThread "GC Thread#3"                     [id=5028, stack(0x000000377eb00000,0x000000377ec00000) (1024K)]
  0x0000021ab1034760 WorkerThread "GC Thread#4"                     [id=3744, stack(0x000000377ec00000,0x000000377ed00000) (1024K)]
  0x0000021ab108cd10 WorkerThread "GC Thread#5"                     [id=12384, stack(0x000000377ed00000,0x000000377ee00000) (1024K)]
  0x0000021ab2444d10 WorkerThread "GC Thread#6"                     [id=19320, stack(0x000000377ee00000,0x000000377ef00000) (1024K)]
  0x0000021ab24450b0 WorkerThread "GC Thread#7"                     [id=19432, stack(0x000000377ef00000,0x000000377f000000) (1024K)]
  0x0000021af7c29980 ConcurrentGCThread "G1 Main Marker"            [id=22552, stack(0x000000377d900000,0x000000377da00000) (1024K)]
  0x0000021af7c2a480 WorkerThread "G1 Conc#0"                       [id=28516, stack(0x000000377da00000,0x000000377db00000) (1024K)]
  0x0000021af7cbe400 ConcurrentGCThread "G1 Refine#0"               [id=19720, stack(0x000000377db00000,0x000000377dc00000) (1024K)]
  0x0000021afb736590 ConcurrentGCThread "G1 Service"                [id=8872, stack(0x000000377dc00000,0x000000377dd00000) (1024K)]
Total: 14

Threads with active compile tasks:
C2 CompilerThread0    15525 2756   !   4       java.lang.ClassLoader::loadClass (121 bytes)
Total: 1

VM state: not at safepoint (normal execution)

VM Mutex/Monitor currently owned by a thread: None

Heap address: 0x00000000e0000000, size: 512 MB, Compressed Oops mode: 32-bit

CDS archive(s) mapped at: [0x0000021a98000000-0x0000021a98c90000-0x0000021a98c90000), size 13172736, SharedBaseAddress: 0x0000021a98000000, ArchiveRelocationMode: 1.
Compressed class space mapped at: 0x0000021a99000000-0x0000021aad000000, reserved size: 335544320
Narrow klass base: 0x0000021a98000000, Narrow klass shift: 0, Narrow klass range: 0x100000000

GC Precious Log:
 CardTable entry size: 512
 Card Set container configuration: InlinePtr #cards 5 size 8 Array Of Cards #cards 12 size 40 Howl #buckets 4 coarsen threshold 1843 Howl Bitmap #cards 512 size 80 coarsen threshold 460 Card regions per heap region 1 cards per card region 2048
 CPUs: 12 total, 12 available
 Memory: 7549M
 Large Page Support: Disabled
 NUMA Support: Disabled
 Compressed Oops: Enabled (32-bit)
 Heap Region Size: 1M
 Heap Min Capacity: 256M
 Heap Initial Capacity: 256M
 Heap Max Capacity: 512M
 Pre-touch: Disabled
 Parallel Workers: 10
 Concurrent Workers: 3
 Concurrent Refinement Workers: 10
 Periodic GC: Disabled

Heap:
 garbage-first heap   total 262144K, used 64333K [0x00000000e0000000, 0x0000000100000000)
  region size 1024K, 52 young (53248K), 7 survivors (7168K)
 Metaspace       used 15651K, committed 16064K, reserved 393216K
  class space    used 2097K, committed 2304K, reserved 327680K

Heap Regions: E=young(eden), S=young(survivor), O=old, HS=humongous(starts), HC=humongous(continues), CS=collection set, F=free, TAMS=top-at-mark-start, PB=parsable bottom
|   0|0x00000000e0000000, 0x00000000e0100000, 0x00000000e0100000|100%| O|  |TAMS 0x00000000e0000000| PB 0x00000000e0000000| Untracked 
|   1|0x00000000e0100000, 0x00000000e0200000, 0x00000000e0200000|100%| O|  |TAMS 0x00000000e0100000| PB 0x00000000e0100000| Untracked 
|   2|0x00000000e0200000, 0x00000000e0300000, 0x00000000e0300000|100%|HS|  |TAMS 0x00000000e0200000| PB 0x00000000e0200000| Complete 
|   3|0x00000000e0300000, 0x00000000e0400000, 0x00000000e0400000|100%|HC|  |TAMS 0x00000000e0300000| PB 0x00000000e0300000| Complete 
|   4|0x00000000e0400000, 0x00000000e0500000, 0x00000000e0500000|100%|HC|  |TAMS 0x00000000e0400000| PB 0x00000000e0400000| Complete 
|   5|0x00000000e0500000, 0x00000000e0600000, 0x00000000e0600000|100%|HC|  |TAMS 0x00000000e0500000| PB 0x00000000e0500000| Complete 
|   6|0x00000000e0600000, 0x00000000e0700000, 0x00000000e0700000|100%| O|  |TAMS 0x00000000e0600000| PB 0x00000000e0600000| Untracked 
|   7|0x00000000e0700000, 0x00000000e0800000, 0x00000000e0800000|100%| O|  |TAMS 0x00000000e0700000| PB 0x00000000e0700000| Untracked 
|   8|0x00000000e0800000, 0x00000000e0900000, 0x00000000e0900000|100%| O|  |TAMS 0x00000000e0800000| PB 0x00000000e0800000| Untracked 
|   9|0x00000000e0900000, 0x00000000e0a00000, 0x00000000e0a00000|100%| O|  |TAMS 0x00000000e0900000| PB 0x00000000e0900000| Untracked 
|  10|0x00000000e0a00000, 0x00000000e0b00000, 0x00000000e0b00000|100%|HS|  |TAMS 0x00000000e0a00000| PB 0x00000000e0a00000| Complete 
|  11|0x00000000e0b00000, 0x00000000e0b00000, 0x00000000e0c00000|  0%| F|  |TAMS 0x00000000e0b00000| PB 0x00000000e0b00000| Untracked 
|  12|0x00000000e0c00000, 0x00000000e0cd36e0, 0x00000000e0d00000| 82%| O|  |TAMS 0x00000000e0c00000| PB 0x00000000e0c00000| Untracked 
|  13|0x00000000e0d00000, 0x00000000e0d00000, 0x00000000e0e00000|  0%| F|  |TAMS 0x00000000e0d00000| PB 0x00000000e0d00000| Untracked 
|  14|0x00000000e0e00000, 0x00000000e0e00000, 0x00000000e0f00000|  0%| F|  |TAMS 0x00000000e0e00000| PB 0x00000000e0e00000| Untracked 
|  15|0x00000000e0f00000, 0x00000000e0f00000, 0x00000000e1000000|  0%| F|  |TAMS 0x00000000e0f00000| PB 0x00000000e0f00000| Untracked 
|  16|0x00000000e1000000, 0x00000000e1000000, 0x00000000e1100000|  0%| F|  |TAMS 0x00000000e1000000| PB 0x00000000e1000000| Untracked 
|  17|0x00000000e1100000, 0x00000000e1100000, 0x00000000e1200000|  0%| F|  |TAMS 0x00000000e1100000| PB 0x00000000e1100000| Untracked 
|  18|0x00000000e1200000, 0x00000000e1200000, 0x00000000e1300000|  0%| F|  |TAMS 0x00000000e1200000| PB 0x00000000e1200000| Untracked 
|  19|0x00000000e1300000, 0x00000000e1300000, 0x00000000e1400000|  0%| F|  |TAMS 0x00000000e1300000| PB 0x00000000e1300000| Untracked 
|  20|0x00000000e1400000, 0x00000000e1400000, 0x00000000e1500000|  0%| F|  |TAMS 0x00000000e1400000| PB 0x00000000e1400000| Untracked 
|  21|0x00000000e1500000, 0x00000000e1500000, 0x00000000e1600000|  0%| F|  |TAMS 0x00000000e1500000| PB 0x00000000e1500000| Untracked 
|  22|0x00000000e1600000, 0x00000000e1600000, 0x00000000e1700000|  0%| F|  |TAMS 0x00000000e1600000| PB 0x00000000e1600000| Untracked 
|  23|0x00000000e1700000, 0x00000000e1700000, 0x00000000e1800000|  0%| F|  |TAMS 0x00000000e1700000| PB 0x00000000e1700000| Untracked 
|  24|0x00000000e1800000, 0x00000000e1800000, 0x00000000e1900000|  0%| F|  |TAMS 0x00000000e1800000| PB 0x00000000e1800000| Untracked 
|  25|0x00000000e1900000, 0x00000000e1900000, 0x00000000e1a00000|  0%| F|  |TAMS 0x00000000e1900000| PB 0x00000000e1900000| Untracked 
|  26|0x00000000e1a00000, 0x00000000e1a00000, 0x00000000e1b00000|  0%| F|  |TAMS 0x00000000e1a00000| PB 0x00000000e1a00000| Untracked 
|  27|0x00000000e1b00000, 0x00000000e1b00000, 0x00000000e1c00000|  0%| F|  |TAMS 0x00000000e1b00000| PB 0x00000000e1b00000| Untracked 
|  28|0x00000000e1c00000, 0x00000000e1c00000, 0x00000000e1d00000|  0%| F|  |TAMS 0x00000000e1c00000| PB 0x00000000e1c00000| Untracked 
|  29|0x00000000e1d00000, 0x00000000e1d00000, 0x00000000e1e00000|  0%| F|  |TAMS 0x00000000e1d00000| PB 0x00000000e1d00000| Untracked 
|  30|0x00000000e1e00000, 0x00000000e1e00000, 0x00000000e1f00000|  0%| F|  |TAMS 0x00000000e1e00000| PB 0x00000000e1e00000| Untracked 
|  31|0x00000000e1f00000, 0x00000000e1f00000, 0x00000000e2000000|  0%| F|  |TAMS 0x00000000e1f00000| PB 0x00000000e1f00000| Untracked 
|  32|0x00000000e2000000, 0x00000000e2000000, 0x00000000e2100000|  0%| F|  |TAMS 0x00000000e2000000| PB 0x00000000e2000000| Untracked 
|  33|0x00000000e2100000, 0x00000000e2100000, 0x00000000e2200000|  0%| F|  |TAMS 0x00000000e2100000| PB 0x00000000e2100000| Untracked 
|  34|0x00000000e2200000, 0x00000000e2200000, 0x00000000e2300000|  0%| F|  |TAMS 0x00000000e2200000| PB 0x00000000e2200000| Untracked 
|  35|0x00000000e2300000, 0x00000000e2300000, 0x00000000e2400000|  0%| F|  |TAMS 0x00000000e2300000| PB 0x00000000e2300000| Untracked 
|  36|0x00000000e2400000, 0x00000000e2400000, 0x00000000e2500000|  0%| F|  |TAMS 0x00000000e2400000| PB 0x00000000e2400000| Untracked 
|  37|0x00000000e2500000, 0x00000000e2500000, 0x00000000e2600000|  0%| F|  |TAMS 0x00000000e2500000| PB 0x00000000e2500000| Untracked 
|  38|0x00000000e2600000, 0x00000000e2600000, 0x00000000e2700000|  0%| F|  |TAMS 0x00000000e2600000| PB 0x00000000e2600000| Untracked 
|  39|0x00000000e2700000, 0x00000000e2700000, 0x00000000e2800000|  0%| F|  |TAMS 0x00000000e2700000| PB 0x00000000e2700000| Untracked 
|  40|0x00000000e2800000, 0x00000000e2800000, 0x00000000e2900000|  0%| F|  |TAMS 0x00000000e2800000| PB 0x00000000e2800000| Untracked 
|  41|0x00000000e2900000, 0x00000000e2900000, 0x00000000e2a00000|  0%| F|  |TAMS 0x00000000e2900000| PB 0x00000000e2900000| Untracked 
|  42|0x00000000e2a00000, 0x00000000e2a00000, 0x00000000e2b00000|  0%| F|  |TAMS 0x00000000e2a00000| PB 0x00000000e2a00000| Untracked 
|  43|0x00000000e2b00000, 0x00000000e2b00000, 0x00000000e2c00000|  0%| F|  |TAMS 0x00000000e2b00000| PB 0x00000000e2b00000| Untracked 
|  44|0x00000000e2c00000, 0x00000000e2c00000, 0x00000000e2d00000|  0%| F|  |TAMS 0x00000000e2c00000| PB 0x00000000e2c00000| Untracked 
|  45|0x00000000e2d00000, 0x00000000e2d00000, 0x00000000e2e00000|  0%| F|  |TAMS 0x00000000e2d00000| PB 0x00000000e2d00000| Untracked 
|  46|0x00000000e2e00000, 0x00000000e2e00000, 0x00000000e2f00000|  0%| F|  |TAMS 0x00000000e2e00000| PB 0x00000000e2e00000| Untracked 
|  47|0x00000000e2f00000, 0x00000000e2f00000, 0x00000000e3000000|  0%| F|  |TAMS 0x00000000e2f00000| PB 0x00000000e2f00000| Untracked 
|  48|0x00000000e3000000, 0x00000000e3000000, 0x00000000e3100000|  0%| F|  |TAMS 0x00000000e3000000| PB 0x00000000e3000000| Untracked 
|  49|0x00000000e3100000, 0x00000000e3100000, 0x00000000e3200000|  0%| F|  |TAMS 0x00000000e3100000| PB 0x00000000e3100000| Untracked 
|  50|0x00000000e3200000, 0x00000000e3200000, 0x00000000e3300000|  0%| F|  |TAMS 0x00000000e3200000| PB 0x00000000e3200000| Untracked 
|  51|0x00000000e3300000, 0x00000000e3300000, 0x00000000e3400000|  0%| F|  |TAMS 0x00000000e3300000| PB 0x00000000e3300000| Untracked 
|  52|0x00000000e3400000, 0x00000000e3400000, 0x00000000e3500000|  0%| F|  |TAMS 0x00000000e3400000| PB 0x00000000e3400000| Untracked 
|  53|0x00000000e3500000, 0x00000000e3500000, 0x00000000e3600000|  0%| F|  |TAMS 0x00000000e3500000| PB 0x00000000e3500000| Untracked 
|  54|0x00000000e3600000, 0x00000000e3600000, 0x00000000e3700000|  0%| F|  |TAMS 0x00000000e3600000| PB 0x00000000e3600000| Untracked 
|  55|0x00000000e3700000, 0x00000000e3700000, 0x00000000e3800000|  0%| F|  |TAMS 0x00000000e3700000| PB 0x00000000e3700000| Untracked 
|  56|0x00000000e3800000, 0x00000000e3800000, 0x00000000e3900000|  0%| F|  |TAMS 0x00000000e3800000| PB 0x00000000e3800000| Untracked 
|  57|0x00000000e3900000, 0x00000000e3900000, 0x00000000e3a00000|  0%| F|  |TAMS 0x00000000e3900000| PB 0x00000000e3900000| Untracked 
|  58|0x00000000e3a00000, 0x00000000e3a00000, 0x00000000e3b00000|  0%| F|  |TAMS 0x00000000e3a00000| PB 0x00000000e3a00000| Untracked 
|  59|0x00000000e3b00000, 0x00000000e3b00000, 0x00000000e3c00000|  0%| F|  |TAMS 0x00000000e3b00000| PB 0x00000000e3b00000| Untracked 
|  60|0x00000000e3c00000, 0x00000000e3c00000, 0x00000000e3d00000|  0%| F|  |TAMS 0x00000000e3c00000| PB 0x00000000e3c00000| Untracked 
|  61|0x00000000e3d00000, 0x00000000e3d00000, 0x00000000e3e00000|  0%| F|  |TAMS 0x00000000e3d00000| PB 0x00000000e3d00000| Untracked 
|  62|0x00000000e3e00000, 0x00000000e3e00000, 0x00000000e3f00000|  0%| F|  |TAMS 0x00000000e3e00000| PB 0x00000000e3e00000| Untracked 
|  63|0x00000000e3f00000, 0x00000000e3f00000, 0x00000000e4000000|  0%| F|  |TAMS 0x00000000e3f00000| PB 0x00000000e3f00000| Untracked 
|  64|0x00000000e4000000, 0x00000000e4000000, 0x00000000e4100000|  0%| F|  |TAMS 0x00000000e4000000| PB 0x00000000e4000000| Untracked 
|  65|0x00000000e4100000, 0x00000000e4100000, 0x00000000e4200000|  0%| F|  |TAMS 0x00000000e4100000| PB 0x00000000e4100000| Untracked 
|  66|0x00000000e4200000, 0x00000000e4200000, 0x00000000e4300000|  0%| F|  |TAMS 0x00000000e4200000| PB 0x00000000e4200000| Untracked 
|  67|0x00000000e4300000, 0x00000000e4300000, 0x00000000e4400000|  0%| F|  |TAMS 0x00000000e4300000| PB 0x00000000e4300000| Untracked 
|  68|0x00000000e4400000, 0x00000000e4400000, 0x00000000e4500000|  0%| F|  |TAMS 0x00000000e4400000| PB 0x00000000e4400000| Untracked 
|  69|0x00000000e4500000, 0x00000000e4500000, 0x00000000e4600000|  0%| F|  |TAMS 0x00000000e4500000| PB 0x00000000e4500000| Untracked 
|  70|0x00000000e4600000, 0x00000000e4600000, 0x00000000e4700000|  0%| F|  |TAMS 0x00000000e4600000| PB 0x00000000e4600000| Untracked 
|  71|0x00000000e4700000, 0x00000000e4700000, 0x00000000e4800000|  0%| F|  |TAMS 0x00000000e4700000| PB 0x00000000e4700000| Untracked 
|  72|0x00000000e4800000, 0x00000000e4800000, 0x00000000e4900000|  0%| F|  |TAMS 0x00000000e4800000| PB 0x00000000e4800000| Untracked 
|  73|0x00000000e4900000, 0x00000000e4900000, 0x00000000e4a00000|  0%| F|  |TAMS 0x00000000e4900000| PB 0x00000000e4900000| Untracked 
|  74|0x00000000e4a00000, 0x00000000e4a00000, 0x00000000e4b00000|  0%| F|  |TAMS 0x00000000e4a00000| PB 0x00000000e4a00000| Untracked 
|  75|0x00000000e4b00000, 0x00000000e4b00000, 0x00000000e4c00000|  0%| F|  |TAMS 0x00000000e4b00000| PB 0x00000000e4b00000| Untracked 
|  76|0x00000000e4c00000, 0x00000000e4c00000, 0x00000000e4d00000|  0%| F|  |TAMS 0x00000000e4c00000| PB 0x00000000e4c00000| Untracked 
|  77|0x00000000e4d00000, 0x00000000e4d00000, 0x00000000e4e00000|  0%| F|  |TAMS 0x00000000e4d00000| PB 0x00000000e4d00000| Untracked 
|  78|0x00000000e4e00000, 0x00000000e4e00000, 0x00000000e4f00000|  0%| F|  |TAMS 0x00000000e4e00000| PB 0x00000000e4e00000| Untracked 
|  79|0x00000000e4f00000, 0x00000000e4f00000, 0x00000000e5000000|  0%| F|  |TAMS 0x00000000e4f00000| PB 0x00000000e4f00000| Untracked 
|  80|0x00000000e5000000, 0x00000000e5000000, 0x00000000e5100000|  0%| F|  |TAMS 0x00000000e5000000| PB 0x00000000e5000000| Untracked 
|  81|0x00000000e5100000, 0x00000000e5100000, 0x00000000e5200000|  0%| F|  |TAMS 0x00000000e5100000| PB 0x00000000e5100000| Untracked 
|  82|0x00000000e5200000, 0x00000000e5200000, 0x00000000e5300000|  0%| F|  |TAMS 0x00000000e5200000| PB 0x00000000e5200000| Untracked 
|  83|0x00000000e5300000, 0x00000000e5300000, 0x00000000e5400000|  0%| F|  |TAMS 0x00000000e5300000| PB 0x00000000e5300000| Untracked 
|  84|0x00000000e5400000, 0x00000000e5400000, 0x00000000e5500000|  0%| F|  |TAMS 0x00000000e5400000| PB 0x00000000e5400000| Untracked 
|  85|0x00000000e5500000, 0x00000000e5500000, 0x00000000e5600000|  0%| F|  |TAMS 0x00000000e5500000| PB 0x00000000e5500000| Untracked 
|  86|0x00000000e5600000, 0x00000000e5600000, 0x00000000e5700000|  0%| F|  |TAMS 0x00000000e5600000| PB 0x00000000e5600000| Untracked 
|  87|0x00000000e5700000, 0x00000000e5700000, 0x00000000e5800000|  0%| F|  |TAMS 0x00000000e5700000| PB 0x00000000e5700000| Untracked 
|  88|0x00000000e5800000, 0x00000000e5800000, 0x00000000e5900000|  0%| F|  |TAMS 0x00000000e5800000| PB 0x00000000e5800000| Untracked 
|  89|0x00000000e5900000, 0x00000000e5900000, 0x00000000e5a00000|  0%| F|  |TAMS 0x00000000e5900000| PB 0x00000000e5900000| Untracked 
|  90|0x00000000e5a00000, 0x00000000e5a00000, 0x00000000e5b00000|  0%| F|  |TAMS 0x00000000e5a00000| PB 0x00000000e5a00000| Untracked 
|  91|0x00000000e5b00000, 0x00000000e5b00000, 0x00000000e5c00000|  0%| F|  |TAMS 0x00000000e5b00000| PB 0x00000000e5b00000| Untracked 
|  92|0x00000000e5c00000, 0x00000000e5c00000, 0x00000000e5d00000|  0%| F|  |TAMS 0x00000000e5c00000| PB 0x00000000e5c00000| Untracked 
|  93|0x00000000e5d00000, 0x00000000e5d00000, 0x00000000e5e00000|  0%| F|  |TAMS 0x00000000e5d00000| PB 0x00000000e5d00000| Untracked 
|  94|0x00000000e5e00000, 0x00000000e5e00000, 0x00000000e5f00000|  0%| F|  |TAMS 0x00000000e5e00000| PB 0x00000000e5e00000| Untracked 
|  95|0x00000000e5f00000, 0x00000000e5f00000, 0x00000000e6000000|  0%| F|  |TAMS 0x00000000e5f00000| PB 0x00000000e5f00000| Untracked 
|  96|0x00000000e6000000, 0x00000000e6000000, 0x00000000e6100000|  0%| F|  |TAMS 0x00000000e6000000| PB 0x00000000e6000000| Untracked 
|  97|0x00000000e6100000, 0x00000000e6100000, 0x00000000e6200000|  0%| F|  |TAMS 0x00000000e6100000| PB 0x00000000e6100000| Untracked 
|  98|0x00000000e6200000, 0x00000000e6200000, 0x00000000e6300000|  0%| F|  |TAMS 0x00000000e6200000| PB 0x00000000e6200000| Untracked 
|  99|0x00000000e6300000, 0x00000000e6300000, 0x00000000e6400000|  0%| F|  |TAMS 0x00000000e6300000| PB 0x00000000e6300000| Untracked 
| 100|0x00000000e6400000, 0x00000000e6400000, 0x00000000e6500000|  0%| F|  |TAMS 0x00000000e6400000| PB 0x00000000e6400000| Untracked 
| 101|0x00000000e6500000, 0x00000000e6500000, 0x00000000e6600000|  0%| F|  |TAMS 0x00000000e6500000| PB 0x00000000e6500000| Untracked 
| 102|0x00000000e6600000, 0x00000000e6600000, 0x00000000e6700000|  0%| F|  |TAMS 0x00000000e6600000| PB 0x00000000e6600000| Untracked 
| 103|0x00000000e6700000, 0x00000000e6700000, 0x00000000e6800000|  0%| F|  |TAMS 0x00000000e6700000| PB 0x00000000e6700000| Untracked 
| 104|0x00000000e6800000, 0x00000000e6800000, 0x00000000e6900000|  0%| F|  |TAMS 0x00000000e6800000| PB 0x00000000e6800000| Untracked 
| 105|0x00000000e6900000, 0x00000000e6900000, 0x00000000e6a00000|  0%| F|  |TAMS 0x00000000e6900000| PB 0x00000000e6900000| Untracked 
| 106|0x00000000e6a00000, 0x00000000e6a00000, 0x00000000e6b00000|  0%| F|  |TAMS 0x00000000e6a00000| PB 0x00000000e6a00000| Untracked 
| 107|0x00000000e6b00000, 0x00000000e6b00000, 0x00000000e6c00000|  0%| F|  |TAMS 0x00000000e6b00000| PB 0x00000000e6b00000| Untracked 
| 108|0x00000000e6c00000, 0x00000000e6c00000, 0x00000000e6d00000|  0%| F|  |TAMS 0x00000000e6c00000| PB 0x00000000e6c00000| Untracked 
| 109|0x00000000e6d00000, 0x00000000e6d00000, 0x00000000e6e00000|  0%| F|  |TAMS 0x00000000e6d00000| PB 0x00000000e6d00000| Untracked 
| 110|0x00000000e6e00000, 0x00000000e6e00000, 0x00000000e6f00000|  0%| F|  |TAMS 0x00000000e6e00000| PB 0x00000000e6e00000| Untracked 
| 111|0x00000000e6f00000, 0x00000000e6f00000, 0x00000000e7000000|  0%| F|  |TAMS 0x00000000e6f00000| PB 0x00000000e6f00000| Untracked 
| 112|0x00000000e7000000, 0x00000000e7000000, 0x00000000e7100000|  0%| F|  |TAMS 0x00000000e7000000| PB 0x00000000e7000000| Untracked 
| 113|0x00000000e7100000, 0x00000000e7100000, 0x00000000e7200000|  0%| F|  |TAMS 0x00000000e7100000| PB 0x00000000e7100000| Untracked 
| 114|0x00000000e7200000, 0x00000000e7200000, 0x00000000e7300000|  0%| F|  |TAMS 0x00000000e7200000| PB 0x00000000e7200000| Untracked 
| 115|0x00000000e7300000, 0x00000000e7300000, 0x00000000e7400000|  0%| F|  |TAMS 0x00000000e7300000| PB 0x00000000e7300000| Untracked 
| 116|0x00000000e7400000, 0x00000000e7400000, 0x00000000e7500000|  0%| F|  |TAMS 0x00000000e7400000| PB 0x00000000e7400000| Untracked 
| 117|0x00000000e7500000, 0x00000000e7500000, 0x00000000e7600000|  0%| F|  |TAMS 0x00000000e7500000| PB 0x00000000e7500000| Untracked 
| 118|0x00000000e7600000, 0x00000000e7600000, 0x00000000e7700000|  0%| F|  |TAMS 0x00000000e7600000| PB 0x00000000e7600000| Untracked 
| 119|0x00000000e7700000, 0x00000000e7700000, 0x00000000e7800000|  0%| F|  |TAMS 0x00000000e7700000| PB 0x00000000e7700000| Untracked 
| 120|0x00000000e7800000, 0x00000000e7800000, 0x00000000e7900000|  0%| F|  |TAMS 0x00000000e7800000| PB 0x00000000e7800000| Untracked 
| 121|0x00000000e7900000, 0x00000000e7900000, 0x00000000e7a00000|  0%| F|  |TAMS 0x00000000e7900000| PB 0x00000000e7900000| Untracked 
| 122|0x00000000e7a00000, 0x00000000e7a00000, 0x00000000e7b00000|  0%| F|  |TAMS 0x00000000e7a00000| PB 0x00000000e7a00000| Untracked 
| 123|0x00000000e7b00000, 0x00000000e7b00000, 0x00000000e7c00000|  0%| F|  |TAMS 0x00000000e7b00000| PB 0x00000000e7b00000| Untracked 
| 124|0x00000000e7c00000, 0x00000000e7c00000, 0x00000000e7d00000|  0%| F|  |TAMS 0x00000000e7c00000| PB 0x00000000e7c00000| Untracked 
| 125|0x00000000e7d00000, 0x00000000e7d00000, 0x00000000e7e00000|  0%| F|  |TAMS 0x00000000e7d00000| PB 0x00000000e7d00000| Untracked 
| 126|0x00000000e7e00000, 0x00000000e7e00000, 0x00000000e7f00000|  0%| F|  |TAMS 0x00000000e7e00000| PB 0x00000000e7e00000| Untracked 
| 127|0x00000000e7f00000, 0x00000000e7f00000, 0x00000000e8000000|  0%| F|  |TAMS 0x00000000e7f00000| PB 0x00000000e7f00000| Untracked 
| 128|0x00000000e8000000, 0x00000000e8000000, 0x00000000e8100000|  0%| F|  |TAMS 0x00000000e8000000| PB 0x00000000e8000000| Untracked 
| 129|0x00000000e8100000, 0x00000000e8100000, 0x00000000e8200000|  0%| F|  |TAMS 0x00000000e8100000| PB 0x00000000e8100000| Untracked 
| 130|0x00000000e8200000, 0x00000000e8200000, 0x00000000e8300000|  0%| F|  |TAMS 0x00000000e8200000| PB 0x00000000e8200000| Untracked 
| 131|0x00000000e8300000, 0x00000000e8300000, 0x00000000e8400000|  0%| F|  |TAMS 0x00000000e8300000| PB 0x00000000e8300000| Untracked 
| 132|0x00000000e8400000, 0x00000000e8400000, 0x00000000e8500000|  0%| F|  |TAMS 0x00000000e8400000| PB 0x00000000e8400000| Untracked 
| 133|0x00000000e8500000, 0x00000000e8500000, 0x00000000e8600000|  0%| F|  |TAMS 0x00000000e8500000| PB 0x00000000e8500000| Untracked 
| 134|0x00000000e8600000, 0x00000000e8600000, 0x00000000e8700000|  0%| F|  |TAMS 0x00000000e8600000| PB 0x00000000e8600000| Untracked 
| 135|0x00000000e8700000, 0x00000000e8700000, 0x00000000e8800000|  0%| F|  |TAMS 0x00000000e8700000| PB 0x00000000e8700000| Untracked 
| 136|0x00000000e8800000, 0x00000000e8800000, 0x00000000e8900000|  0%| F|  |TAMS 0x00000000e8800000| PB 0x00000000e8800000| Untracked 
| 137|0x00000000e8900000, 0x00000000e8900000, 0x00000000e8a00000|  0%| F|  |TAMS 0x00000000e8900000| PB 0x00000000e8900000| Untracked 
| 138|0x00000000e8a00000, 0x00000000e8a00000, 0x00000000e8b00000|  0%| F|  |TAMS 0x00000000e8a00000| PB 0x00000000e8a00000| Untracked 
| 139|0x00000000e8b00000, 0x00000000e8b00000, 0x00000000e8c00000|  0%| F|  |TAMS 0x00000000e8b00000| PB 0x00000000e8b00000| Untracked 
| 140|0x00000000e8c00000, 0x00000000e8c00000, 0x00000000e8d00000|  0%| F|  |TAMS 0x00000000e8c00000| PB 0x00000000e8c00000| Untracked 
| 141|0x00000000e8d00000, 0x00000000e8d00000, 0x00000000e8e00000|  0%| F|  |TAMS 0x00000000e8d00000| PB 0x00000000e8d00000| Untracked 
| 142|0x00000000e8e00000, 0x00000000e8e00000, 0x00000000e8f00000|  0%| F|  |TAMS 0x00000000e8e00000| PB 0x00000000e8e00000| Untracked 
| 143|0x00000000e8f00000, 0x00000000e8f00000, 0x00000000e9000000|  0%| F|  |TAMS 0x00000000e8f00000| PB 0x00000000e8f00000| Untracked 
| 144|0x00000000e9000000, 0x00000000e9000000, 0x00000000e9100000|  0%| F|  |TAMS 0x00000000e9000000| PB 0x00000000e9000000| Untracked 
| 145|0x00000000e9100000, 0x00000000e9100000, 0x00000000e9200000|  0%| F|  |TAMS 0x00000000e9100000| PB 0x00000000e9100000| Untracked 
| 146|0x00000000e9200000, 0x00000000e9200000, 0x00000000e9300000|  0%| F|  |TAMS 0x00000000e9200000| PB 0x00000000e9200000| Untracked 
| 147|0x00000000e9300000, 0x00000000e9300000, 0x00000000e9400000|  0%| F|  |TAMS 0x00000000e9300000| PB 0x00000000e9300000| Untracked 
| 148|0x00000000e9400000, 0x00000000e9400000, 0x00000000e9500000|  0%| F|  |TAMS 0x00000000e9400000| PB 0x00000000e9400000| Untracked 
| 149|0x00000000e9500000, 0x00000000e9500000, 0x00000000e9600000|  0%| F|  |TAMS 0x00000000e9500000| PB 0x00000000e9500000| Untracked 
| 150|0x00000000e9600000, 0x00000000e9600000, 0x00000000e9700000|  0%| F|  |TAMS 0x00000000e9600000| PB 0x00000000e9600000| Untracked 
| 151|0x00000000e9700000, 0x00000000e9700000, 0x00000000e9800000|  0%| F|  |TAMS 0x00000000e9700000| PB 0x00000000e9700000| Untracked 
| 152|0x00000000e9800000, 0x00000000e9800000, 0x00000000e9900000|  0%| F|  |TAMS 0x00000000e9800000| PB 0x00000000e9800000| Untracked 
| 153|0x00000000e9900000, 0x00000000e9900000, 0x00000000e9a00000|  0%| F|  |TAMS 0x00000000e9900000| PB 0x00000000e9900000| Untracked 
| 154|0x00000000e9a00000, 0x00000000e9a00000, 0x00000000e9b00000|  0%| F|  |TAMS 0x00000000e9a00000| PB 0x00000000e9a00000| Untracked 
| 155|0x00000000e9b00000, 0x00000000e9b00000, 0x00000000e9c00000|  0%| F|  |TAMS 0x00000000e9b00000| PB 0x00000000e9b00000| Untracked 
| 156|0x00000000e9c00000, 0x00000000e9c00000, 0x00000000e9d00000|  0%| F|  |TAMS 0x00000000e9c00000| PB 0x00000000e9c00000| Untracked 
| 157|0x00000000e9d00000, 0x00000000e9d00000, 0x00000000e9e00000|  0%| F|  |TAMS 0x00000000e9d00000| PB 0x00000000e9d00000| Untracked 
| 158|0x00000000e9e00000, 0x00000000e9e00000, 0x00000000e9f00000|  0%| F|  |TAMS 0x00000000e9e00000| PB 0x00000000e9e00000| Untracked 
| 159|0x00000000e9f00000, 0x00000000e9f00000, 0x00000000ea000000|  0%| F|  |TAMS 0x00000000e9f00000| PB 0x00000000e9f00000| Untracked 
| 160|0x00000000ea000000, 0x00000000ea000000, 0x00000000ea100000|  0%| F|  |TAMS 0x00000000ea000000| PB 0x00000000ea000000| Untracked 
| 161|0x00000000ea100000, 0x00000000ea100000, 0x00000000ea200000|  0%| F|  |TAMS 0x00000000ea100000| PB 0x00000000ea100000| Untracked 
| 162|0x00000000ea200000, 0x00000000ea200000, 0x00000000ea300000|  0%| F|  |TAMS 0x00000000ea200000| PB 0x00000000ea200000| Untracked 
| 163|0x00000000ea300000, 0x00000000ea300000, 0x00000000ea400000|  0%| F|  |TAMS 0x00000000ea300000| PB 0x00000000ea300000| Untracked 
| 164|0x00000000ea400000, 0x00000000ea400000, 0x00000000ea500000|  0%| F|  |TAMS 0x00000000ea400000| PB 0x00000000ea400000| Untracked 
| 165|0x00000000ea500000, 0x00000000ea500000, 0x00000000ea600000|  0%| F|  |TAMS 0x00000000ea500000| PB 0x00000000ea500000| Untracked 
| 166|0x00000000ea600000, 0x00000000ea600000, 0x00000000ea700000|  0%| F|  |TAMS 0x00000000ea600000| PB 0x00000000ea600000| Untracked 
| 167|0x00000000ea700000, 0x00000000ea700000, 0x00000000ea800000|  0%| F|  |TAMS 0x00000000ea700000| PB 0x00000000ea700000| Untracked 
| 168|0x00000000ea800000, 0x00000000ea800000, 0x00000000ea900000|  0%| F|  |TAMS 0x00000000ea800000| PB 0x00000000ea800000| Untracked 
| 169|0x00000000ea900000, 0x00000000ea900000, 0x00000000eaa00000|  0%| F|  |TAMS 0x00000000ea900000| PB 0x00000000ea900000| Untracked 
| 170|0x00000000eaa00000, 0x00000000eaa00000, 0x00000000eab00000|  0%| F|  |TAMS 0x00000000eaa00000| PB 0x00000000eaa00000| Untracked 
| 171|0x00000000eab00000, 0x00000000eab00000, 0x00000000eac00000|  0%| F|  |TAMS 0x00000000eab00000| PB 0x00000000eab00000| Untracked 
| 172|0x00000000eac00000, 0x00000000eac00000, 0x00000000ead00000|  0%| F|  |TAMS 0x00000000eac00000| PB 0x00000000eac00000| Untracked 
| 173|0x00000000ead00000, 0x00000000ead00000, 0x00000000eae00000|  0%| F|  |TAMS 0x00000000ead00000| PB 0x00000000ead00000| Untracked 
| 174|0x00000000eae00000, 0x00000000eae00000, 0x00000000eaf00000|  0%| F|  |TAMS 0x00000000eae00000| PB 0x00000000eae00000| Untracked 
| 175|0x00000000eaf00000, 0x00000000eaf00000, 0x00000000eb000000|  0%| F|  |TAMS 0x00000000eaf00000| PB 0x00000000eaf00000| Untracked 
| 176|0x00000000eb000000, 0x00000000eb000000, 0x00000000eb100000|  0%| F|  |TAMS 0x00000000eb000000| PB 0x00000000eb000000| Untracked 
| 177|0x00000000eb100000, 0x00000000eb100000, 0x00000000eb200000|  0%| F|  |TAMS 0x00000000eb100000| PB 0x00000000eb100000| Untracked 
| 178|0x00000000eb200000, 0x00000000eb200000, 0x00000000eb300000|  0%| F|  |TAMS 0x00000000eb200000| PB 0x00000000eb200000| Untracked 
| 179|0x00000000eb300000, 0x00000000eb300000, 0x00000000eb400000|  0%| F|  |TAMS 0x00000000eb300000| PB 0x00000000eb300000| Untracked 
| 180|0x00000000eb400000, 0x00000000eb400000, 0x00000000eb500000|  0%| F|  |TAMS 0x00000000eb400000| PB 0x00000000eb400000| Untracked 
| 181|0x00000000eb500000, 0x00000000eb500000, 0x00000000eb600000|  0%| F|  |TAMS 0x00000000eb500000| PB 0x00000000eb500000| Untracked 
| 182|0x00000000eb600000, 0x00000000eb600000, 0x00000000eb700000|  0%| F|  |TAMS 0x00000000eb600000| PB 0x00000000eb600000| Untracked 
| 183|0x00000000eb700000, 0x00000000eb700000, 0x00000000eb800000|  0%| F|  |TAMS 0x00000000eb700000| PB 0x00000000eb700000| Untracked 
| 184|0x00000000eb800000, 0x00000000eb800000, 0x00000000eb900000|  0%| F|  |TAMS 0x00000000eb800000| PB 0x00000000eb800000| Untracked 
| 185|0x00000000eb900000, 0x00000000eb900000, 0x00000000eba00000|  0%| F|  |TAMS 0x00000000eb900000| PB 0x00000000eb900000| Untracked 
| 186|0x00000000eba00000, 0x00000000eba00000, 0x00000000ebb00000|  0%| F|  |TAMS 0x00000000eba00000| PB 0x00000000eba00000| Untracked 
| 187|0x00000000ebb00000, 0x00000000ebb00000, 0x00000000ebc00000|  0%| F|  |TAMS 0x00000000ebb00000| PB 0x00000000ebb00000| Untracked 
| 188|0x00000000ebc00000, 0x00000000ebc00000, 0x00000000ebd00000|  0%| F|  |TAMS 0x00000000ebc00000| PB 0x00000000ebc00000| Untracked 
| 189|0x00000000ebd00000, 0x00000000ebd00000, 0x00000000ebe00000|  0%| F|  |TAMS 0x00000000ebd00000| PB 0x00000000ebd00000| Untracked 
| 190|0x00000000ebe00000, 0x00000000ebe00000, 0x00000000ebf00000|  0%| F|  |TAMS 0x00000000ebe00000| PB 0x00000000ebe00000| Untracked 
| 191|0x00000000ebf00000, 0x00000000ebf00000, 0x00000000ec000000|  0%| F|  |TAMS 0x00000000ebf00000| PB 0x00000000ebf00000| Untracked 
| 192|0x00000000ec000000, 0x00000000ec000000, 0x00000000ec100000|  0%| F|  |TAMS 0x00000000ec000000| PB 0x00000000ec000000| Untracked 
| 193|0x00000000ec100000, 0x00000000ec100000, 0x00000000ec200000|  0%| F|  |TAMS 0x00000000ec100000| PB 0x00000000ec100000| Untracked 
| 194|0x00000000ec200000, 0x00000000ec200000, 0x00000000ec300000|  0%| F|  |TAMS 0x00000000ec200000| PB 0x00000000ec200000| Untracked 
| 195|0x00000000ec300000, 0x00000000ec300000, 0x00000000ec400000|  0%| F|  |TAMS 0x00000000ec300000| PB 0x00000000ec300000| Untracked 
| 196|0x00000000ec400000, 0x00000000ec400000, 0x00000000ec500000|  0%| F|  |TAMS 0x00000000ec400000| PB 0x00000000ec400000| Untracked 
| 197|0x00000000ec500000, 0x00000000ec500000, 0x00000000ec600000|  0%| F|  |TAMS 0x00000000ec500000| PB 0x00000000ec500000| Untracked 
| 198|0x00000000ec600000, 0x00000000ec600000, 0x00000000ec700000|  0%| F|  |TAMS 0x00000000ec600000| PB 0x00000000ec600000| Untracked 
| 199|0x00000000ec700000, 0x00000000ec700000, 0x00000000ec800000|  0%| F|  |TAMS 0x00000000ec700000| PB 0x00000000ec700000| Untracked 
| 200|0x00000000ec800000, 0x00000000ec900000, 0x00000000ec900000|100%| S|CS|TAMS 0x00000000ec800000| PB 0x00000000ec800000| Complete 
| 201|0x00000000ec900000, 0x00000000eca00000, 0x00000000eca00000|100%| S|CS|TAMS 0x00000000ec900000| PB 0x00000000ec900000| Complete 
| 202|0x00000000eca00000, 0x00000000ecb00000, 0x00000000ecb00000|100%| S|CS|TAMS 0x00000000eca00000| PB 0x00000000eca00000| Complete 
| 203|0x00000000ecb00000, 0x00000000ecc00000, 0x00000000ecc00000|100%| S|CS|TAMS 0x00000000ecb00000| PB 0x00000000ecb00000| Complete 
| 204|0x00000000ecc00000, 0x00000000ecd00000, 0x00000000ecd00000|100%| S|CS|TAMS 0x00000000ecc00000| PB 0x00000000ecc00000| Complete 
| 205|0x00000000ecd00000, 0x00000000ece00000, 0x00000000ece00000|100%| S|CS|TAMS 0x00000000ecd00000| PB 0x00000000ecd00000| Complete 
| 206|0x00000000ece00000, 0x00000000ecf00000, 0x00000000ecf00000|100%| S|CS|TAMS 0x00000000ece00000| PB 0x00000000ece00000| Complete 
| 207|0x00000000ecf00000, 0x00000000ecf00000, 0x00000000ed000000|  0%| F|  |TAMS 0x00000000ecf00000| PB 0x00000000ecf00000| Untracked 
| 208|0x00000000ed000000, 0x00000000ed000000, 0x00000000ed100000|  0%| F|  |TAMS 0x00000000ed000000| PB 0x00000000ed000000| Untracked 
| 209|0x00000000ed100000, 0x00000000ed100000, 0x00000000ed200000|  0%| F|  |TAMS 0x00000000ed100000| PB 0x00000000ed100000| Untracked 
| 210|0x00000000ed200000, 0x00000000ed200000, 0x00000000ed300000|  0%| F|  |TAMS 0x00000000ed200000| PB 0x00000000ed200000| Untracked 
| 211|0x00000000ed300000, 0x00000000ed300800, 0x00000000ed400000|  0%| E|  |TAMS 0x00000000ed300000| PB 0x00000000ed300000| Complete 
| 212|0x00000000ed400000, 0x00000000ed500000, 0x00000000ed500000|100%| E|CS|TAMS 0x00000000ed400000| PB 0x00000000ed400000| Complete 
| 213|0x00000000ed500000, 0x00000000ed600000, 0x00000000ed600000|100%| E|CS|TAMS 0x00000000ed500000| PB 0x00000000ed500000| Complete 
| 214|0x00000000ed600000, 0x00000000ed700000, 0x00000000ed700000|100%| E|CS|TAMS 0x00000000ed600000| PB 0x00000000ed600000| Complete 
| 215|0x00000000ed700000, 0x00000000ed800000, 0x00000000ed800000|100%| E|CS|TAMS 0x00000000ed700000| PB 0x00000000ed700000| Complete 
| 216|0x00000000ed800000, 0x00000000ed900000, 0x00000000ed900000|100%| E|CS|TAMS 0x00000000ed800000| PB 0x00000000ed800000| Complete 
| 217|0x00000000ed900000, 0x00000000eda00000, 0x00000000eda00000|100%| E|CS|TAMS 0x00000000ed900000| PB 0x00000000ed900000| Complete 
| 218|0x00000000eda00000, 0x00000000edb00000, 0x00000000edb00000|100%| E|CS|TAMS 0x00000000eda00000| PB 0x00000000eda00000| Complete 
| 219|0x00000000edb00000, 0x00000000edc00000, 0x00000000edc00000|100%| E|CS|TAMS 0x00000000edb00000| PB 0x00000000edb00000| Complete 
| 220|0x00000000edc00000, 0x00000000edd00000, 0x00000000edd00000|100%| E|CS|TAMS 0x00000000edc00000| PB 0x00000000edc00000| Complete 
| 221|0x00000000edd00000, 0x00000000ede00000, 0x00000000ede00000|100%| E|CS|TAMS 0x00000000edd00000| PB 0x00000000edd00000| Complete 
| 222|0x00000000ede00000, 0x00000000edf00000, 0x00000000edf00000|100%| E|CS|TAMS 0x00000000ede00000| PB 0x00000000ede00000| Complete 
| 223|0x00000000edf00000, 0x00000000ee000000, 0x00000000ee000000|100%| E|CS|TAMS 0x00000000edf00000| PB 0x00000000edf00000| Complete 
| 224|0x00000000ee000000, 0x00000000ee100000, 0x00000000ee100000|100%| E|CS|TAMS 0x00000000ee000000| PB 0x00000000ee000000| Complete 
| 225|0x00000000ee100000, 0x00000000ee200000, 0x00000000ee200000|100%| E|CS|TAMS 0x00000000ee100000| PB 0x00000000ee100000| Complete 
| 226|0x00000000ee200000, 0x00000000ee300000, 0x00000000ee300000|100%| E|CS|TAMS 0x00000000ee200000| PB 0x00000000ee200000| Complete 
| 227|0x00000000ee300000, 0x00000000ee400000, 0x00000000ee400000|100%| E|CS|TAMS 0x00000000ee300000| PB 0x00000000ee300000| Complete 
| 228|0x00000000ee400000, 0x00000000ee500000, 0x00000000ee500000|100%| E|CS|TAMS 0x00000000ee400000| PB 0x00000000ee400000| Complete 
| 229|0x00000000ee500000, 0x00000000ee600000, 0x00000000ee600000|100%| E|CS|TAMS 0x00000000ee500000| PB 0x00000000ee500000| Complete 
| 230|0x00000000ee600000, 0x00000000ee700000, 0x00000000ee700000|100%| E|CS|TAMS 0x00000000ee600000| PB 0x00000000ee600000| Complete 
| 231|0x00000000ee700000, 0x00000000ee800000, 0x00000000ee800000|100%| E|CS|TAMS 0x00000000ee700000| PB 0x00000000ee700000| Complete 
| 232|0x00000000ee800000, 0x00000000ee900000, 0x00000000ee900000|100%| E|CS|TAMS 0x00000000ee800000| PB 0x00000000ee800000| Complete 
| 233|0x00000000ee900000, 0x00000000eea00000, 0x00000000eea00000|100%| E|CS|TAMS 0x00000000ee900000| PB 0x00000000ee900000| Complete 
| 234|0x00000000eea00000, 0x00000000eeb00000, 0x00000000eeb00000|100%| E|CS|TAMS 0x00000000eea00000| PB 0x00000000eea00000| Complete 
| 235|0x00000000eeb00000, 0x00000000eec00000, 0x00000000eec00000|100%| E|CS|TAMS 0x00000000eeb00000| PB 0x00000000eeb00000| Complete 
| 236|0x00000000eec00000, 0x00000000eed00000, 0x00000000eed00000|100%| E|CS|TAMS 0x00000000eec00000| PB 0x00000000eec00000| Complete 
| 237|0x00000000eed00000, 0x00000000eee00000, 0x00000000eee00000|100%| E|CS|TAMS 0x00000000eed00000| PB 0x00000000eed00000| Complete 
| 238|0x00000000eee00000, 0x00000000eef00000, 0x00000000eef00000|100%| E|CS|TAMS 0x00000000eee00000| PB 0x00000000eee00000| Complete 
| 239|0x00000000eef00000, 0x00000000ef000000, 0x00000000ef000000|100%| E|CS|TAMS 0x00000000eef00000| PB 0x00000000eef00000| Complete 
| 240|0x00000000ef000000, 0x00000000ef100000, 0x00000000ef100000|100%| E|CS|TAMS 0x00000000ef000000| PB 0x00000000ef000000| Complete 
| 241|0x00000000ef100000, 0x00000000ef200000, 0x00000000ef200000|100%| E|CS|TAMS 0x00000000ef100000| PB 0x00000000ef100000| Complete 
| 242|0x00000000ef200000, 0x00000000ef300000, 0x00000000ef300000|100%| E|CS|TAMS 0x00000000ef200000| PB 0x00000000ef200000| Complete 
| 243|0x00000000ef300000, 0x00000000ef400000, 0x00000000ef400000|100%| E|CS|TAMS 0x00000000ef300000| PB 0x00000000ef300000| Complete 
| 244|0x00000000ef400000, 0x00000000ef500000, 0x00000000ef500000|100%| E|CS|TAMS 0x00000000ef400000| PB 0x00000000ef400000| Complete 
| 245|0x00000000ef500000, 0x00000000ef600000, 0x00000000ef600000|100%| E|CS|TAMS 0x00000000ef500000| PB 0x00000000ef500000| Complete 
| 246|0x00000000ef600000, 0x00000000ef700000, 0x00000000ef700000|100%| E|CS|TAMS 0x00000000ef600000| PB 0x00000000ef600000| Complete 
| 247|0x00000000ef700000, 0x00000000ef800000, 0x00000000ef800000|100%| E|CS|TAMS 0x00000000ef700000| PB 0x00000000ef700000| Complete 
| 248|0x00000000ef800000, 0x00000000ef900000, 0x00000000ef900000|100%| E|CS|TAMS 0x00000000ef800000| PB 0x00000000ef800000| Complete 
| 249|0x00000000ef900000, 0x00000000efa00000, 0x00000000efa00000|100%| E|CS|TAMS 0x00000000ef900000| PB 0x00000000ef900000| Complete 
| 250|0x00000000efa00000, 0x00000000efb00000, 0x00000000efb00000|100%| E|CS|TAMS 0x00000000efa00000| PB 0x00000000efa00000| Complete 
| 251|0x00000000efb00000, 0x00000000efc00000, 0x00000000efc00000|100%| E|CS|TAMS 0x00000000efb00000| PB 0x00000000efb00000| Complete 
| 252|0x00000000efc00000, 0x00000000efd00000, 0x00000000efd00000|100%| E|CS|TAMS 0x00000000efc00000| PB 0x00000000efc00000| Complete 
| 253|0x00000000efd00000, 0x00000000efe00000, 0x00000000efe00000|100%| E|CS|TAMS 0x00000000efd00000| PB 0x00000000efd00000| Complete 
| 254|0x00000000efe00000, 0x00000000eff00000, 0x00000000eff00000|100%| E|CS|TAMS 0x00000000efe00000| PB 0x00000000efe00000| Complete 
| 255|0x00000000eff00000, 0x00000000f0000000, 0x00000000f0000000|100%| E|CS|TAMS 0x00000000eff00000| PB 0x00000000eff00000| Complete 

Card table byte_map: [0x0000021af8310000,0x0000021af8410000] _byte_map_base: 0x0000021af7c10000

Marking Bits: (CMBitMap*) 0x0000021af7c250a0
 Bits: [0x0000021af8410000, 0x0000021af8c10000)

Polling page: 0x0000021af5c00000

Metaspace:

Usage:
  Non-class:     13.24 MB used.
      Class:      2.05 MB used.
       Both:     15.28 MB used.

Virtual space:
  Non-class space:       64.00 MB reserved,      13.44 MB ( 21%) committed,  1 nodes.
      Class space:      320.00 MB reserved,       2.25 MB ( <1%) committed,  1 nodes.
             Both:      384.00 MB reserved,      15.69 MB (  4%) committed. 

Chunk freelists:
   Non-Class:  1.95 MB
       Class:  13.56 MB
        Both:  15.52 MB

MaxMetaspaceSize: 384.00 MB
CompressedClassSpaceSize: 320.00 MB
Initial GC threshold: 21.00 MB
Current GC threshold: 21.00 MB
CDS: on
 - commit_granule_bytes: 65536.
 - commit_granule_words: 8192.
 - virtual_space_node_default_size: 8388608.
 - enlarge_chunks_in_place: 1.
 - use_allocation_guard: 0.


Internal statistics:

num_allocs_failed_limit: 0.
num_arena_births: 514.
num_arena_deaths: 0.
num_vsnodes_births: 2.
num_vsnodes_deaths: 0.
num_space_committed: 251.
num_space_uncommitted: 0.
num_chunks_returned_to_freelist: 0.
num_chunks_taken_from_freelist: 1011.
num_chunk_merges: 0.
num_chunk_splits: 662.
num_chunks_enlarged: 464.
num_inconsistent_stats: 0.

CodeHeap 'non-profiled nmethods': size=120000Kb used=1289Kb max_used=1289Kb free=118710Kb
 bounds [0x0000021a8fe60000, 0x0000021a900d0000, 0x0000021a97390000]
CodeHeap 'profiled nmethods': size=120000Kb used=5606Kb max_used=5606Kb free=114393Kb
 bounds [0x0000021a88390000, 0x0000021a88910000, 0x0000021a8f8c0000]
CodeHeap 'non-nmethods': size=5760Kb used=1469Kb max_used=1486Kb free=4290Kb
 bounds [0x0000021a8f8c0000, 0x0000021a8fb30000, 0x0000021a8fe60000]
 total_blobs=3315 nmethods=2762 adapters=457
 compilation: enabled
              stopped_count=0, restarted_count=0
 full_count=0

Compilation events (20 events):
Event: 15.132 Thread 0x0000021afb8acea0 nmethod 2754 0x0000021a88901910 code [0x0000021a88901ac0, 0x0000021a88901cf0]
Event: 15.132 Thread 0x0000021afb8acea0 2750       3       java.util.regex.Pattern$GroupHead::match (47 bytes)
Event: 15.132 Thread 0x0000021afb8acea0 nmethod 2750 0x0000021a88901d90 code [0x0000021a88901f40, 0x0000021a889021a8]
Event: 15.132 Thread 0x0000021afb8acea0 2741       3       java.util.regex.Pattern::expr (142 bytes)
Event: 15.133 Thread 0x0000021afb8acea0 nmethod 2741 0x0000021a88902390 code [0x0000021a88902600, 0x0000021a889030d8]
Event: 15.133 Thread 0x0000021afb8acea0 2752       1       java.lang.Character::charValue (5 bytes)
Event: 15.133 Thread 0x0000021afb8acea0 nmethod 2752 0x0000021a8ffa2390 code [0x0000021a8ffa2520, 0x0000021a8ffa25f0]
Event: 15.135 Thread 0x0000021afb8aa2c0 2756   !   4       java.lang.ClassLoader::loadClass (121 bytes)
Event: 15.145 Thread 0x0000021afb8acea0 2757       3       org.gradle.internal.service.DefaultServiceRegistry::assertValidServiceType (51 bytes)
Event: 15.146 Thread 0x0000021afb8acea0 nmethod 2757 0x0000021a88903490 code [0x0000021a889036a0, 0x0000021a88903c10]
Event: 15.146 Thread 0x0000021afb8acea0 2758       3       org.gradle.internal.service.DefaultServiceRegistry::find (151 bytes)
Event: 15.148 Thread 0x0000021afb8acea0 nmethod 2758 0x0000021a88903e10 code [0x0000021a88904200, 0x0000021a88905ea0]
Event: 15.148 Thread 0x0000021afb8acea0 2759       3       org.gradle.internal.service.DefaultServiceRegistry::isSatisfiedBy (44 bytes)
Event: 15.148 Thread 0x0000021afb8acea0 nmethod 2759 0x0000021a88906690 code [0x0000021a889068a0, 0x0000021a88907010]
Event: 15.203 Thread 0x0000021afb8acea0 2763       3       java.util.HashMap::removeNode (291 bytes)
Event: 15.205 Thread 0x0000021afb8acea0 nmethod 2763 0x0000021a88907190 code [0x0000021a88907440, 0x0000021a889086f8]
Event: 15.236 Thread 0x0000021afb8acea0 2764       3       java.lang.Thread::isVirtual (5 bytes)
Event: 15.236 Thread 0x0000021afb8acea0 nmethod 2764 0x0000021a88908b90 code [0x0000021a88908d40, 0x0000021a88908f48]
Event: 15.280 Thread 0x0000021afb8acea0 2765       3       java.util.concurrent.TimeUnit::toNanos (45 bytes)
Event: 15.281 Thread 0x0000021afb8acea0 nmethod 2765 0x0000021a88909010 code [0x0000021a889091c0, 0x0000021a88909428]

GC Heap History (6 events):
Event: 2.082 GC heap before
{Heap before GC invocations=0 (full 0):
 garbage-first heap   total 262144K, used 22528K [0x00000000e0000000, 0x0000000100000000)
  region size 1024K, 23 young (23552K), 0 survivors (0K)
 Metaspace       used 1102K, committed 1216K, reserved 393216K
  class space    used 77K, committed 128K, reserved 327680K
}
Event: 2.114 GC heap after
{Heap after GC invocations=1 (full 0):
 garbage-first heap   total 262144K, used 4629K [0x00000000e0000000, 0x0000000100000000)
  region size 1024K, 3 young (3072K), 3 survivors (3072K)
 Metaspace       used 1102K, committed 1216K, reserved 393216K
  class space    used 77K, committed 128K, reserved 327680K
}
Event: 5.370 GC heap before
{Heap before GC invocations=1 (full 0):
 garbage-first heap   total 262144K, used 40469K [0x00000000e0000000, 0x0000000100000000)
  region size 1024K, 35 young (35840K), 3 survivors (3072K)
 Metaspace       used 4354K, committed 4544K, reserved 393216K
  class space    used 538K, committed 640K, reserved 327680K
}
Event: 5.374 GC heap after
{Heap after GC invocations=2 (full 0):
 garbage-first heap   total 262144K, used 12476K [0x00000000e0000000, 0x0000000100000000)
  region size 1024K, 4 young (4096K), 4 survivors (4096K)
 Metaspace       used 4354K, committed 4544K, reserved 393216K
  class space    used 538K, committed 640K, reserved 327680K
}
Event: 8.514 GC heap before
{Heap before GC invocations=2 (full 0):
 garbage-first heap   total 262144K, used 59580K [0x00000000e0000000, 0x0000000100000000)
  region size 1024K, 49 young (50176K), 4 survivors (4096K)
 Metaspace       used 5950K, committed 6208K, reserved 393216K
  class space    used 763K, committed 896K, reserved 327680K
}
Event: 8.520 GC heap after
{Heap after GC invocations=3 (full 0):
 garbage-first heap   total 262144K, used 19277K [0x00000000e0000000, 0x0000000100000000)
  region size 1024K, 7 young (7168K), 7 survivors (7168K)
 Metaspace       used 5950K, committed 6208K, reserved 393216K
  class space    used 763K, committed 896K, reserved 327680K
}

Dll operation events (15 events):
Event: 0.025 Loaded shared library C:\Users\kirte\.jdks\openjdk-21.0.2\bin\java.dll
Event: 0.186 Loaded shared library C:\Users\kirte\.jdks\openjdk-21.0.2\bin\jsvml.dll
Event: 0.333 Loaded shared library C:\Users\kirte\.jdks\openjdk-21.0.2\bin\zip.dll
Event: 0.341 Loaded shared library C:\Users\kirte\.jdks\openjdk-21.0.2\bin\instrument.dll
Event: 0.353 Loaded shared library C:\Users\kirte\.jdks\openjdk-21.0.2\bin\net.dll
Event: 0.359 Loaded shared library C:\Users\kirte\.jdks\openjdk-21.0.2\bin\nio.dll
Event: 0.366 Loaded shared library C:\Users\kirte\.jdks\openjdk-21.0.2\bin\zip.dll
Event: 1.532 Loaded shared library C:\Users\kirte\.jdks\openjdk-21.0.2\bin\jimage.dll
Event: 2.276 Loaded shared library C:\Users\kirte\.jdks\openjdk-21.0.2\bin\verify.dll
Event: 3.564 Loaded shared library C:\Users\kirte\.gradle\native\c067742578af261105cb4f569cf0c3c89f3d7b1fecec35dd04571415982c5e48\windows-amd64\native-platform.dll
Event: 3.620 Loaded shared library C:\Users\kirte\.gradle\native\100fb08df4bc3b14c8652ba06237920a3bd2aa13389f12d3474272988ae205f9\windows-amd64\native-platform-file-events.dll
Event: 8.715 Loaded shared library C:\Users\kirte\.jdks\openjdk-21.0.2\bin\management.dll
Event: 8.725 Loaded shared library C:\Users\kirte\.jdks\openjdk-21.0.2\bin\management_ext.dll
Event: 9.733 Loaded shared library C:\Users\kirte\.jdks\openjdk-21.0.2\bin\extnet.dll
Event: 11.707 Loaded shared library C:\Users\kirte\.jdks\openjdk-21.0.2\bin\sunmscapi.dll

Deoptimization events (20 events):
Event: 13.801 Thread 0x0000021ab1e7fd40 Uncommon trap: trap_request=0xffffff45 fr.pc=0x0000021a8feeabc4 relative=0x0000000000000284
Event: 13.801 Thread 0x0000021ab1e7fd40 Uncommon trap: reason=unstable_if action=reinterpret pc=0x0000021a8feeabc4 method=java.util.concurrent.ConcurrentHashMap.get(Ljava/lang/Object;)Ljava/lang/Object; @ 76 c2
Event: 13.801 Thread 0x0000021ab1e7fd40 DEOPT PACKING pc=0x0000021a8feeabc4 sp=0x000000377f6fbc90
Event: 13.801 Thread 0x0000021ab1e7fd40 DEOPT UNPACKING pc=0x0000021a8f9146a2 sp=0x000000377f6fbc08 mode 2
Event: 14.431 Thread 0x0000021ab1e7fd40 Uncommon trap: trap_request=0xffffff45 fr.pc=0x0000021a8ff827e0 relative=0x0000000000000e20
Event: 14.431 Thread 0x0000021ab1e7fd40 Uncommon trap: reason=unstable_if action=reinterpret pc=0x0000021a8ff827e0 method=java.lang.invoke.LambdaForm$Name.replaceNames([Ljava/lang/invoke/LambdaForm$Name;[Ljava/lang/invoke/LambdaForm$Name;II)Ljava/lang/invoke/LambdaForm$Name; @ 3 c2
Event: 14.431 Thread 0x0000021ab1e7fd40 DEOPT PACKING pc=0x0000021a8ff827e0 sp=0x000000377f6fd280
Event: 14.431 Thread 0x0000021ab1e7fd40 DEOPT UNPACKING pc=0x0000021a8f9146a2 sp=0x000000377f6fd248 mode 2
Event: 14.924 Thread 0x0000021ab1e7fd40 Uncommon trap: trap_request=0xffffffde fr.pc=0x0000021a8ff2fbe4 relative=0x0000000000000304
Event: 14.924 Thread 0x0000021ab1e7fd40 Uncommon trap: reason=class_check action=maybe_recompile pc=0x0000021a8ff2fbe4 method=java.util.regex.Pattern$BmpCharPropertyGreedy.match(Ljava/util/regex/Matcher;ILjava/lang/CharSequence;)Z @ 26 c2
Event: 14.924 Thread 0x0000021ab1e7fd40 DEOPT PACKING pc=0x0000021a8ff2fbe4 sp=0x000000377f6fc100
Event: 14.924 Thread 0x0000021ab1e7fd40 DEOPT UNPACKING pc=0x0000021a8f9146a2 sp=0x000000377f6fc0b8 mode 2
Event: 14.924 Thread 0x0000021ab1e7fd40 Uncommon trap: trap_request=0xffffffde fr.pc=0x0000021a8ff2fbe4 relative=0x0000000000000304
Event: 14.924 Thread 0x0000021ab1e7fd40 Uncommon trap: reason=class_check action=maybe_recompile pc=0x0000021a8ff2fbe4 method=java.util.regex.Pattern$BmpCharPropertyGreedy.match(Ljava/util/regex/Matcher;ILjava/lang/CharSequence;)Z @ 26 c2
Event: 14.924 Thread 0x0000021ab1e7fd40 DEOPT PACKING pc=0x0000021a8ff2fbe4 sp=0x000000377f6fc070
Event: 14.924 Thread 0x0000021ab1e7fd40 DEOPT UNPACKING pc=0x0000021a8f9146a2 sp=0x000000377f6fc028 mode 2
Event: 15.117 Thread 0x0000021ab1e7fd40 Uncommon trap: trap_request=0xffffff45 fr.pc=0x0000021a8fe80570 relative=0x00000000000001b0
Event: 15.117 Thread 0x0000021ab1e7fd40 Uncommon trap: reason=unstable_if action=reinterpret pc=0x0000021a8fe80570 method=java.util.regex.Matcher.reset()Ljava/util/regex/Matcher; @ 47 c2
Event: 15.117 Thread 0x0000021ab1e7fd40 DEOPT PACKING pc=0x0000021a8fe80570 sp=0x000000377f6faa00
Event: 15.117 Thread 0x0000021ab1e7fd40 DEOPT UNPACKING pc=0x0000021a8f9146a2 sp=0x000000377f6fa990 mode 2

Classes loaded (20 events):
Event: 14.183 Loading class sun/reflect/generics/scope/ConstructorScope
Event: 14.184 Loading class sun/reflect/generics/scope/ConstructorScope done
Event: 14.868 Loading class java/nio/file/attribute/PosixFilePermission
Event: 14.869 Loading class java/nio/file/attribute/PosixFilePermission done
Event: 14.869 Loading class java/nio/file/NoSuchFileException
Event: 14.870 Loading class java/nio/file/FileSystemException
Event: 14.870 Loading class java/nio/file/FileSystemException done
Event: 14.870 Loading class java/nio/file/NoSuchFileException done
Event: 14.874 Loading class java/nio/file/attribute/PosixFilePermissions
Event: 14.874 Loading class java/nio/file/attribute/PosixFilePermissions done
Event: 14.875 Loading class java/nio/file/attribute/PosixFilePermissions$1
Event: 14.875 Loading class java/nio/file/attribute/PosixFilePermissions$1 done
Event: 15.009 Loading class java/util/concurrent/ArrayBlockingQueue
Event: 15.011 Loading class java/util/concurrent/ArrayBlockingQueue done
Event: 15.011 Loading class java/util/concurrent/locks/ReentrantLock$FairSync
Event: 15.011 Loading class java/util/concurrent/locks/ReentrantLock$FairSync done
Event: 15.032 Loading class sun/misc/Unsafe
Event: 15.033 Loading class sun/misc/Unsafe done
Event: 15.058 Loading class sun/nio/ch/DatagramChannelImpl$DatagramPackets
Event: 15.058 Loading class sun/nio/ch/DatagramChannelImpl$DatagramPackets done

Classes unloaded (0 events):
No events

Classes redefined (0 events):
No events

Internal exceptions (20 events):
Event: 12.758 Thread 0x0000021a975bd410 Exception <a 'java/lang/NoSuchMethodError'{0x00000000eeeef578}: 'long java.lang.invoke.Invokers$Holder.invokeExact_MT(java.lang.Object, java.lang.Object)'> (0x00000000eeeef578) 
thrown [s\open\src\hotspot\share\interpreter\linkResolver.cpp, line 773]
Event: 12.776 Thread 0x0000021a975bd410 Exception <a 'java/lang/NoSuchMethodError'{0x00000000eed15e68}: 'void java.lang.invoke.DirectMethodHandle$Holder.invokeSpecial(java.lang.Object, java.lang.Object, java.lang.Object)'> (0x00000000eed15e68) 
thrown [s\open\src\hotspot\share\interpreter\linkResolver.cpp, line 773]
Event: 12.855 Thread 0x0000021a975bd410 Exception <a 'java/lang/NoSuchMethodError'{0x00000000eed41868}: static Lorg/gradle/tooling/internal/provider/serialization/ClassLoaderDetails;.<clinit>()V> (0x00000000eed41868) 
thrown [s\open\src\hotspot\share\prims\jni.cpp, line 1106]
Event: 12.914 Thread 0x0000021a975bd410 Exception <a 'java/lang/NoSuchMethodError'{0x00000000eed5b9d8}: static Lorg/gradle/internal/classloader/ClassLoaderSpec;.<clinit>()V> (0x00000000eed5b9d8) 
thrown [s\open\src\hotspot\share\prims\jni.cpp, line 1106]
Event: 12.915 Thread 0x0000021a975bd410 Exception <a 'java/lang/NoSuchMethodError'{0x00000000eed65460}: static Lorg/gradle/tooling/internal/provider/serialization/WellKnownClassLoaderRegistry$KnownClassLoaderSpec;.<clinit>()V> (0x00000000eed65460) 
thrown [s\open\src\hotspot\share\prims\jni.cpp, line 1106]
Event: 12.919 Thread 0x0000021a975bd410 Exception <a 'java/lang/NoSuchMethodError'{0x00000000eed7bb10}: static Lorg/gradle/tooling/internal/provider/serialization/ClientOwnedClassLoaderSpec;.<clinit>()V> (0x00000000eed7bb10) 
thrown [s\open\src\hotspot\share\prims\jni.cpp, line 1106]
Event: 13.331 Thread 0x0000021ab1e7fd40 Exception <a 'java/lang/NoSuchMethodError'{0x00000000ee9414e0}: 'long java.lang.invoke.DirectMethodHandle$Holder.invokeInterface(java.lang.Object, java.lang.Object)'> (0x00000000ee9414e0) 
thrown [s\open\src\hotspot\share\interpreter\linkResolver.cpp, line 773]
Event: 13.619 Thread 0x0000021ab1e7fd40 Exception <a 'java/lang/NoSuchMethodError'{0x00000000ee586b28}: 'void java.lang.invoke.DirectMethodHandle$Holder.invokeStatic(java.lang.Object, java.lang.Object)'> (0x00000000ee586b28) 
thrown [s\open\src\hotspot\share\interpreter\linkResolver.cpp, line 773]
Event: 13.656 Thread 0x0000021ab1e7fd40 Exception <a 'java/lang/NoSuchMethodError'{0x00000000ee5c4df0}: 'java.lang.Object java.lang.invoke.DirectMethodHandle$Holder.invokeVirtual(java.lang.Object, java.lang.Object, java.lang.Object, java.lang.Object, java.lang.Object, java.lang.Object, java.lang.Object, java.lang.Object, java.lang.Object, java.lang.Object, java.lang.Object, java.lang.Object)'> (0x00000000ee5c4df0) 
thrown [s\open\src\hotspot\share\interpreter\linkResolver.cpp, line 773]
Event: 13.661 Thread 0x0000021ab1e7fd40 Exception <a 'java/lang/NoSuchMethodError'{0x00000000ee5c9d68}: 'java.lang.Object java.lang.invoke.DirectMethodHandle$Holder.invokeSpecial(java.lang.Object, java.lang.Object, java.lang.Object, java.lang.Object, java.lang.Object, java.lang.Object, java.lang.Object, java.lang.Object, java.lang.Object, java.lang.Object, java.lang.Object, java.lang.Object, java.lang.Object)'> (0x00000000ee5c9d68) 
thrown [s\open\src\hotspot\share\interpreter\linkResolver.cpp, line 773]
Event: 13.809 Thread 0x0000021ab1e7fd40 Exception <a 'java/lang/NoSuchMethodError'{0x00000000ee3b2478}: 'int java.lang.invoke.DirectMethodHandle$Holder.invokeVirtual(java.lang.Object, java.lang.Object, java.lang.Object)'> (0x00000000ee3b2478) 
thrown [s\open\src\hotspot\share\interpreter\linkResolver.cpp, line 773]
Event: 13.972 Thread 0x0000021ab1e7fd40 Exception <a 'java/lang/NoSuchMethodError'{0x00000000ee00c7d8}: 'java.lang.Object java.lang.invoke.DirectMethodHandle$Holder.newInvokeSpecial(java.lang.Object, java.lang.Object, java.lang.Object, java.lang.Object, java.lang.Object, java.lang.Object)'> (0x00000000ee00c7d8) 
thrown [s\open\src\hotspot\share\interpreter\linkResolver.cpp, line 773]
Event: 13.987 Thread 0x0000021ab1e7fd40 Exception <a 'java/lang/NoSuchMethodError'{0x00000000ee02de80}: 'void java.lang.invoke.DirectMethodHandle$Holder.invokeStaticInit(java.lang.Object, java.lang.Object)'> (0x00000000ee02de80) 
thrown [s\open\src\hotspot\share\interpreter\linkResolver.cpp, line 773]
Event: 14.405 Thread 0x0000021ab1e7fd40 Exception <a 'java/lang/NoSuchMethodError'{0x00000000edebc048}: 'void java.lang.invoke.DelegatingMethodHandle$Holder.reinvoke_L(java.lang.Object, java.lang.Object, java.lang.Object, java.lang.Object, java.lang.Object, java.lang.Object, java.lang.Object, java.lang.Object, java.lang.Object, java.lang.Object)'> (0x00000000edebc048) 
thrown [s\open\src\hotspot\share\interpreter\linkResolver.cpp, line 773]
Event: 14.408 Thread 0x0000021ab1e7fd40 Exception <a 'java/lang/NoSuchMethodError'{0x00000000edec3a48}: 'java.lang.Object java.lang.invoke.Invokers$Holder.invoker(java.lang.Object, java.lang.Object, java.lang.Object, java.lang.Object, java.lang.Object, java.lang.Object, java.lang.Object, java.lang.Object, java.lang.Object, java.lang.Object)'> (0x00000000edec3a48) 
thrown [s\open\src\hotspot\share\interpreter\linkResolver.cpp, line 773]
Event: 14.760 Thread 0x0000021ab1e7fd40 Exception <a 'java/lang/NoSuchMethodError'{0x00000000eda88998}: 'void java.lang.invoke.DirectMethodHandle$Holder.invokeVirtual(java.lang.Object, java.lang.Object, java.lang.Object, java.lang.Object, java.lang.Object)'> (0x00000000eda88998) 
thrown [s\open\src\hotspot\share\interpreter\linkResolver.cpp, line 773]
Event: 14.903 Thread 0x0000021ab1e7fd40 Exception <a 'java/lang/NoSuchMethodError'{0x00000000ed82d6f0}: 'void java.lang.invoke.DirectMethodHandle$Holder.invokeInterface(java.lang.Object, java.lang.Object)'> (0x00000000ed82d6f0) 
thrown [s\open\src\hotspot\share\interpreter\linkResolver.cpp, line 773]
Event: 14.905 Thread 0x0000021ab1e7fd40 Exception <a 'java/lang/IncompatibleClassChangeError'{0x00000000ed830c50}: Found class java.lang.Object, but interface was expected> (0x00000000ed830c50) 
thrown [s\open\src\hotspot\share\interpreter\linkResolver.cpp, line 840]
Event: 15.022 Thread 0x0000021ab1e7fd40 Exception <a 'java/lang/NoSuchMethodError'{0x00000000ed7525f8}: 'java.lang.Object java.lang.invoke.DirectMethodHandle$Holder.newInvokeSpecial(java.lang.Object, java.lang.Object, int)'> (0x00000000ed7525f8) 
thrown [s\open\src\hotspot\share\interpreter\linkResolver.cpp, line 773]
Event: 15.093 Thread 0x0000021ab1e7fd40 Exception <a 'java/lang/NoSuchMethodError'{0x00000000ed650008}: 'java.lang.Object java.lang.invoke.DirectMethodHandle$Holder.invokeVirtual(java.lang.Object, java.lang.Object, java.lang.Object, java.lang.Object, java.lang.Object, java.lang.Object, java.lang.Object, java.lang.Object)'> (0x00000000ed650008) 
thrown [s\open\src\hotspot\share\interpreter\linkResolver.cpp, line 773]

ZGC Phase Switch (0 events):
No events

VM Operations (20 events):
Event: 9.368 Executing VM operation: HandshakeAllThreads (Deoptimize)
Event: 9.368 Executing VM operation: HandshakeAllThreads (Deoptimize) done
Event: 9.508 Executing VM operation: HandshakeAllThreads (Deoptimize)
Event: 9.508 Executing VM operation: HandshakeAllThreads (Deoptimize) done
Event: 10.142 Executing VM operation: HandshakeAllThreads (Deoptimize)
Event: 10.142 Executing VM operation: HandshakeAllThreads (Deoptimize) done
Event: 10.142 Executing VM operation: Cleanup
Event: 10.142 Executing VM operation: Cleanup done
Event: 11.146 Executing VM operation: Cleanup
Event: 11.146 Executing VM operation: Cleanup done
Event: 11.712 Executing VM operation: HandshakeAllThreads (Deoptimize)
Event: 11.712 Executing VM operation: HandshakeAllThreads (Deoptimize) done
Event: 12.726 Executing VM operation: Cleanup
Event: 12.726 Executing VM operation: Cleanup done
Event: 13.736 Executing VM operation: Cleanup
Event: 13.736 Executing VM operation: Cleanup done
Event: 14.751 Executing VM operation: Cleanup
Event: 14.760 Executing VM operation: Cleanup done
Event: 15.012 Executing VM operation: HandshakeAllThreads (Deoptimize)
Event: 15.012 Executing VM operation: HandshakeAllThreads (Deoptimize) done

Events (20 events):
Event: 0.239 Thread 0x0000021a975bacb0 Thread added: 0x0000021a975bacb0
Event: 0.403 Thread 0x0000021a975bb340 Thread added: 0x0000021a975bb340
Event: 1.532 Thread 0x0000021a977d69a0 Thread added: 0x0000021a977d69a0
Event: 1.919 Thread 0x0000021a977d69a0 Thread exited: 0x0000021a977d69a0
Event: 2.433 Thread 0x0000021ab12aad10 Thread added: 0x0000021ab12aad10
Event: 2.654 Thread 0x0000021ab12aad10 Thread exited: 0x0000021ab12aad10
Event: 8.912 Thread 0x0000021a975ba620 Thread added: 0x0000021a975ba620
Event: 9.933 Thread 0x0000021a975bdaa0 Thread added: 0x0000021a975bdaa0
Event: 11.027 Thread 0x0000021a975bb9d0 Thread added: 0x0000021a975bb9d0
Event: 11.948 Thread 0x0000021a975bcd80 Thread added: 0x0000021a975bcd80
Event: 11.953 Thread 0x0000021a975bd410 Thread added: 0x0000021a975bd410
Event: 12.956 Thread 0x0000021ab1e80a60 Thread added: 0x0000021ab1e80a60
Event: 13.173 Thread 0x0000021ab1e7fd40 Thread added: 0x0000021ab1e7fd40
Event: 13.201 Thread 0x0000021ab1e83850 Thread added: 0x0000021ab1e83850
Event: 13.205 Thread 0x0000021ab1e7f6b0 Thread added: 0x0000021ab1e7f6b0
Event: 13.207 Thread 0x0000021ab1e831c0 Thread added: 0x0000021ab1e831c0
Event: 15.014 Thread 0x0000021ab1e803d0 Thread added: 0x0000021ab1e803d0
Event: 15.057 Thread 0x0000021ab1e7f020 Thread added: 0x0000021ab1e7f020
Event: 15.110 Thread 0x0000021ab1e824a0 Thread added: 0x0000021ab1e824a0
Event: 15.150 Thread 0x0000021ab1e7e990 Thread added: 0x0000021ab1e7e990


Dynamic libraries:
0x00007ff74c260000 - 0x00007ff74c26e000 	C:\Users\kirte\.jdks\openjdk-21.0.2\bin\java.exe
0x00007ffcdcb50000 - 0x00007ffcdcd67000 	C:\Windows\SYSTEM32\ntdll.dll
0x00007ffcdb2a0000 - 0x00007ffcdb364000 	C:\Windows\System32\KERNEL32.DLL
0x00007ffcda040000 - 0x00007ffcda413000 	C:\Windows\System32\KERNELBASE.dll
0x00007ffcda500000 - 0x00007ffcda611000 	C:\Windows\System32\ucrtbase.dll
0x00007ffccee50000 - 0x00007ffccee68000 	C:\Users\kirte\.jdks\openjdk-21.0.2\bin\jli.dll
0x00007ffcc5590000 - 0x00007ffcc55ab000 	C:\Users\kirte\.jdks\openjdk-21.0.2\bin\VCRUNTIME140.dll
0x00007ffcdbe40000 - 0x00007ffcdbff1000 	C:\Windows\System32\USER32.dll
0x00007ffcc9950000 - 0x00007ffcc9be8000 	C:\Windows\WinSxS\amd64_microsoft.windows.common-controls_6595b64144ccf1df_6.0.22621.5124_none_270e8f4f7386d69d\COMCTL32.dll
0x00007ffcda450000 - 0x00007ffcda476000 	C:\Windows\System32\win32u.dll
0x00007ffcdad70000 - 0x00007ffcdae17000 	C:\Windows\System32\msvcrt.dll
0x00007ffcdad40000 - 0x00007ffcdad69000 	C:\Windows\System32\GDI32.dll
0x00007ffcda6e0000 - 0x00007ffcda7fb000 	C:\Windows\System32\gdi32full.dll
0x00007ffcd9fa0000 - 0x00007ffcda03a000 	C:\Windows\System32\msvcp_win.dll
0x00007ffcdc960000 - 0x00007ffcdc991000 	C:\Windows\System32\IMM32.DLL
0x00007ffcd5e90000 - 0x00007ffcd5e9c000 	C:\Users\kirte\.jdks\openjdk-21.0.2\bin\vcruntime140_1.dll
0x00007ffc87600000 - 0x00007ffc8768e000 	C:\Users\kirte\.jdks\openjdk-21.0.2\bin\msvcp140.dll
0x00007ffc65970000 - 0x00007ffc66687000 	C:\Users\kirte\.jdks\openjdk-21.0.2\bin\server\jvm.dll
0x00007ffcdca50000 - 0x00007ffcdcb01000 	C:\Windows\System32\ADVAPI32.dll
0x00007ffcdc000000 - 0x00007ffcdc0a8000 	C:\Windows\System32\sechost.dll
0x00007ffcda420000 - 0x00007ffcda448000 	C:\Windows\System32\bcrypt.dll
0x00007ffcdc1e0000 - 0x00007ffcdc2f4000 	C:\Windows\System32\RPCRT4.dll
0x00007ffcdc850000 - 0x00007ffcdc8c1000 	C:\Windows\System32\WS2_32.dll
0x00007ffcd8ac0000 - 0x00007ffcd8b0d000 	C:\Windows\SYSTEM32\POWRPROF.dll
0x00007ffcd4880000 - 0x00007ffcd48b4000 	C:\Windows\SYSTEM32\WINMM.dll
0x00007ffcd1de0000 - 0x00007ffcd1dea000 	C:\Windows\SYSTEM32\VERSION.dll
0x00007ffcd8aa0000 - 0x00007ffcd8ab3000 	C:\Windows\SYSTEM32\UMPDC.dll
0x00007ffcd8d50000 - 0x00007ffcd8d68000 	C:\Windows\SYSTEM32\kernel.appcore.dll
0x00007ffcd5810000 - 0x00007ffcd581a000 	C:\Users\kirte\.jdks\openjdk-21.0.2\bin\jimage.dll
0x00007ffcc3910000 - 0x00007ffcc3b42000 	C:\Windows\SYSTEM32\DBGHELP.DLL
0x00007ffcda830000 - 0x00007ffcdabc2000 	C:\Windows\System32\combase.dll
0x00007ffcdc300000 - 0x00007ffcdc3d7000 	C:\Windows\System32\OLEAUT32.dll
0x00007ffcc27d0000 - 0x00007ffcc2802000 	C:\Windows\SYSTEM32\dbgcore.DLL
0x00007ffcda480000 - 0x00007ffcda4fb000 	C:\Windows\System32\bcryptPrimitives.dll
0x00007ffcd3590000 - 0x00007ffcd359f000 	C:\Users\kirte\.jdks\openjdk-21.0.2\bin\instrument.dll
0x00007ffcc5570000 - 0x00007ffcc558f000 	C:\Users\kirte\.jdks\openjdk-21.0.2\bin\java.dll
0x00007ffcdb490000 - 0x00007ffcdbd26000 	C:\Windows\System32\SHELL32.dll
0x00007ffcd9c70000 - 0x00007ffcd9daf000 	C:\Windows\System32\wintypes.dll
0x00007ffcd7b60000 - 0x00007ffcd847a000 	C:\Windows\SYSTEM32\windows.storage.dll
0x00007ffcdbd30000 - 0x00007ffcdbe3a000 	C:\Windows\System32\SHCORE.dll
0x00007ffcdc0b0000 - 0x00007ffcdc113000 	C:\Windows\System32\shlwapi.dll
0x00007ffcd9ba0000 - 0x00007ffcd9bcb000 	C:\Windows\SYSTEM32\profapi.dll
0x00007ffc867c0000 - 0x00007ffc86897000 	C:\Users\kirte\.jdks\openjdk-21.0.2\bin\jsvml.dll
0x00007ffcb49a0000 - 0x00007ffcb49b8000 	C:\Users\kirte\.jdks\openjdk-21.0.2\bin\zip.dll
0x00007ffcd3460000 - 0x00007ffcd3470000 	C:\Users\kirte\.jdks\openjdk-21.0.2\bin\net.dll
0x00007ffcd4700000 - 0x00007ffcd482c000 	C:\Windows\SYSTEM32\WINHTTP.dll
0x00007ffcd91d0000 - 0x00007ffcd923a000 	C:\Windows\system32\mswsock.dll
0x00007ffcb37a0000 - 0x00007ffcb37b6000 	C:\Users\kirte\.jdks\openjdk-21.0.2\bin\nio.dll
0x00007ffccd4b0000 - 0x00007ffccd4c0000 	C:\Users\kirte\.jdks\openjdk-21.0.2\bin\verify.dll
0x00007ffcc9180000 - 0x00007ffcc91a7000 	C:\Users\kirte\.gradle\native\c067742578af261105cb4f569cf0c3c89f3d7b1fecec35dd04571415982c5e48\windows-amd64\native-platform.dll
0x00007ffc7c0c0000 - 0x00007ffc7c204000 	C:\Users\kirte\.gradle\native\100fb08df4bc3b14c8652ba06237920a3bd2aa13389f12d3474272988ae205f9\windows-amd64\native-platform-file-events.dll
0x00007ffccd420000 - 0x00007ffccd42a000 	C:\Users\kirte\.jdks\openjdk-21.0.2\bin\management.dll
0x00007ffcc92e0000 - 0x00007ffcc92eb000 	C:\Users\kirte\.jdks\openjdk-21.0.2\bin\management_ext.dll
0x00007ffcdabd0000 - 0x00007ffcdabd8000 	C:\Windows\System32\PSAPI.DLL
0x00007ffcd9470000 - 0x00007ffcd948b000 	C:\Windows\SYSTEM32\CRYPTSP.dll
0x00007ffcd8cb0000 - 0x00007ffcd8ce7000 	C:\Windows\system32\rsaenh.dll
0x00007ffcd92e0000 - 0x00007ffcd9308000 	C:\Windows\SYSTEM32\USERENV.dll
0x00007ffcd9460000 - 0x00007ffcd946c000 	C:\Windows\SYSTEM32\CRYPTBASE.dll
0x00007ffcd8750000 - 0x00007ffcd877d000 	C:\Windows\SYSTEM32\IPHLPAPI.DLL
0x00007ffcdc120000 - 0x00007ffcdc129000 	C:\Windows\System32\NSI.dll
0x00007ffcc85d0000 - 0x00007ffcc85d9000 	C:\Users\kirte\.jdks\openjdk-21.0.2\bin\extnet.dll
0x00007ffcc5560000 - 0x00007ffcc556e000 	C:\Users\kirte\.jdks\openjdk-21.0.2\bin\sunmscapi.dll
0x00007ffcd9db0000 - 0x00007ffcd9f16000 	C:\Windows\System32\CRYPT32.dll
0x00007ffcd9620000 - 0x00007ffcd964d000 	C:\Windows\SYSTEM32\ncrypt.dll
0x00007ffcd95e0000 - 0x00007ffcd9617000 	C:\Windows\SYSTEM32\NTASN1.dll
0x00007ffcb1f90000 - 0x00007ffcb1f98000 	C:\Windows\system32\wshunix.dll

dbghelp: loaded successfully - version: 4.0.5 - missing functions: none
symbol engine: initialized successfully - sym options: 0x614 - pdb path: .;C:\Users\kirte\.jdks\openjdk-21.0.2\bin;C:\Windows\SYSTEM32;C:\Windows\WinSxS\amd64_microsoft.windows.common-controls_6595b64144ccf1df_6.0.22621.5124_none_270e8f4f7386d69d;C:\Users\kirte\.jdks\openjdk-21.0.2\bin\server;C:\Users\kirte\.gradle\native\c067742578af261105cb4f569cf0c3c89f3d7b1fecec35dd04571415982c5e48\windows-amd64;C:\Users\kirte\.gradle\native\100fb08df4bc3b14c8652ba06237920a3bd2aa13389f12d3474272988ae205f9\windows-amd64

VM Arguments:
jvm_args: --add-exports=jdk.compiler/com.sun.tools.javac.util=ALL-UNNAMED --add-opens=java.base/java.util.concurrent.atomic=ALL-UNNAMED -XX:MaxMetaspaceSize=384m -XX:+HeapDumpOnOutOfMemoryError --add-opens=java.base/java.util=ALL-UNNAMED --add-opens=java.base/java.lang=ALL-UNNAMED --add-opens=java.base/java.lang.invoke=ALL-UNNAMED --add-opens=java.prefs/java.util.prefs=ALL-UNNAMED --add-exports=jdk.compiler/com.sun.tools.javac.api=ALL-UNNAMED --add-exports=jdk.compiler/com.sun.tools.javac.util=ALL-UNNAMED --add-opens=java.base/java.nio.charset=ALL-UNNAMED --add-opens=java.base/java.net=ALL-UNNAMED --add-opens=java.base/java.util.concurrent.atomic=ALL-UNNAMED -Xms256m -Xmx512m -Dfile.encoding=windows-1252 -Duser.country=IN -Duser.language=en -Duser.variant -javaagent:C:\Users\kirte\.gradle\wrapper\dists\gradle-8.10.1-bin\e90i968nv55tch01zkse4avv3\gradle-8.10.1\lib\agents\gradle-instrumentation-agent-8.10.1.jar 
java_command: org.gradle.launcher.daemon.bootstrap.GradleDaemon 8.10.1
java_class_path (initial): C:\Users\kirte\.gradle\wrapper\dists\gradle-8.10.1-bin\e90i968nv55tch01zkse4avv3\gradle-8.10.1\lib\gradle-daemon-main-8.10.1.jar
Launcher Type: SUN_STANDARD

[Global flags]
     intx CICompilerCount                          = 4                                         {product} {ergonomic}
   size_t CompressedClassSpaceSize                 = 335544320                                 {product} {ergonomic}
     uint ConcGCThreads                            = 3                                         {product} {ergonomic}
     uint G1ConcRefinementThreads                  = 10                                        {product} {ergonomic}
   size_t G1HeapRegionSize                         = 1048576                                   {product} {ergonomic}
    uintx GCDrainStackTargetSize                   = 64                                        {product} {ergonomic}
     bool HeapDumpOnOutOfMemoryError               = true                                   {manageable} {command line}
   size_t InitialHeapSize                          = 268435456                                 {product} {command line}
   size_t MarkStackSize                            = 4194304                                   {product} {ergonomic}
   size_t MaxHeapSize                              = 536870912                                 {product} {command line}
   size_t MaxMetaspaceSize                         = 402653184                                 {product} {command line}
   size_t MaxNewSize                               = 321912832                                 {product} {ergonomic}
   size_t MinHeapDeltaBytes                        = 1048576                                   {product} {ergonomic}
   size_t MinHeapSize                              = 268435456                                 {product} {command line}
    uintx NonNMethodCodeHeapSize                   = 5839372                                {pd product} {ergonomic}
    uintx NonProfiledCodeHeapSize                  = 122909434                              {pd product} {ergonomic}
    uintx ProfiledCodeHeapSize                     = 122909434                              {pd product} {ergonomic}
    uintx ReservedCodeCacheSize                    = 251658240                              {pd product} {ergonomic}
     bool SegmentedCodeCache                       = true                                      {product} {ergonomic}
   size_t SoftMaxHeapSize                          = 536870912                              {manageable} {ergonomic}
     bool UseCompressedOops                        = true                           {product lp64_product} {ergonomic}
     bool UseG1GC                                  = true                                      {product} {ergonomic}
     bool UseLargePagesIndividualAllocation        = false                                  {pd product} {ergonomic}

Logging:
Log output configuration:
 #0: stdout all=warning uptime,level,tags foldmultilines=false
 #1: stderr all=off uptime,level,tags foldmultilines=false

Environment Variables:
PATH=c:\Users\kirte\AppData\Local\Programs\cursor\resources\app\bin;C:\Windows\system32;C:\Windows;C:\Windows\System32\Wbem;C:\Windows\System32\WindowsPowerShell\v1.0\;C:\Windows\System32\OpenSSH\;C:\Program Files\nodejs\;C:\Program Files\Git\cmd;C:\Program Files\Docker\Docker\resources\bin;C:\Users\kirte\AppData\Local\Programs\Python\Launcher\;C:\Users\kirte\AppData\Local\Microsoft\WindowsApps;C:\Users\kirte\AppData\Local\JetBrains\Toolbox\scripts;C:\Users\kirte\AppData\Roaming\npm;C:\Program Files\JetBrains\IntelliJ IDEA 2023.3.4\bin;C:\Users\kirte\.jdks\openjdk-21.0.2\bin;;C:\Users\kirte\AppData\Local\Google\Cloud SDK\google-cloud-sdk\bin;C:\Users\kirte\.jdks\openjdk-21.0.2\bin;C:\Users\kirte\.jdks\openjdk-22\bin;;C:\Users\kirte\AppData\Local\Programs\oh-my-posh\bin;c:\Users\kirte\AppData\Local\Programs\cursor\resources\app\bin;C:\Users\kirte\AppData\Local\Programs\Python\Launcher\;C:\Users\kirte\AppData\Local\Microsoft\WindowsApps;C:\Users\kirte\AppData\Local\JetBrains\Toolbox\scripts;C:\Users\kirte\AppData\Roaming\npm;C:\Program Files\JetBrains\IntelliJ IDEA 2023.3.4\bin;C:\Users\kirte\.jdks\openjdk-21.0.2\bin;;C:\Users\kirte\AppData\Local\Google\Cloud SDK\google-cloud-sdk\bin;C:\Users\kirte\.jdks\openjdk-21.0.2\bin;C:\Users\kirte\.jdks\openjdk-22\bin;;C:\Users\kirte\AppData\Local\Programs\oh-my-posh\bin
USERNAME=kirte
OS=Windows_NT
PROCESSOR_IDENTIFIER=AMD64 Family 23 Model 96 Stepping 1, AuthenticAMD
TMP=C:\Users\kirte\AppData\Local\Temp
TEMP=C:\Users\kirte\AppData\Local\Temp




Periodic native trim disabled

---------------  S Y S T E M  ---------------

OS:
 Windows 11 , 64 bit Build 22621 (10.0.22621.5124)
OS uptime: 4 days 23:01 hours
Hyper-V role detected

CPU: total 12 (initial active 12) (12 cores per cpu, 2 threads per core) family 23 model 96 stepping 1 microcode 0x0, cx8, cmov, fxsr, ht, mmx, 3dnowpref, sse, sse2, sse3, ssse3, sse4a, sse4.1, sse4.2, popcnt, lzcnt, tsc, tscinvbit, avx, avx2, aes, clmul, bmi1, bmi2, adx, sha, fma, vzeroupper, clflush, clflushopt, hv, rdtscp, rdpid, f16c
Processor Information for all 12 processors :
  Max Mhz: 3000, Current Mhz: 3000, Mhz Limit: 3000

Memory: 4k page, system-wide physical 7549M (63M free)
TotalPageFile size 31101M (AvailPageFile size 23M)
current process WorkingSet (physical memory assigned to process): 162M, peak: 162M
current process commit charge ("private bytes"): 403M, peak: 405M

vm_info: OpenJDK 64-Bit Server VM (21.0.2+13-58) for windows-amd64 JRE (21.0.2+13-58), built on 2024-01-05T18:32:24Z by "mach5one" with MS VC++ 17.1 (VS2022)

END.
